This file contains any messages produced by compilers while
running configure, to aid debugging if configure makes a mistake.

It was created by configure, which was
generated by GNU Autoconf 2.69.  Invocation command line was

  $ ./configure --disable-option-checking --prefix=/usr/local --cache-file=/dev/null --srcdir=.

## --------- ##
## Platform. ##
## --------- ##

hostname = ip-172-31-12-113.ap-northeast-2.compute.internal
uname -m = x86_64
uname -r = 4.18.0-193.el8.x86_64
uname -s = Linux
uname -v = #1 SMP Fri Mar 27 14:35:58 UTC 2020

/usr/bin/uname -p = x86_64
/bin/uname -X     = unknown

/bin/arch              = x86_64
/usr/bin/arch -k       = unknown
/usr/convex/getsysinfo = unknown
/usr/bin/hostinfo      = unknown
/bin/machine           = unknown
/usr/bin/oslevel       = unknown
/bin/universe          = unknown

PATH: /root/.vscode-server/bin/58bb7b2331731bf72587010e943852e13e6fd3cf/bin
PATH: /root/.vscode-server/bin/58bb7b2331731bf72587010e943852e13e6fd3cf/bin
PATH: /usr/local/sbin
PATH: /usr/local/bin
PATH: /usr/sbin
PATH: /usr/bin
PATH: /usr/local/berkeleydb/bin
PATH: /usr/local/openldap/bin
PATH: /usr/local/openldap/sbin
PATH: /usr/local/berkeleydb/bin
PATH: /usr/local/openldap/bin
PATH: /usr/local/openldap/sbin
PATH: /root/bin
PATH: /usr/local/berkeleydb/bin
PATH: /usr/local/openldap/bin
PATH: /usr/local/openldap/sbin


## ----------- ##
## Core tests. ##
## ----------- ##

configure:1908: checking for gcc
configure:1924: found /usr/bin/gcc
configure:1935: result: gcc
configure:2164: checking for C compiler version
configure:2173: gcc --version >&5
gcc (GCC) 8.3.1 20191121 (Red Hat 8.3.1-5)
Copyright (C) 2018 Free Software Foundation, Inc.
This is free software; see the source for copying conditions.  There is NO
warranty; not even for MERCHANTABILITY or FITNESS FOR A PARTICULAR PURPOSE.

configure:2184: $? = 0
configure:2173: gcc -v >&5
Using built-in specs.
COLLECT_GCC=gcc
COLLECT_LTO_WRAPPER=/usr/libexec/gcc/x86_64-redhat-linux/8/lto-wrapper
OFFLOAD_TARGET_NAMES=nvptx-none
OFFLOAD_TARGET_DEFAULT=1
Target: x86_64-redhat-linux
Configured with: ../configure --enable-bootstrap --enable-languages=c,c++,fortran,lto --prefix=/usr --mandir=/usr/share/man --infodir=/usr/share/info --with-bugurl=http://bugzilla.redhat.com/bugzilla --enable-shared --enable-threads=posix --enable-checking=release --enable-multilib --with-system-zlib --enable-__cxa_atexit --disable-libunwind-exceptions --enable-gnu-unique-object --enable-linker-build-id --with-gcc-major-version-only --with-linker-hash-style=gnu --enable-plugin --enable-initfini-array --with-isl --disable-libmpx --enable-offload-targets=nvptx-none --without-cuda-driver --enable-gnu-indirect-function --enable-cet --with-tune=generic --with-arch_32=x86-64 --build=x86_64-redhat-linux
Thread model: posix
gcc version 8.3.1 20191121 (Red Hat 8.3.1-5) (GCC) 
configure:2184: $? = 0
configure:2173: gcc -V >&5
gcc: error: unrecognized command line option '-V'
gcc: fatal error: no input files
compilation terminated.
configure:2184: $? = 1
configure:2173: gcc -qversion >&5
gcc: error: unrecognized command line option '-qversion'; did you mean '--version'?
gcc: fatal error: no input files
compilation terminated.
configure:2184: $? = 1
configure:2204: checking whether the C compiler works
configure:2226: gcc    conftest.c  >&5
configure:2230: $? = 0
configure:2278: result: yes
configure:2281: checking for C compiler default output file name
configure:2283: result: a.out
configure:2289: checking for suffix of executables
configure:2296: gcc -o conftest    conftest.c  >&5
configure:2300: $? = 0
configure:2322: result: 
configure:2344: checking whether we are cross compiling
configure:2352: gcc -o conftest    conftest.c  >&5
configure:2356: $? = 0
configure:2363: ./conftest
configure:2367: $? = 0
configure:2382: result: no
configure:2387: checking for suffix of object files
configure:2409: gcc -c   conftest.c >&5
configure:2413: $? = 0
configure:2434: result: o
configure:2438: checking whether we are using the GNU C compiler
configure:2457: gcc -c   conftest.c >&5
configure:2457: $? = 0
configure:2466: result: yes
configure:2475: checking whether gcc accepts -g
configure:2495: gcc -c -g  conftest.c >&5
configure:2495: $? = 0
configure:2536: result: yes
configure:2553: checking for gcc option to accept ISO C89
configure:2616: gcc  -c -g -O2  conftest.c >&5
configure:2616: $? = 0
configure:2629: result: none needed
configure:2738: checking for ldap_init in -lldap
configure:2752: gcc -o conftest -g -O2   conftest.c -lldap  >&5
/usr/bin/ld: cannot find -lldap
collect2: error: ld returned 1 exit status
configure:2752: $? = 1
configure: failed program was:
| /* confdefs.h */
| #define PACKAGE_NAME ""
| #define PACKAGE_TARNAME ""
| #define PACKAGE_VERSION ""
| #define PACKAGE_STRING ""
| #define PACKAGE_BUGREPORT ""
| #define PACKAGE_URL ""
| /* end confdefs.h.  */
| extern char ldap_init();
| int
| main ()
| {
| ldap_init()
|   ;
|   return 0;
| }
configure:2759: result: no
configure:2824: checking for ldap_init in -lldap in /usr/local/lib
configure:2839: gcc -o conftest -g -O2 -L/usr/local/lib -Wl,-rpath,/usr/local/lib   conftest.c -lldap  >&5
/usr/bin/ld: cannot find -lldap
collect2: error: ld returned 1 exit status
configure:2839: $? = 1
configure: failed program was:
| /* confdefs.h */
| #define PACKAGE_NAME ""
| #define PACKAGE_TARNAME ""
| #define PACKAGE_VERSION ""
| #define PACKAGE_STRING ""
| #define PACKAGE_BUGREPORT ""
| #define PACKAGE_URL ""
| /* end confdefs.h.  */
| extern char ldap_init();
| int
| main ()
| {
| ldap_init()
|   ;
|   return 0;
| }
configure:2848: result: no
configure:2824: checking for ldap_init in -lldap in /opt/lib
configure:2839: gcc -o conftest -g -O2 -L/opt/lib -Wl,-rpath,/opt/lib   conftest.c -lldap  >&5
/usr/bin/ld: cannot find -lldap
collect2: error: ld returned 1 exit status
configure:2839: $? = 1
configure: failed program was:
| /* confdefs.h */
| #define PACKAGE_NAME ""
| #define PACKAGE_TARNAME ""
| #define PACKAGE_VERSION ""
| #define PACKAGE_STRING ""
| #define PACKAGE_BUGREPORT ""
| #define PACKAGE_URL ""
| /* end confdefs.h.  */
| extern char ldap_init();
| int
| main ()
| {
| ldap_init()
|   ;
|   return 0;
| }
configure:2848: result: no
configure:2962: checking for ldap.h
configure:2977: gcc -c -g -O2  conftest.c >&5
conftest.c:10:16: fatal error: ldap.h: No such file or directory
       #include <ldap.h>
                ^~~~~~~~
compilation terminated.
configure:2977: $? = 1
configure: failed program was:
| /* confdefs.h */
| #define PACKAGE_NAME ""
| #define PACKAGE_TARNAME ""
| #define PACKAGE_VERSION ""
| #define PACKAGE_STRING ""
| #define PACKAGE_BUGREPORT ""
| #define PACKAGE_URL ""
| /* end confdefs.h.  */
| 
| 		    #include <ldap.h>
| int
| main ()
| {
| int a = 1;
|   ;
|   return 0;
| }
configure:2987: result: no
configure:3054: checking for ldap.h in /usr/local/include/
configure:3069: gcc -c -g -O2 -isystem /usr/local/include/  conftest.c >&5
conftest.c:10:16: fatal error: ldap.h: No such file or directory
       #include <ldap.h>
                ^~~~~~~~
compilation terminated.
configure:3069: $? = 1
configure: failed program was:
| /* confdefs.h */
| #define PACKAGE_NAME ""
| #define PACKAGE_TARNAME ""
| #define PACKAGE_VERSION ""
| #define PACKAGE_STRING ""
| #define PACKAGE_BUGREPORT ""
| #define PACKAGE_URL ""
| /* end confdefs.h.  */
| 
| 		    #include <ldap.h>
| int
| main ()
| {
| int a = 1;
|   ;
|   return 0;
| }
configure:3079: result: no
configure:3054: checking for ldap.h in /opt/include/
configure:3069: gcc -c -g -O2 -isystem /opt/include/  conftest.c >&5
conftest.c:10:16: fatal error: ldap.h: No such file or directory
       #include <ldap.h>
                ^~~~~~~~
compilation terminated.
configure:3069: $? = 1
configure: failed program was:
| /* confdefs.h */
| #define PACKAGE_NAME ""
| #define PACKAGE_TARNAME ""
| #define PACKAGE_VERSION ""
| #define PACKAGE_STRING ""
| #define PACKAGE_BUGREPORT ""
| #define PACKAGE_URL ""
| /* end confdefs.h.  */
| 
| 		    #include <ldap.h>
| int
| main ()
| {
| int a = 1;
|   ;
|   return 0;
| }
configure:3079: result: no
configure:3248: checking for sasl/sasl.h
configure:3263: gcc -c -g -O2  conftest.c >&5
conftest.c:10:16: fatal error: sasl/sasl.h: No such file or directory
       #include <sasl/sasl.h>
                ^~~~~~~~~~~~~
compilation terminated.
configure:3263: $? = 1
configure: failed program was:
| /* confdefs.h */
| #define PACKAGE_NAME ""
| #define PACKAGE_TARNAME ""
| #define PACKAGE_VERSION ""
| #define PACKAGE_STRING ""
| #define PACKAGE_BUGREPORT ""
| #define PACKAGE_URL ""
| /* end confdefs.h.  */
| 
| 		    #include <sasl/sasl.h>
| int
| main ()
| {
| int a = 1;
|   ;
|   return 0;
| }
configure:3273: result: no
configure:3340: checking for sasl/sasl.h in /usr/local/include/
configure:3355: gcc -c -g -O2 -isystem /usr/local/include/  conftest.c >&5
conftest.c:10:16: fatal error: sasl/sasl.h: No such file or directory
       #include <sasl/sasl.h>
                ^~~~~~~~~~~~~
compilation terminated.
configure:3355: $? = 1
configure: failed program was:
| /* confdefs.h */
| #define PACKAGE_NAME ""
| #define PACKAGE_TARNAME ""
| #define PACKAGE_VERSION ""
| #define PACKAGE_STRING ""
| #define PACKAGE_BUGREPORT ""
| #define PACKAGE_URL ""
| /* end confdefs.h.  */
| 
| 		    #include <sasl/sasl.h>
| int
| main ()
| {
| int a = 1;
|   ;
|   return 0;
| }
configure:3365: result: no
configure:3340: checking for sasl/sasl.h in /opt/include/
configure:3355: gcc -c -g -O2 -isystem /opt/include/  conftest.c >&5
conftest.c:10:16: fatal error: sasl/sasl.h: No such file or directory
       #include <sasl/sasl.h>
                ^~~~~~~~~~~~~
compilation terminated.
configure:3355: $? = 1
configure: failed program was:
| /* confdefs.h */
| #define PACKAGE_NAME ""
| #define PACKAGE_TARNAME ""
| #define PACKAGE_VERSION ""
| #define PACKAGE_STRING ""
| #define PACKAGE_BUGREPORT ""
| #define PACKAGE_URL ""
| /* end confdefs.h.  */
| 
| 		    #include <sasl/sasl.h>
| int
| main ()
| {
| int a = 1;
|   ;
|   return 0;
| }
configure:3365: result: no
configure:3401: WARNING: silently not building rlm_ldap.
configure:3403: WARNING: FAILURE: rlm_ldap requires:  libldap ldap.h.
configure:3555: creating ./config.status

## ---------------------- ##
## Running config.status. ##
## ---------------------- ##

This file was extended by config.status, which was
generated by GNU Autoconf 2.69.  Invocation command line was

  CONFIG_FILES    = 
  CONFIG_HEADERS  = 
  CONFIG_LINKS    = 
  CONFIG_COMMANDS = 
  $ ./config.status 

on ip-172-31-12-113.ap-northeast-2.compute.internal

config.status:790: creating all.mk
config.status:790: creating config.h

## ---------------- ##
## Cache variables. ##
## ---------------- ##

ac_cv_c_compiler_gnu=yes
ac_cv_env_CC_set=
ac_cv_env_CC_value=
ac_cv_env_CFLAGS_set=
ac_cv_env_CFLAGS_value=
ac_cv_env_CPPFLAGS_set=
ac_cv_env_CPPFLAGS_value=
ac_cv_env_LDFLAGS_set=
ac_cv_env_LDFLAGS_value=
ac_cv_env_build_alias_set=
ac_cv_env_build_alias_value=
ac_cv_env_host_alias_set=
ac_cv_env_host_alias_value=
ac_cv_env_target_alias_set=
ac_cv_env_target_alias_value=
ac_cv_objext=o
ac_cv_prog_ac_ct_CC=gcc
ac_cv_prog_cc_c89=
ac_cv_prog_cc_g=yes

## ----------------- ##
## Output variables. ##
## ----------------- ##

CC='gcc'
CFLAGS='-g -O2'
CPPFLAGS=''
DEFS='-DHAVE_CONFIG_H'
ECHO_C=''
ECHO_N='-n'
ECHO_T=''
EXEEXT=''
LDFLAGS=''
LIBOBJS=''
LIBS=''
LTLIBOBJS=''
OBJEXT='o'
PACKAGE_BUGREPORT=''
PACKAGE_NAME=''
PACKAGE_STRING=''
PACKAGE_TARNAME=''
PACKAGE_URL=''
PACKAGE_VERSION=''
PATH_SEPARATOR=':'
SASL=''
SHELL='/bin/sh'
ac_ct_CC='gcc'
bindir='${exec_prefix}/bin'
build_alias=''
datadir='${datarootdir}'
datarootdir='${prefix}/share'
docdir='${datarootdir}/doc/${PACKAGE}'
dvidir='${docdir}'
exec_prefix='${prefix}'
host_alias=''
htmldir='${docdir}'
includedir='${prefix}/include'
infodir='${datarootdir}/info'
libdir='${exec_prefix}/lib'
libexecdir='${exec_prefix}/libexec'
localedir='${datarootdir}/locale'
localstatedir='${prefix}/var'
mandir='${datarootdir}/man'
mod_cflags=''
mod_ldflags=''
oldincludedir='/usr/include'
pdfdir='${docdir}'
prefix='/usr/local'
program_transform_name='s,x,x,'
psdir='${docdir}'
sbindir='${exec_prefix}/sbin'
sharedstatedir='${prefix}/com'
sysconfdir='${prefix}/etc'
target_alias=''
targetname=''

## ----------- ##
## confdefs.h. ##
## ----------- ##

/* confdefs.h */
#define PACKAGE_NAME ""
#define PACKAGE_TARNAME ""
#define PACKAGE_VERSION ""
#define PACKAGE_STRING ""
#define PACKAGE_BUGREPORT ""
#define PACKAGE_URL ""
#define WITH_EDIR 1
#define LDAP_SET_REBIND_PROC_ARGS 

configure: exit 0
