This file contains any messages produced by compilers while
running configure, to aid debugging if configure makes a mistake.

It was created by configure, which was
generated by GNU Autoconf 2.69.  Invocation command line was

  $ ./configure --disable-option-checking --prefix=/usr/local --cache-file=/dev/null --srcdir=.

## --------- ##
## Platform. ##
## --------- ##

hostname = ip-172-31-12-113.ap-northeast-2.compute.internal
uname -m = x86_64
uname -r = 4.18.0-193.el8.x86_64
uname -s = Linux
uname -v = #1 SMP Fri Mar 27 14:35:58 UTC 2020

/usr/bin/uname -p = x86_64
/bin/uname -X     = unknown

/bin/arch              = x86_64
/usr/bin/arch -k       = unknown
/usr/convex/getsysinfo = unknown
/usr/bin/hostinfo      = unknown
/bin/machine           = unknown
/usr/bin/oslevel       = unknown
/bin/universe          = unknown

PATH: /root/.vscode-server/bin/58bb7b2331731bf72587010e943852e13e6fd3cf/bin
PATH: /root/.vscode-server/bin/58bb7b2331731bf72587010e943852e13e6fd3cf/bin
PATH: /usr/local/sbin
PATH: /usr/local/bin
PATH: /usr/sbin
PATH: /usr/bin
PATH: /usr/local/berkeleydb/bin
PATH: /usr/local/openldap/bin
PATH: /usr/local/openldap/sbin
PATH: /usr/local/berkeleydb/bin
PATH: /usr/local/openldap/bin
PATH: /usr/local/openldap/sbin
PATH: /root/bin
PATH: /usr/local/berkeleydb/bin
PATH: /usr/local/openldap/bin
PATH: /usr/local/openldap/sbin


## ----------- ##
## Core tests. ##
## ----------- ##

configure:2021: checking for gcc
configure:2037: found /usr/bin/gcc
configure:2048: result: gcc
configure:2277: checking for C compiler version
configure:2286: gcc --version >&5
gcc (GCC) 8.3.1 20191121 (Red Hat 8.3.1-5)
Copyright (C) 2018 Free Software Foundation, Inc.
This is free software; see the source for copying conditions.  There is NO
warranty; not even for MERCHANTABILITY or FITNESS FOR A PARTICULAR PURPOSE.

configure:2297: $? = 0
configure:2286: gcc -v >&5
Using built-in specs.
COLLECT_GCC=gcc
COLLECT_LTO_WRAPPER=/usr/libexec/gcc/x86_64-redhat-linux/8/lto-wrapper
OFFLOAD_TARGET_NAMES=nvptx-none
OFFLOAD_TARGET_DEFAULT=1
Target: x86_64-redhat-linux
Configured with: ../configure --enable-bootstrap --enable-languages=c,c++,fortran,lto --prefix=/usr --mandir=/usr/share/man --infodir=/usr/share/info --with-bugurl=http://bugzilla.redhat.com/bugzilla --enable-shared --enable-threads=posix --enable-checking=release --enable-multilib --with-system-zlib --enable-__cxa_atexit --disable-libunwind-exceptions --enable-gnu-unique-object --enable-linker-build-id --with-gcc-major-version-only --with-linker-hash-style=gnu --enable-plugin --enable-initfini-array --with-isl --disable-libmpx --enable-offload-targets=nvptx-none --without-cuda-driver --enable-gnu-indirect-function --enable-cet --with-tune=generic --with-arch_32=x86-64 --build=x86_64-redhat-linux
Thread model: posix
gcc version 8.3.1 20191121 (Red Hat 8.3.1-5) (GCC) 
configure:2297: $? = 0
configure:2286: gcc -V >&5
gcc: error: unrecognized command line option '-V'
gcc: fatal error: no input files
compilation terminated.
configure:2297: $? = 1
configure:2286: gcc -qversion >&5
gcc: error: unrecognized command line option '-qversion'; did you mean '--version'?
gcc: fatal error: no input files
compilation terminated.
configure:2297: $? = 1
configure:2317: checking whether the C compiler works
configure:2339: gcc    conftest.c  >&5
configure:2343: $? = 0
configure:2391: result: yes
configure:2394: checking for C compiler default output file name
configure:2396: result: a.out
configure:2402: checking for suffix of executables
configure:2409: gcc -o conftest    conftest.c  >&5
configure:2413: $? = 0
configure:2435: result: 
configure:2457: checking whether we are cross compiling
configure:2465: gcc -o conftest    conftest.c  >&5
configure:2469: $? = 0
configure:2476: ./conftest
configure:2480: $? = 0
configure:2495: result: no
configure:2500: checking for suffix of object files
configure:2522: gcc -c   conftest.c >&5
configure:2526: $? = 0
configure:2547: result: o
configure:2551: checking whether we are using the GNU C compiler
configure:2570: gcc -c   conftest.c >&5
configure:2570: $? = 0
configure:2579: result: yes
configure:2588: checking whether gcc accepts -g
configure:2608: gcc -c -g  conftest.c >&5
configure:2608: $? = 0
configure:2649: result: yes
configure:2666: checking for gcc option to accept ISO C89
configure:2729: gcc  -c -g -O2  conftest.c >&5
configure:2729: $? = 0
configure:2742: result: none needed
configure:2768: checking how to run the C preprocessor
configure:2799: gcc -E  conftest.c
configure:2799: $? = 0
configure:2813: gcc -E  conftest.c
conftest.c:9:10: fatal error: ac_nonexistent.h: No such file or directory
 #include <ac_nonexistent.h>
          ^~~~~~~~~~~~~~~~~~
compilation terminated.
configure:2813: $? = 1
configure: failed program was:
| /* confdefs.h */
| #define PACKAGE_NAME ""
| #define PACKAGE_TARNAME ""
| #define PACKAGE_VERSION ""
| #define PACKAGE_STRING ""
| #define PACKAGE_BUGREPORT ""
| #define PACKAGE_URL ""
| /* end confdefs.h.  */
| #include <ac_nonexistent.h>
configure:2838: result: gcc -E
configure:2858: gcc -E  conftest.c
configure:2858: $? = 0
configure:2872: gcc -E  conftest.c
conftest.c:9:10: fatal error: ac_nonexistent.h: No such file or directory
 #include <ac_nonexistent.h>
          ^~~~~~~~~~~~~~~~~~
compilation terminated.
configure:2872: $? = 1
configure: failed program was:
| /* confdefs.h */
| #define PACKAGE_NAME ""
| #define PACKAGE_TARNAME ""
| #define PACKAGE_VERSION ""
| #define PACKAGE_STRING ""
| #define PACKAGE_BUGREPORT ""
| #define PACKAGE_URL ""
| /* end confdefs.h.  */
| #include <ac_nonexistent.h>
configure:2901: checking for grep that handles long lines and -e
configure:2959: result: /usr/bin/grep
configure:2964: checking for egrep
configure:3026: result: /usr/bin/grep -E
configure:3031: checking for ANSI C header files
configure:3051: gcc -c -g -O2  conftest.c >&5
configure:3051: $? = 0
configure:3124: gcc -o conftest -g -O2   conftest.c  >&5
configure:3124: $? = 0
configure:3124: ./conftest
configure:3124: $? = 0
configure:3135: result: yes
configure:3148: checking for sys/types.h
configure:3148: gcc -c -g -O2  conftest.c >&5
configure:3148: $? = 0
configure:3148: result: yes
configure:3148: checking for sys/stat.h
configure:3148: gcc -c -g -O2  conftest.c >&5
configure:3148: $? = 0
configure:3148: result: yes
configure:3148: checking for stdlib.h
configure:3148: gcc -c -g -O2  conftest.c >&5
configure:3148: $? = 0
configure:3148: result: yes
configure:3148: checking for string.h
configure:3148: gcc -c -g -O2  conftest.c >&5
configure:3148: $? = 0
configure:3148: result: yes
configure:3148: checking for memory.h
configure:3148: gcc -c -g -O2  conftest.c >&5
configure:3148: $? = 0
configure:3148: result: yes
configure:3148: checking for strings.h
configure:3148: gcc -c -g -O2  conftest.c >&5
configure:3148: $? = 0
configure:3148: result: yes
configure:3148: checking for inttypes.h
configure:3148: gcc -c -g -O2  conftest.c >&5
configure:3148: $? = 0
configure:3148: result: yes
configure:3148: checking for stdint.h
configure:3148: gcc -c -g -O2  conftest.c >&5
configure:3148: $? = 0
configure:3148: result: yes
configure:3148: checking for unistd.h
configure:3148: gcc -c -g -O2  conftest.c >&5
configure:3148: $? = 0
configure:3148: result: yes
configure:3162: checking sys/mman.h usability
configure:3162: gcc -c -g -O2  conftest.c >&5
configure:3162: $? = 0
configure:3162: result: yes
configure:3162: checking sys/mman.h presence
configure:3162: gcc -E  conftest.c
configure:3162: $? = 0
configure:3162: result: yes
configure:3162: checking for sys/mman.h
configure:3162: result: yes
configure:3304: creating ./config.status

## ---------------------- ##
## Running config.status. ##
## ---------------------- ##

This file was extended by config.status, which was
generated by GNU Autoconf 2.69.  Invocation command line was

  CONFIG_FILES    = 
  CONFIG_HEADERS  = 
  CONFIG_LINKS    = 
  CONFIG_COMMANDS = 
  $ ./config.status 

on ip-172-31-12-113.ap-northeast-2.compute.internal

config.status:801: creating all.mk
config.status:801: creating config.h

## ---------------- ##
## Cache variables. ##
## ---------------- ##

ac_cv_c_compiler_gnu=yes
ac_cv_env_CC_set=
ac_cv_env_CC_value=
ac_cv_env_CFLAGS_set=
ac_cv_env_CFLAGS_value=
ac_cv_env_CPPFLAGS_set=
ac_cv_env_CPPFLAGS_value=
ac_cv_env_CPP_set=
ac_cv_env_CPP_value=
ac_cv_env_LDFLAGS_set=
ac_cv_env_LDFLAGS_value=
ac_cv_env_build_alias_set=
ac_cv_env_build_alias_value=
ac_cv_env_host_alias_set=
ac_cv_env_host_alias_value=
ac_cv_env_target_alias_set=
ac_cv_env_target_alias_value=
ac_cv_header_inttypes_h=yes
ac_cv_header_memory_h=yes
ac_cv_header_stdc=yes
ac_cv_header_stdint_h=yes
ac_cv_header_stdlib_h=yes
ac_cv_header_string_h=yes
ac_cv_header_strings_h=yes
ac_cv_header_sys_mman_h=yes
ac_cv_header_sys_stat_h=yes
ac_cv_header_sys_types_h=yes
ac_cv_header_unistd_h=yes
ac_cv_objext=o
ac_cv_path_EGREP='/usr/bin/grep -E'
ac_cv_path_GREP=/usr/bin/grep
ac_cv_prog_CPP='gcc -E'
ac_cv_prog_ac_ct_CC=gcc
ac_cv_prog_cc_c89=
ac_cv_prog_cc_g=yes

## ----------------- ##
## Output variables. ##
## ----------------- ##

CC='gcc'
CFLAGS='-g -O2'
CPP='gcc -E'
CPPFLAGS=''
DEFS='-DHAVE_CONFIG_H'
ECHO_C=''
ECHO_N='-n'
ECHO_T=''
EGREP='/usr/bin/grep -E'
EXEEXT=''
GREP='/usr/bin/grep'
LDFLAGS=''
LIBOBJS=''
LIBS=''
LTLIBOBJS=''
OBJEXT='o'
PACKAGE_BUGREPORT=''
PACKAGE_NAME=''
PACKAGE_STRING=''
PACKAGE_TARNAME=''
PACKAGE_URL=''
PACKAGE_VERSION=''
PATH_SEPARATOR=':'
SHELL='/bin/sh'
ac_ct_CC='gcc'
bindir='${exec_prefix}/bin'
build_alias=''
datadir='${datarootdir}'
datarootdir='${prefix}/share'
docdir='${datarootdir}/doc/${PACKAGE}'
dvidir='${docdir}'
exec_prefix='${prefix}'
host_alias=''
htmldir='${docdir}'
includedir='${prefix}/include'
infodir='${datarootdir}/info'
libdir='${exec_prefix}/lib'
libexecdir='${exec_prefix}/libexec'
localedir='${datarootdir}/locale'
localstatedir='${prefix}/var'
mandir='${datarootdir}/man'
mod_cflags=''
mod_ldflags=''
oldincludedir='/usr/include'
pdfdir='${docdir}'
prefix='/usr/local'
program_transform_name='s,x,x,'
psdir='${docdir}'
sbindir='${exec_prefix}/sbin'
sharedstatedir='${prefix}/com'
sysconfdir='${prefix}/etc'
target_alias=''
targetname='rlm_radutmp'

## ----------- ##
## confdefs.h. ##
## ----------- ##

/* confdefs.h */
#define PACKAGE_NAME ""
#define PACKAGE_TARNAME ""
#define PACKAGE_VERSION ""
#define PACKAGE_STRING ""
#define PACKAGE_BUGREPORT ""
#define PACKAGE_URL ""
#define STDC_HEADERS 1
#define HAVE_SYS_TYPES_H 1
#define HAVE_SYS_STAT_H 1
#define HAVE_STDLIB_H 1
#define HAVE_STRING_H 1
#define HAVE_MEMORY_H 1
#define HAVE_STRINGS_H 1
#define HAVE_INTTYPES_H 1
#define HAVE_STDINT_H 1
#define HAVE_UNISTD_H 1
#define HAVE_SYS_MMAN_H 1

configure: exit 0
