This file contains any messages produced by compilers while
running configure, to aid debugging if configure makes a mistake.

It was created by configure, which was
generated by GNU Autoconf 2.69.  Invocation command line was

  $ ./configure --disable-option-checking --prefix=/usr/local --cache-file=/dev/null --srcdir=.

## --------- ##
## Platform. ##
## --------- ##

hostname = ip-172-31-12-113.ap-northeast-2.compute.internal
uname -m = x86_64
uname -r = 4.18.0-193.el8.x86_64
uname -s = Linux
uname -v = #1 SMP Fri Mar 27 14:35:58 UTC 2020

/usr/bin/uname -p = x86_64
/bin/uname -X     = unknown

/bin/arch              = x86_64
/usr/bin/arch -k       = unknown
/usr/convex/getsysinfo = unknown
/usr/bin/hostinfo      = unknown
/bin/machine           = unknown
/usr/bin/oslevel       = unknown
/bin/universe          = unknown

PATH: /root/.vscode-server/bin/58bb7b2331731bf72587010e943852e13e6fd3cf/bin
PATH: /root/.vscode-server/bin/58bb7b2331731bf72587010e943852e13e6fd3cf/bin
PATH: /usr/local/sbin
PATH: /usr/local/bin
PATH: /usr/sbin
PATH: /usr/bin
PATH: /usr/local/berkeleydb/bin
PATH: /usr/local/openldap/bin
PATH: /usr/local/openldap/sbin
PATH: /usr/local/berkeleydb/bin
PATH: /usr/local/openldap/bin
PATH: /usr/local/openldap/sbin
PATH: /root/bin
PATH: /usr/local/berkeleydb/bin
PATH: /usr/local/openldap/bin
PATH: /usr/local/openldap/sbin


## ----------- ##
## Core tests. ##
## ----------- ##

configure:1915: checking for gcc
configure:1931: found /usr/bin/gcc
configure:1942: result: gcc
configure:2171: checking for C compiler version
configure:2180: gcc --version >&5
gcc (GCC) 8.3.1 20191121 (Red Hat 8.3.1-5)
Copyright (C) 2018 Free Software Foundation, Inc.
This is free software; see the source for copying conditions.  There is NO
warranty; not even for MERCHANTABILITY or FITNESS FOR A PARTICULAR PURPOSE.

configure:2191: $? = 0
configure:2180: gcc -v >&5
Using built-in specs.
COLLECT_GCC=gcc
COLLECT_LTO_WRAPPER=/usr/libexec/gcc/x86_64-redhat-linux/8/lto-wrapper
OFFLOAD_TARGET_NAMES=nvptx-none
OFFLOAD_TARGET_DEFAULT=1
Target: x86_64-redhat-linux
Configured with: ../configure --enable-bootstrap --enable-languages=c,c++,fortran,lto --prefix=/usr --mandir=/usr/share/man --infodir=/usr/share/info --with-bugurl=http://bugzilla.redhat.com/bugzilla --enable-shared --enable-threads=posix --enable-checking=release --enable-multilib --with-system-zlib --enable-__cxa_atexit --disable-libunwind-exceptions --enable-gnu-unique-object --enable-linker-build-id --with-gcc-major-version-only --with-linker-hash-style=gnu --enable-plugin --enable-initfini-array --with-isl --disable-libmpx --enable-offload-targets=nvptx-none --without-cuda-driver --enable-gnu-indirect-function --enable-cet --with-tune=generic --with-arch_32=x86-64 --build=x86_64-redhat-linux
Thread model: posix
gcc version 8.3.1 20191121 (Red Hat 8.3.1-5) (GCC) 
configure:2191: $? = 0
configure:2180: gcc -V >&5
gcc: error: unrecognized command line option '-V'
gcc: fatal error: no input files
compilation terminated.
configure:2191: $? = 1
configure:2180: gcc -qversion >&5
gcc: error: unrecognized command line option '-qversion'; did you mean '--version'?
gcc: fatal error: no input files
compilation terminated.
configure:2191: $? = 1
configure:2211: checking whether the C compiler works
configure:2233: gcc    conftest.c  >&5
configure:2237: $? = 0
configure:2285: result: yes
configure:2288: checking for C compiler default output file name
configure:2290: result: a.out
configure:2296: checking for suffix of executables
configure:2303: gcc -o conftest    conftest.c  >&5
configure:2307: $? = 0
configure:2329: result: 
configure:2351: checking whether we are cross compiling
configure:2359: gcc -o conftest    conftest.c  >&5
configure:2363: $? = 0
configure:2370: ./conftest
configure:2374: $? = 0
configure:2389: result: no
configure:2394: checking for suffix of object files
configure:2416: gcc -c   conftest.c >&5
configure:2420: $? = 0
configure:2441: result: o
configure:2445: checking whether we are using the GNU C compiler
configure:2464: gcc -c   conftest.c >&5
configure:2464: $? = 0
configure:2473: result: yes
configure:2482: checking whether gcc accepts -g
configure:2502: gcc -c -g  conftest.c >&5
configure:2502: $? = 0
configure:2543: result: yes
configure:2560: checking for gcc option to accept ISO C89
configure:2623: gcc  -c -g -O2  conftest.c >&5
configure:2623: $? = 0
configure:2636: result: none needed
configure:2661: checking how to run the C preprocessor
configure:2692: gcc -E  conftest.c
configure:2692: $? = 0
configure:2706: gcc -E  conftest.c
conftest.c:9:10: fatal error: ac_nonexistent.h: No such file or directory
 #include <ac_nonexistent.h>
          ^~~~~~~~~~~~~~~~~~
compilation terminated.
configure:2706: $? = 1
configure: failed program was:
| /* confdefs.h */
| #define PACKAGE_NAME ""
| #define PACKAGE_TARNAME ""
| #define PACKAGE_VERSION ""
| #define PACKAGE_STRING ""
| #define PACKAGE_BUGREPORT ""
| #define PACKAGE_URL ""
| /* end confdefs.h.  */
| #include <ac_nonexistent.h>
configure:2731: result: gcc -E
configure:2751: gcc -E  conftest.c
configure:2751: $? = 0
configure:2765: gcc -E  conftest.c
conftest.c:9:10: fatal error: ac_nonexistent.h: No such file or directory
 #include <ac_nonexistent.h>
          ^~~~~~~~~~~~~~~~~~
compilation terminated.
configure:2765: $? = 1
configure: failed program was:
| /* confdefs.h */
| #define PACKAGE_NAME ""
| #define PACKAGE_TARNAME ""
| #define PACKAGE_VERSION ""
| #define PACKAGE_STRING ""
| #define PACKAGE_BUGREPORT ""
| #define PACKAGE_URL ""
| /* end confdefs.h.  */
| #include <ac_nonexistent.h>
configure:2807: checking whether perl executable path has been provided
configure:2875: result: no
configure:2879: checking for perl
configure:2898: found /usr/bin/perl
configure:2911: result: /usr/bin/perl
configure:2936: Calling ExtUtils::Embed to get 'ccopts'
configure:2940: ExtUtil's ccopts were " -D_REENTRANT -D_GNU_SOURCE -O2 -g -pipe -Wall -Werror=format-security -Wp,-D_FORTIFY_SOURCE=2 -Wp,-D_GLIBCXX_ASSERTIONS -fexceptions -fstack-protector-strong -grecord-gcc-switches -specs=/usr/lib/rpm/redhat/redhat-hardened-cc1 -specs=/usr/lib/rpm/redhat/redhat-annobin-cc1 -m64 -mtune=generic -fasynchronous-unwind-tables -fstack-clash-protection -fcf-protection -fwrapv -fno-strict-aliasing -I/usr/local/include -D_LARGEFILE_SOURCE -D_FILE_OFFSET_BITS=64  -I/usr/lib64/perl5/CORE "
configure:2945: Sanitized ccopts are "-D_REENTRANT -D_GNU_SOURCE -O2 -g -pipe -Wall -Werror=format-security -Wp,-D_FORTIFY_SOURCE=2 -Wp,-D_GLIBCXX_ASSERTIONS -fexceptions -fstack-protector-strong -grecord-gcc-switches -specs=/usr/lib/rpm/redhat/redhat-hardened-cc1 -specs=/usr/lib/rpm/redhat/redhat-annobin-cc1 -m64 -mtune=generic -fasynchronous-unwind-tables -fstack-clash-protection -fcf-protection -fwrapv -fno-strict-aliasing -isystem /usr/local/include -D_LARGEFILE_SOURCE -D_FILE_OFFSET_BITS=64 -isystem /usr/lib64/perl5/CORE"
configure:2950: Calling ExtUtils::Embed to get 'ldflags'
configure:2954: ExtUtil's ldopts were "-Wl,--enable-new-dtags -Wl,-z,relro -Wl,-z,now -specs=/usr/lib/rpm/redhat/redhat-hardened-ld -Wl,-z,relro -Wl,-z,now -specs=/usr/lib/rpm/redhat/redhat-hardened-ld -fstack-protector-strong -L/usr/local/lib  -L/usr/lib64/perl5/CORE -lperl -lpthread -lresolv -ldl -lm -lcrypt -lutil -lc"
configure:2959: Sanitized ldopts are "-Wl,--enable-new-dtags -Wl,-z,relro -Wl,-z,now -specs=/usr/lib/rpm/redhat/redhat-hardened-ld -Wl,-z,relro -Wl,-z,now -specs=/usr/lib/rpm/redhat/redhat-hardened-ld -fstack-protector-strong -L/usr/local/lib -L/usr/lib64/perl5/CORE -lperl -lpthread -lresolv -ldl -lm -lcrypt -lutil -lc"
configure:3058: checking for EXTERN.h
configure:3073: gcc -c -D_REENTRANT -D_GNU_SOURCE -O2 -g -pipe -Wall -Werror=format-security -Wp,-D_FORTIFY_SOURCE=2 -Wp,-D_GLIBCXX_ASSERTIONS -fexceptions -fstack-protector-strong -grecord-gcc-switches -specs=/usr/lib/rpm/redhat/redhat-hardened-cc1 -specs=/usr/lib/rpm/redhat/redhat-annobin-cc1 -m64 -mtune=generic -fasynchronous-unwind-tables -fstack-clash-protection -fcf-protection -fwrapv -fno-strict-aliasing -isystem /usr/local/include -D_LARGEFILE_SOURCE -D_FILE_OFFSET_BITS=64 -isystem /usr/lib64/perl5/CORE -g -O2  conftest.c >&5
conftest.c: In function 'main':
conftest.c:14:5: warning: unused variable 'a' [-Wunused-variable]
 int a = 1;
     ^
configure:3073: $? = 0
configure:3076: result: yes
configure:3289: checking for perl.h
configure:3304: gcc -c -D_REENTRANT -D_GNU_SOURCE -O2 -g -pipe -Wall -Werror=format-security -Wp,-D_FORTIFY_SOURCE=2 -Wp,-D_GLIBCXX_ASSERTIONS -fexceptions -fstack-protector-strong -grecord-gcc-switches -specs=/usr/lib/rpm/redhat/redhat-hardened-cc1 -specs=/usr/lib/rpm/redhat/redhat-annobin-cc1 -m64 -mtune=generic -fasynchronous-unwind-tables -fstack-clash-protection -fcf-protection -fwrapv -fno-strict-aliasing -isystem /usr/local/include -D_LARGEFILE_SOURCE -D_FILE_OFFSET_BITS=64 -isystem /usr/lib64/perl5/CORE -g -O2    conftest.c >&5
conftest.c: In function 'main':
conftest.c:14:5: warning: unused variable 'a' [-Wunused-variable]
 int a = 1;
     ^
configure:3304: $? = 0
configure:3307: result: yes
configure:3428: checking we can link to boot_DynaLoader
configure:3444: gcc -o conftest -D_REENTRANT -D_GNU_SOURCE -O2 -g -pipe -Wall -Werror=format-security -Wp,-D_FORTIFY_SOURCE=2 -Wp,-D_GLIBCXX_ASSERTIONS -fexceptions -fstack-protector-strong -grecord-gcc-switches -specs=/usr/lib/rpm/redhat/redhat-hardened-cc1 -specs=/usr/lib/rpm/redhat/redhat-annobin-cc1 -m64 -mtune=generic -fasynchronous-unwind-tables -fstack-clash-protection -fcf-protection -fwrapv -fno-strict-aliasing -isystem /usr/local/include -D_LARGEFILE_SOURCE -D_FILE_OFFSET_BITS=64 -isystem /usr/lib64/perl5/CORE -g -O2       conftest.c -Wl,--enable-new-dtags -Wl,-z,relro -Wl,-z,now -specs=/usr/lib/rpm/redhat/redhat-hardened-ld -Wl,-z,relro -Wl,-z,now -specs=/usr/lib/rpm/redhat/redhat-hardened-ld -fstack-protector-strong -L/usr/local/lib -L/usr/lib64/perl5/CORE -lperl -lpthread -lresolv -ldl -lm -lcrypt -lutil -lc  >&5
configure:3444: $? = 0
configure:3452: result: yes
configure:3459: checking we can link to Perl_hv_store()
configure:3475: gcc -o conftest -D_REENTRANT -D_GNU_SOURCE -O2 -g -pipe -Wall -Werror=format-security -Wp,-D_FORTIFY_SOURCE=2 -Wp,-D_GLIBCXX_ASSERTIONS -fexceptions -fstack-protector-strong -grecord-gcc-switches -specs=/usr/lib/rpm/redhat/redhat-hardened-cc1 -specs=/usr/lib/rpm/redhat/redhat-annobin-cc1 -m64 -mtune=generic -fasynchronous-unwind-tables -fstack-clash-protection -fcf-protection -fwrapv -fno-strict-aliasing -isystem /usr/local/include -D_LARGEFILE_SOURCE -D_FILE_OFFSET_BITS=64 -isystem /usr/lib64/perl5/CORE -g -O2       conftest.c -Wl,--enable-new-dtags -Wl,-z,relro -Wl,-z,now -specs=/usr/lib/rpm/redhat/redhat-hardened-ld -Wl,-z,relro -Wl,-z,now -specs=/usr/lib/rpm/redhat/redhat-hardened-ld -fstack-protector-strong -L/usr/local/lib -L/usr/lib64/perl5/CORE -lperl -lpthread -lresolv -ldl -lm -lcrypt -lutil -lc  >&5
configure:3475: $? = 0
configure:3483: result: yes
configure:3641: creating ./config.status

## ---------------------- ##
## Running config.status. ##
## ---------------------- ##

This file was extended by config.status, which was
generated by GNU Autoconf 2.69.  Invocation command line was

  CONFIG_FILES    = 
  CONFIG_HEADERS  = 
  CONFIG_LINKS    = 
  CONFIG_COMMANDS = 
  $ ./config.status 

on ip-172-31-12-113.ap-northeast-2.compute.internal

config.status:793: creating all.mk
config.status:793: creating config.h

## ---------------- ##
## Cache variables. ##
## ---------------- ##

ac_cv_c_compiler_gnu=yes
ac_cv_env_CC_set=
ac_cv_env_CC_value=
ac_cv_env_CFLAGS_set=
ac_cv_env_CFLAGS_value=
ac_cv_env_CPPFLAGS_set=
ac_cv_env_CPPFLAGS_value=
ac_cv_env_CPP_set=
ac_cv_env_CPP_value=
ac_cv_env_LDFLAGS_set=
ac_cv_env_LDFLAGS_value=
ac_cv_env_PERL_set=
ac_cv_env_PERL_value=
ac_cv_env_build_alias_set=
ac_cv_env_build_alias_value=
ac_cv_env_host_alias_set=
ac_cv_env_host_alias_value=
ac_cv_env_target_alias_set=
ac_cv_env_target_alias_value=
ac_cv_header_EXTERN_h=yes
ac_cv_header_perl_h=yes
ac_cv_objext=o
ac_cv_path_PERL=/usr/bin/perl
ac_cv_prog_CPP='gcc -E'
ac_cv_prog_ac_ct_CC=gcc
ac_cv_prog_cc_c89=
ac_cv_prog_cc_g=yes

## ----------------- ##
## Output variables. ##
## ----------------- ##

CC='gcc'
CFLAGS='-g -O2'
CPP='gcc -E'
CPPFLAGS='    '
DEFS='-DHAVE_CONFIG_H'
ECHO_C=''
ECHO_N='-n'
ECHO_T=''
EXEEXT=''
LDFLAGS=''
LIBOBJS=''
LIBS=''
LTLIBOBJS=''
OBJEXT='o'
PACKAGE_BUGREPORT=''
PACKAGE_NAME=''
PACKAGE_STRING=''
PACKAGE_TARNAME=''
PACKAGE_URL=''
PACKAGE_VERSION=''
PATH_SEPARATOR=':'
PERL='/usr/bin/perl'
SHELL='/bin/sh'
ac_ct_CC='gcc'
bindir='${exec_prefix}/bin'
build_alias=''
datadir='${datarootdir}'
datarootdir='${prefix}/share'
docdir='${datarootdir}/doc/${PACKAGE}'
dvidir='${docdir}'
exec_prefix='${prefix}'
host_alias=''
htmldir='${docdir}'
includedir='${prefix}/include'
infodir='${datarootdir}/info'
libdir='${exec_prefix}/lib'
libexecdir='${exec_prefix}/libexec'
localedir='${datarootdir}/locale'
localstatedir='${prefix}/var'
mandir='${datarootdir}/man'
mod_cflags='-D_REENTRANT -D_GNU_SOURCE -O2 -g -pipe -Wall -Werror=format-security -Wp,-D_FORTIFY_SOURCE=2 -Wp,-D_GLIBCXX_ASSERTIONS -fexceptions -fstack-protector-strong -grecord-gcc-switches -specs=/usr/lib/rpm/redhat/redhat-hardened-cc1 -specs=/usr/lib/rpm/redhat/redhat-annobin-cc1 -m64 -mtune=generic -fasynchronous-unwind-tables -fstack-clash-protection -fcf-protection -fwrapv -fno-strict-aliasing -isystem /usr/local/include -D_LARGEFILE_SOURCE -D_FILE_OFFSET_BITS=64 -isystem /usr/lib64/perl5/CORE'
mod_ldflags='-Wl,--enable-new-dtags -Wl,-z,relro -Wl,-z,now -specs=/usr/lib/rpm/redhat/redhat-hardened-ld -Wl,-z,relro -Wl,-z,now -specs=/usr/lib/rpm/redhat/redhat-hardened-ld -fstack-protector-strong -L/usr/local/lib -L/usr/lib64/perl5/CORE -lperl -lpthread -lresolv -ldl -lm -lcrypt -lutil -lc'
oldincludedir='/usr/include'
pdfdir='${docdir}'
prefix='/usr/local'
program_transform_name='s,x,x,'
psdir='${docdir}'
sbindir='${exec_prefix}/sbin'
sharedstatedir='${prefix}/com'
sysconfdir='${prefix}/etc'
target_alias=''
targetname='rlm_perl'

## ----------- ##
## confdefs.h. ##
## ----------- ##

/* confdefs.h */
#define PACKAGE_NAME ""
#define PACKAGE_TARNAME ""
#define PACKAGE_VERSION ""
#define PACKAGE_STRING ""
#define PACKAGE_BUGREPORT ""
#define PACKAGE_URL ""

configure: exit 0
