This file contains any messages produced by compilers while
running configure, to aid debugging if configure makes a mistake.

It was created by configure, which was
generated by GNU Autoconf 2.69.  Invocation command line was

  $ ./configure --disable-option-checking --prefix=/usr/local --cache-file=/dev/null --srcdir=.

## --------- ##
## Platform. ##
## --------- ##

hostname = ip-172-31-12-113.ap-northeast-2.compute.internal
uname -m = x86_64
uname -r = 4.18.0-193.el8.x86_64
uname -s = Linux
uname -v = #1 SMP Fri Mar 27 14:35:58 UTC 2020

/usr/bin/uname -p = x86_64
/bin/uname -X     = unknown

/bin/arch              = x86_64
/usr/bin/arch -k       = unknown
/usr/convex/getsysinfo = unknown
/usr/bin/hostinfo      = unknown
/bin/machine           = unknown
/usr/bin/oslevel       = unknown
/bin/universe          = unknown

PATH: /root/.vscode-server/bin/58bb7b2331731bf72587010e943852e13e6fd3cf/bin
PATH: /root/.vscode-server/bin/58bb7b2331731bf72587010e943852e13e6fd3cf/bin
PATH: /usr/local/sbin
PATH: /usr/local/bin
PATH: /usr/sbin
PATH: /usr/bin
PATH: /usr/local/berkeleydb/bin
PATH: /usr/local/openldap/bin
PATH: /usr/local/openldap/sbin
PATH: /usr/local/berkeleydb/bin
PATH: /usr/local/openldap/bin
PATH: /usr/local/openldap/sbin
PATH: /root/bin
PATH: /usr/local/berkeleydb/bin
PATH: /usr/local/openldap/bin
PATH: /usr/local/openldap/sbin


## ----------- ##
## Core tests. ##
## ----------- ##

configure:1891: checking for gcc
configure:1907: found /usr/bin/gcc
configure:1918: result: gcc
configure:2147: checking for C compiler version
configure:2156: gcc --version >&5
gcc (GCC) 8.3.1 20191121 (Red Hat 8.3.1-5)
Copyright (C) 2018 Free Software Foundation, Inc.
This is free software; see the source for copying conditions.  There is NO
warranty; not even for MERCHANTABILITY or FITNESS FOR A PARTICULAR PURPOSE.

configure:2167: $? = 0
configure:2156: gcc -v >&5
Using built-in specs.
COLLECT_GCC=gcc
COLLECT_LTO_WRAPPER=/usr/libexec/gcc/x86_64-redhat-linux/8/lto-wrapper
OFFLOAD_TARGET_NAMES=nvptx-none
OFFLOAD_TARGET_DEFAULT=1
Target: x86_64-redhat-linux
Configured with: ../configure --enable-bootstrap --enable-languages=c,c++,fortran,lto --prefix=/usr --mandir=/usr/share/man --infodir=/usr/share/info --with-bugurl=http://bugzilla.redhat.com/bugzilla --enable-shared --enable-threads=posix --enable-checking=release --enable-multilib --with-system-zlib --enable-__cxa_atexit --disable-libunwind-exceptions --enable-gnu-unique-object --enable-linker-build-id --with-gcc-major-version-only --with-linker-hash-style=gnu --enable-plugin --enable-initfini-array --with-isl --disable-libmpx --enable-offload-targets=nvptx-none --without-cuda-driver --enable-gnu-indirect-function --enable-cet --with-tune=generic --with-arch_32=x86-64 --build=x86_64-redhat-linux
Thread model: posix
gcc version 8.3.1 20191121 (Red Hat 8.3.1-5) (GCC) 
configure:2167: $? = 0
configure:2156: gcc -V >&5
gcc: error: unrecognized command line option '-V'
gcc: fatal error: no input files
compilation terminated.
configure:2167: $? = 1
configure:2156: gcc -qversion >&5
gcc: error: unrecognized command line option '-qversion'; did you mean '--version'?
gcc: fatal error: no input files
compilation terminated.
configure:2167: $? = 1
configure:2187: checking whether the C compiler works
configure:2209: gcc    conftest.c  >&5
configure:2213: $? = 0
configure:2261: result: yes
configure:2264: checking for C compiler default output file name
configure:2266: result: a.out
configure:2272: checking for suffix of executables
configure:2279: gcc -o conftest    conftest.c  >&5
configure:2283: $? = 0
configure:2305: result: 
configure:2327: checking whether we are cross compiling
configure:2335: gcc -o conftest    conftest.c  >&5
configure:2339: $? = 0
configure:2346: ./conftest
configure:2350: $? = 0
configure:2365: result: no
configure:2370: checking for suffix of object files
configure:2392: gcc -c   conftest.c >&5
configure:2396: $? = 0
configure:2417: result: o
configure:2421: checking whether we are using the GNU C compiler
configure:2440: gcc -c   conftest.c >&5
configure:2440: $? = 0
configure:2449: result: yes
configure:2458: checking whether gcc accepts -g
configure:2478: gcc -c -g  conftest.c >&5
configure:2478: $? = 0
configure:2519: result: yes
configure:2536: checking for gcc option to accept ISO C89
configure:2599: gcc  -c -g -O2  conftest.c >&5
configure:2599: $? = 0
configure:2612: result: none needed
configure:2725: checking for naaeap/naaeap.h
configure:2740: gcc -c -g -O2  conftest.c >&5
conftest.c:10:16: fatal error: naaeap/naaeap.h: No such file or directory
       #include <naaeap/naaeap.h>
                ^~~~~~~~~~~~~~~~~
compilation terminated.
configure:2740: $? = 1
configure: failed program was:
| /* confdefs.h */
| #define PACKAGE_NAME ""
| #define PACKAGE_TARNAME ""
| #define PACKAGE_VERSION ""
| #define PACKAGE_STRING ""
| #define PACKAGE_BUGREPORT ""
| #define PACKAGE_URL ""
| /* end confdefs.h.  */
| 
| 		    #include <naaeap/naaeap.h>
| int
| main ()
| {
| int a = 1;
|   ;
|   return 0;
| }
configure:2750: result: no
configure:2817: checking for naaeap/naaeap.h in /usr/local/include/
configure:2832: gcc -c -g -O2 -isystem /usr/local/include/  conftest.c >&5
conftest.c:10:16: fatal error: naaeap/naaeap.h: No such file or directory
       #include <naaeap/naaeap.h>
                ^~~~~~~~~~~~~~~~~
compilation terminated.
configure:2832: $? = 1
configure: failed program was:
| /* confdefs.h */
| #define PACKAGE_NAME ""
| #define PACKAGE_TARNAME ""
| #define PACKAGE_VERSION ""
| #define PACKAGE_STRING ""
| #define PACKAGE_BUGREPORT ""
| #define PACKAGE_URL ""
| /* end confdefs.h.  */
| 
| 		    #include <naaeap/naaeap.h>
| int
| main ()
| {
| int a = 1;
|   ;
|   return 0;
| }
configure:2842: result: no
configure:2817: checking for naaeap/naaeap.h in /opt/include/
configure:2832: gcc -c -g -O2 -isystem /opt/include/  conftest.c >&5
conftest.c:10:16: fatal error: naaeap/naaeap.h: No such file or directory
       #include <naaeap/naaeap.h>
                ^~~~~~~~~~~~~~~~~
compilation terminated.
configure:2832: $? = 1
configure: failed program was:
| /* confdefs.h */
| #define PACKAGE_NAME ""
| #define PACKAGE_TARNAME ""
| #define PACKAGE_VERSION ""
| #define PACKAGE_STRING ""
| #define PACKAGE_BUGREPORT ""
| #define PACKAGE_URL ""
| /* end confdefs.h.  */
| 
| 		    #include <naaeap/naaeap.h>
| int
| main ()
| {
| int a = 1;
|   ;
|   return 0;
| }
configure:2842: result: no
configure:2913: checking for processEAPTNCData in -lnaaeap
configure:2927: gcc -o conftest -g -O2   conftest.c -lnaaeap  >&5
/usr/bin/ld: cannot find -lnaaeap
collect2: error: ld returned 1 exit status
configure:2927: $? = 1
configure: failed program was:
| /* confdefs.h */
| #define PACKAGE_NAME ""
| #define PACKAGE_TARNAME ""
| #define PACKAGE_VERSION ""
| #define PACKAGE_STRING ""
| #define PACKAGE_BUGREPORT ""
| #define PACKAGE_URL ""
| /* end confdefs.h.  */
| extern char processEAPTNCData();
| int
| main ()
| {
| processEAPTNCData()
|   ;
|   return 0;
| }
configure:2934: result: no
configure:2999: checking for processEAPTNCData in -lnaaeap in /usr/local/lib
configure:3014: gcc -o conftest -g -O2 -L/usr/local/lib -Wl,-rpath,/usr/local/lib   conftest.c -lnaaeap  >&5
/usr/bin/ld: cannot find -lnaaeap
collect2: error: ld returned 1 exit status
configure:3014: $? = 1
configure: failed program was:
| /* confdefs.h */
| #define PACKAGE_NAME ""
| #define PACKAGE_TARNAME ""
| #define PACKAGE_VERSION ""
| #define PACKAGE_STRING ""
| #define PACKAGE_BUGREPORT ""
| #define PACKAGE_URL ""
| /* end confdefs.h.  */
| extern char processEAPTNCData();
| int
| main ()
| {
| processEAPTNCData()
|   ;
|   return 0;
| }
configure:3023: result: no
configure:2999: checking for processEAPTNCData in -lnaaeap in /opt/lib
configure:3014: gcc -o conftest -g -O2 -L/opt/lib -Wl,-rpath,/opt/lib   conftest.c -lnaaeap  >&5
/usr/bin/ld: cannot find -lnaaeap
collect2: error: ld returned 1 exit status
configure:3014: $? = 1
configure: failed program was:
| /* confdefs.h */
| #define PACKAGE_NAME ""
| #define PACKAGE_TARNAME ""
| #define PACKAGE_VERSION ""
| #define PACKAGE_STRING ""
| #define PACKAGE_BUGREPORT ""
| #define PACKAGE_URL ""
| /* end confdefs.h.  */
| extern char processEAPTNCData();
| int
| main ()
| {
| processEAPTNCData()
|   ;
|   return 0;
| }
configure:3023: result: no
configure:3053: WARNING: silently not building rlm_eap_tnc.
configure:3055: WARNING: FAILURE: rlm_eap_tnc requires:  naaeap.h libnaaeap.
configure:3057: WARNING: Required libraries are available from https://github.com/trustatfhh/tnc-fhh
configure:3226: creating ./config.status

## ---------------------- ##
## Running config.status. ##
## ---------------------- ##

This file was extended by config.status, which was
generated by GNU Autoconf 2.69.  Invocation command line was

  CONFIG_FILES    = 
  CONFIG_HEADERS  = 
  CONFIG_LINKS    = 
  CONFIG_COMMANDS = 
  $ ./config.status 

on ip-172-31-12-113.ap-northeast-2.compute.internal

config.status:721: creating all.mk

## ---------------- ##
## Cache variables. ##
## ---------------- ##

ac_cv_c_compiler_gnu=yes
ac_cv_env_CC_set=
ac_cv_env_CC_value=
ac_cv_env_CFLAGS_set=
ac_cv_env_CFLAGS_value=
ac_cv_env_CPPFLAGS_set=
ac_cv_env_CPPFLAGS_value=
ac_cv_env_LDFLAGS_set=
ac_cv_env_LDFLAGS_value=
ac_cv_env_build_alias_set=
ac_cv_env_build_alias_value=
ac_cv_env_host_alias_set=
ac_cv_env_host_alias_value=
ac_cv_env_target_alias_set=
ac_cv_env_target_alias_value=
ac_cv_objext=o
ac_cv_prog_ac_ct_CC=gcc
ac_cv_prog_cc_c89=
ac_cv_prog_cc_g=yes

## ----------------- ##
## Output variables. ##
## ----------------- ##

CC='gcc'
CFLAGS='-g -O2'
CPPFLAGS=''
DEFS='-DPACKAGE_NAME=\"\" -DPACKAGE_TARNAME=\"\" -DPACKAGE_VERSION=\"\" -DPACKAGE_STRING=\"\" -DPACKAGE_BUGREPORT=\"\" -DPACKAGE_URL=\"\"'
ECHO_C=''
ECHO_N='-n'
ECHO_T=''
EXEEXT=''
LDFLAGS=''
LIBOBJS=''
LIBS=''
LTLIBOBJS=''
OBJEXT='o'
PACKAGE_BUGREPORT=''
PACKAGE_NAME=''
PACKAGE_STRING=''
PACKAGE_TARNAME=''
PACKAGE_URL=''
PACKAGE_VERSION=''
PATH_SEPARATOR=':'
SHELL='/bin/sh'
ac_ct_CC='gcc'
bindir='${exec_prefix}/bin'
build_alias=''
datadir='${datarootdir}'
datarootdir='${prefix}/share'
docdir='${datarootdir}/doc/${PACKAGE}'
dvidir='${docdir}'
exec_prefix='${prefix}'
host_alias=''
htmldir='${docdir}'
includedir='${prefix}/include'
infodir='${datarootdir}/info'
libdir='${exec_prefix}/lib'
libexecdir='${exec_prefix}/libexec'
localedir='${datarootdir}/locale'
localstatedir='${prefix}/var'
mandir='${datarootdir}/man'
mod_cflags=''
mod_ldflags=''
oldincludedir='/usr/include'
pdfdir='${docdir}'
prefix='/usr/local'
program_transform_name='s,x,x,'
psdir='${docdir}'
sbindir='${exec_prefix}/sbin'
sharedstatedir='${prefix}/com'
sysconfdir='${prefix}/etc'
target_alias=''
targetname=''

## ----------- ##
## confdefs.h. ##
## ----------- ##

/* confdefs.h */
#define PACKAGE_NAME ""
#define PACKAGE_TARNAME ""
#define PACKAGE_VERSION ""
#define PACKAGE_STRING ""
#define PACKAGE_BUGREPORT ""
#define PACKAGE_URL ""

configure: exit 0
