This file contains any messages produced by compilers while
running configure, to aid debugging if configure makes a mistake.

It was created by configure, which was
generated by GNU Autoconf 2.69.  Invocation command line was

  $ ./configure --disable-option-checking --prefix=/usr/local --cache-file=/dev/null --srcdir=.

## --------- ##
## Platform. ##
## --------- ##

hostname = ip-172-31-12-113.ap-northeast-2.compute.internal
uname -m = x86_64
uname -r = 4.18.0-193.el8.x86_64
uname -s = Linux
uname -v = #1 SMP Fri Mar 27 14:35:58 UTC 2020

/usr/bin/uname -p = x86_64
/bin/uname -X     = unknown

/bin/arch              = x86_64
/usr/bin/arch -k       = unknown
/usr/convex/getsysinfo = unknown
/usr/bin/hostinfo      = unknown
/bin/machine           = unknown
/usr/bin/oslevel       = unknown
/bin/universe          = unknown

PATH: /root/.vscode-server/bin/58bb7b2331731bf72587010e943852e13e6fd3cf/bin
PATH: /root/.vscode-server/bin/58bb7b2331731bf72587010e943852e13e6fd3cf/bin
PATH: /usr/local/sbin
PATH: /usr/local/bin
PATH: /usr/sbin
PATH: /usr/bin
PATH: /usr/local/berkeleydb/bin
PATH: /usr/local/openldap/bin
PATH: /usr/local/openldap/sbin
PATH: /usr/local/berkeleydb/bin
PATH: /usr/local/openldap/bin
PATH: /usr/local/openldap/sbin
PATH: /root/bin
PATH: /usr/local/berkeleydb/bin
PATH: /usr/local/openldap/bin
PATH: /usr/local/openldap/sbin


## ----------- ##
## Core tests. ##
## ----------- ##

configure:2067: checking for gcc
configure:2083: found /usr/bin/gcc
configure:2094: result: gcc
configure:2323: checking for C compiler version
configure:2332: gcc --version >&5
gcc (GCC) 8.3.1 20191121 (Red Hat 8.3.1-5)
Copyright (C) 2018 Free Software Foundation, Inc.
This is free software; see the source for copying conditions.  There is NO
warranty; not even for MERCHANTABILITY or FITNESS FOR A PARTICULAR PURPOSE.

configure:2343: $? = 0
configure:2332: gcc -v >&5
Using built-in specs.
COLLECT_GCC=gcc
COLLECT_LTO_WRAPPER=/usr/libexec/gcc/x86_64-redhat-linux/8/lto-wrapper
OFFLOAD_TARGET_NAMES=nvptx-none
OFFLOAD_TARGET_DEFAULT=1
Target: x86_64-redhat-linux
Configured with: ../configure --enable-bootstrap --enable-languages=c,c++,fortran,lto --prefix=/usr --mandir=/usr/share/man --infodir=/usr/share/info --with-bugurl=http://bugzilla.redhat.com/bugzilla --enable-shared --enable-threads=posix --enable-checking=release --enable-multilib --with-system-zlib --enable-__cxa_atexit --disable-libunwind-exceptions --enable-gnu-unique-object --enable-linker-build-id --with-gcc-major-version-only --with-linker-hash-style=gnu --enable-plugin --enable-initfini-array --with-isl --disable-libmpx --enable-offload-targets=nvptx-none --without-cuda-driver --enable-gnu-indirect-function --enable-cet --with-tune=generic --with-arch_32=x86-64 --build=x86_64-redhat-linux
Thread model: posix
gcc version 8.3.1 20191121 (Red Hat 8.3.1-5) (GCC) 
configure:2343: $? = 0
configure:2332: gcc -V >&5
gcc: error: unrecognized command line option '-V'
gcc: fatal error: no input files
compilation terminated.
configure:2343: $? = 1
configure:2332: gcc -qversion >&5
gcc: error: unrecognized command line option '-qversion'; did you mean '--version'?
gcc: fatal error: no input files
compilation terminated.
configure:2343: $? = 1
configure:2363: checking whether the C compiler works
configure:2385: gcc    conftest.c  >&5
configure:2389: $? = 0
configure:2437: result: yes
configure:2440: checking for C compiler default output file name
configure:2442: result: a.out
configure:2448: checking for suffix of executables
configure:2455: gcc -o conftest    conftest.c  >&5
configure:2459: $? = 0
configure:2481: result: 
configure:2503: checking whether we are cross compiling
configure:2511: gcc -o conftest    conftest.c  >&5
configure:2515: $? = 0
configure:2522: ./conftest
configure:2526: $? = 0
configure:2541: result: no
configure:2546: checking for suffix of object files
configure:2568: gcc -c   conftest.c >&5
configure:2572: $? = 0
configure:2593: result: o
configure:2597: checking whether we are using the GNU C compiler
configure:2616: gcc -c   conftest.c >&5
configure:2616: $? = 0
configure:2625: result: yes
configure:2634: checking whether gcc accepts -g
configure:2654: gcc -c -g  conftest.c >&5
configure:2654: $? = 0
configure:2695: result: yes
configure:2712: checking for gcc option to accept ISO C89
configure:2775: gcc  -c -g -O2  conftest.c >&5
configure:2775: $? = 0
configure:2788: result: none needed
configure:2813: checking how to run the C preprocessor
configure:2844: gcc -E  conftest.c
configure:2844: $? = 0
configure:2858: gcc -E  conftest.c
conftest.c:9:10: fatal error: ac_nonexistent.h: No such file or directory
 #include <ac_nonexistent.h>
          ^~~~~~~~~~~~~~~~~~
compilation terminated.
configure:2858: $? = 1
configure: failed program was:
| /* confdefs.h */
| #define PACKAGE_NAME ""
| #define PACKAGE_TARNAME ""
| #define PACKAGE_VERSION ""
| #define PACKAGE_STRING ""
| #define PACKAGE_BUGREPORT ""
| #define PACKAGE_URL ""
| /* end confdefs.h.  */
| #include <ac_nonexistent.h>
configure:2883: result: gcc -E
configure:2903: gcc -E  conftest.c
configure:2903: $? = 0
configure:2917: gcc -E  conftest.c
conftest.c:9:10: fatal error: ac_nonexistent.h: No such file or directory
 #include <ac_nonexistent.h>
          ^~~~~~~~~~~~~~~~~~
compilation terminated.
configure:2917: $? = 1
configure: failed program was:
| /* confdefs.h */
| #define PACKAGE_NAME ""
| #define PACKAGE_TARNAME ""
| #define PACKAGE_VERSION ""
| #define PACKAGE_STRING ""
| #define PACKAGE_BUGREPORT ""
| #define PACKAGE_URL ""
| /* end confdefs.h.  */
| #include <ac_nonexistent.h>
configure:2947: checking for dlopen in -ldl
configure:2972: gcc -o conftest -g -O2   conftest.c -ldl   >&5
configure:2972: $? = 0
configure:2981: result: yes
configure:2989: checking for pam_start in -lpam
configure:3015: gcc -o conftest -g -O2   conftest.c -lpam  -ldl
	  >&5
configure:3015: $? = 0
configure:3024: result: yes
configure:3034: checking for grep that handles long lines and -e
configure:3092: result: /usr/bin/grep
configure:3097: checking for egrep
configure:3159: result: /usr/bin/grep -E
configure:3164: checking for ANSI C header files
configure:3184: gcc -c -g -O2  conftest.c >&5
configure:3184: $? = 0
configure:3257: gcc -o conftest -g -O2   conftest.c  >&5
configure:3257: $? = 0
configure:3257: ./conftest
configure:3257: $? = 0
configure:3268: result: yes
configure:3281: checking for sys/types.h
configure:3281: gcc -c -g -O2  conftest.c >&5
configure:3281: $? = 0
configure:3281: result: yes
configure:3281: checking for sys/stat.h
configure:3281: gcc -c -g -O2  conftest.c >&5
configure:3281: $? = 0
configure:3281: result: yes
configure:3281: checking for stdlib.h
configure:3281: gcc -c -g -O2  conftest.c >&5
configure:3281: $? = 0
configure:3281: result: yes
configure:3281: checking for string.h
configure:3281: gcc -c -g -O2  conftest.c >&5
configure:3281: $? = 0
configure:3281: result: yes
configure:3281: checking for memory.h
configure:3281: gcc -c -g -O2  conftest.c >&5
configure:3281: $? = 0
configure:3281: result: yes
configure:3281: checking for strings.h
configure:3281: gcc -c -g -O2  conftest.c >&5
configure:3281: $? = 0
configure:3281: result: yes
configure:3281: checking for inttypes.h
configure:3281: gcc -c -g -O2  conftest.c >&5
configure:3281: $? = 0
configure:3281: result: yes
configure:3281: checking for stdint.h
configure:3281: gcc -c -g -O2  conftest.c >&5
configure:3281: $? = 0
configure:3281: result: yes
configure:3281: checking for unistd.h
configure:3281: gcc -c -g -O2  conftest.c >&5
configure:3281: $? = 0
configure:3281: result: yes
configure:3299: checking security/pam_appl.h usability
configure:3299: gcc -c -g -O2  conftest.c >&5
configure:3299: $? = 0
configure:3299: result: yes
configure:3299: checking security/pam_appl.h presence
configure:3299: gcc -E  conftest.c
configure:3299: $? = 0
configure:3299: result: yes
configure:3299: checking for security/pam_appl.h
configure:3299: result: yes
configure:3299: checking pam/pam_appl.h usability
configure:3299: gcc -c -g -O2  conftest.c >&5
conftest.c:53:10: fatal error: pam/pam_appl.h: No such file or directory
 #include <pam/pam_appl.h>
          ^~~~~~~~~~~~~~~~
compilation terminated.
configure:3299: $? = 1
configure: failed program was:
| /* confdefs.h */
| #define PACKAGE_NAME ""
| #define PACKAGE_TARNAME ""
| #define PACKAGE_VERSION ""
| #define PACKAGE_STRING ""
| #define PACKAGE_BUGREPORT ""
| #define PACKAGE_URL ""
| #define STDC_HEADERS 1
| #define HAVE_SYS_TYPES_H 1
| #define HAVE_SYS_STAT_H 1
| #define HAVE_STDLIB_H 1
| #define HAVE_STRING_H 1
| #define HAVE_MEMORY_H 1
| #define HAVE_STRINGS_H 1
| #define HAVE_INTTYPES_H 1
| #define HAVE_STDINT_H 1
| #define HAVE_UNISTD_H 1
| #define HAVE_SECURITY_PAM_APPL_H 1
| /* end confdefs.h.  */
| #include <stdio.h>
| #ifdef HAVE_SYS_TYPES_H
| # include <sys/types.h>
| #endif
| #ifdef HAVE_SYS_STAT_H
| # include <sys/stat.h>
| #endif
| #ifdef STDC_HEADERS
| # include <stdlib.h>
| # include <stddef.h>
| #else
| # ifdef HAVE_STDLIB_H
| #  include <stdlib.h>
| # endif
| #endif
| #ifdef HAVE_STRING_H
| # if !defined STDC_HEADERS && defined HAVE_MEMORY_H
| #  include <memory.h>
| # endif
| # include <string.h>
| #endif
| #ifdef HAVE_STRINGS_H
| # include <strings.h>
| #endif
| #ifdef HAVE_INTTYPES_H
| # include <inttypes.h>
| #endif
| #ifdef HAVE_STDINT_H
| # include <stdint.h>
| #endif
| #ifdef HAVE_UNISTD_H
| # include <unistd.h>
| #endif
| #include <pam/pam_appl.h>
configure:3299: result: no
configure:3299: checking pam/pam_appl.h presence
configure:3299: gcc -E  conftest.c
conftest.c:20:10: fatal error: pam/pam_appl.h: No such file or directory
 #include <pam/pam_appl.h>
          ^~~~~~~~~~~~~~~~
compilation terminated.
configure:3299: $? = 1
configure: failed program was:
| /* confdefs.h */
| #define PACKAGE_NAME ""
| #define PACKAGE_TARNAME ""
| #define PACKAGE_VERSION ""
| #define PACKAGE_STRING ""
| #define PACKAGE_BUGREPORT ""
| #define PACKAGE_URL ""
| #define STDC_HEADERS 1
| #define HAVE_SYS_TYPES_H 1
| #define HAVE_SYS_STAT_H 1
| #define HAVE_STDLIB_H 1
| #define HAVE_STRING_H 1
| #define HAVE_MEMORY_H 1
| #define HAVE_STRINGS_H 1
| #define HAVE_INTTYPES_H 1
| #define HAVE_STDINT_H 1
| #define HAVE_UNISTD_H 1
| #define HAVE_SECURITY_PAM_APPL_H 1
| /* end confdefs.h.  */
| #include <pam/pam_appl.h>
configure:3299: result: no
configure:3299: checking for pam/pam_appl.h
configure:3299: result: no
configure:3313: checking for security/pam_modules.h
configure:3313: gcc -c -g -O2  conftest.c >&5
configure:3313: $? = 0
configure:3313: result: yes
configure:3313: checking for pam/pam_modules.h
configure:3313: gcc -c -g -O2  conftest.c >&5
conftest.c:31:10: fatal error: pam/pam_modules.h: No such file or directory
 #include <pam/pam_modules.h>
          ^~~~~~~~~~~~~~~~~~~
compilation terminated.
configure:3313: $? = 1
configure: failed program was:
| /* confdefs.h */
| #define PACKAGE_NAME ""
| #define PACKAGE_TARNAME ""
| #define PACKAGE_VERSION ""
| #define PACKAGE_STRING ""
| #define PACKAGE_BUGREPORT ""
| #define PACKAGE_URL ""
| #define STDC_HEADERS 1
| #define HAVE_SYS_TYPES_H 1
| #define HAVE_SYS_STAT_H 1
| #define HAVE_STDLIB_H 1
| #define HAVE_STRING_H 1
| #define HAVE_MEMORY_H 1
| #define HAVE_STRINGS_H 1
| #define HAVE_INTTYPES_H 1
| #define HAVE_STDINT_H 1
| #define HAVE_UNISTD_H 1
| #define HAVE_SECURITY_PAM_APPL_H 1
| #define HAVE_SECURITY_PAM_MODULES_H 1
| /* end confdefs.h.  */
| 
| 	    #ifdef HAVE_SECURITY_PAM_APPL_H
| 	    #  include <security/pam_appl.h>
| 	    #endif
| 	    #ifdef HAVE_PAM_PAM_APPL_H
| 	    #  include <pam/pam_appl.h>
| 	    #endif
| 
| 
| 
| #include <pam/pam_modules.h>
configure:3313: result: no
configure:3477: creating ./config.status

## ---------------------- ##
## Running config.status. ##
## ---------------------- ##

This file was extended by config.status, which was
generated by GNU Autoconf 2.69.  Invocation command line was

  CONFIG_FILES    = 
  CONFIG_HEADERS  = 
  CONFIG_LINKS    = 
  CONFIG_COMMANDS = 
  $ ./config.status 

on ip-172-31-12-113.ap-northeast-2.compute.internal

config.status:802: creating all.mk
config.status:802: creating config.h

## ---------------- ##
## Cache variables. ##
## ---------------- ##

ac_cv_c_compiler_gnu=yes
ac_cv_env_CC_set=
ac_cv_env_CC_value=
ac_cv_env_CFLAGS_set=
ac_cv_env_CFLAGS_value=
ac_cv_env_CPPFLAGS_set=
ac_cv_env_CPPFLAGS_value=
ac_cv_env_CPP_set=
ac_cv_env_CPP_value=
ac_cv_env_LDFLAGS_set=
ac_cv_env_LDFLAGS_value=
ac_cv_env_build_alias_set=
ac_cv_env_build_alias_value=
ac_cv_env_host_alias_set=
ac_cv_env_host_alias_value=
ac_cv_env_target_alias_set=
ac_cv_env_target_alias_value=
ac_cv_header_inttypes_h=yes
ac_cv_header_memory_h=yes
ac_cv_header_pam_pam_appl_h=no
ac_cv_header_pam_pam_modules_h=no
ac_cv_header_security_pam_appl_h=yes
ac_cv_header_security_pam_modules_h=yes
ac_cv_header_stdc=yes
ac_cv_header_stdint_h=yes
ac_cv_header_stdlib_h=yes
ac_cv_header_string_h=yes
ac_cv_header_strings_h=yes
ac_cv_header_sys_stat_h=yes
ac_cv_header_sys_types_h=yes
ac_cv_header_unistd_h=yes
ac_cv_lib_dl_dlopen=yes
ac_cv_lib_pam_pam_start=yes
ac_cv_objext=o
ac_cv_path_EGREP='/usr/bin/grep -E'
ac_cv_path_GREP=/usr/bin/grep
ac_cv_prog_CPP='gcc -E'
ac_cv_prog_ac_ct_CC=gcc
ac_cv_prog_cc_c89=
ac_cv_prog_cc_g=yes

## ----------------- ##
## Output variables. ##
## ----------------- ##

CC='gcc'
CFLAGS='-g -O2'
CPP='gcc -E'
CPPFLAGS=''
DEFS='-DHAVE_CONFIG_H'
ECHO_C=''
ECHO_N='-n'
ECHO_T=''
EGREP='/usr/bin/grep -E'
EXEEXT=''
GREP='/usr/bin/grep'
LDFLAGS=''
LIBOBJS=''
LIBS=''
LTLIBOBJS=''
OBJEXT='o'
PACKAGE_BUGREPORT=''
PACKAGE_NAME=''
PACKAGE_STRING=''
PACKAGE_TARNAME=''
PACKAGE_URL=''
PACKAGE_VERSION=''
PATH_SEPARATOR=':'
SHELL='/bin/sh'
ac_ct_CC='gcc'
bindir='${exec_prefix}/bin'
build_alias=''
datadir='${datarootdir}'
datarootdir='${prefix}/share'
docdir='${datarootdir}/doc/${PACKAGE}'
dvidir='${docdir}'
exec_prefix='${prefix}'
host_alias=''
htmldir='${docdir}'
includedir='${prefix}/include'
infodir='${datarootdir}/info'
libdir='${exec_prefix}/lib'
libexecdir='${exec_prefix}/libexec'
localedir='${datarootdir}/locale'
localstatedir='${prefix}/var'
mandir='${datarootdir}/man'
mod_cflags='-I.'
mod_ldflags='-lpam -ldl'
oldincludedir='/usr/include'
pdfdir='${docdir}'
prefix='/usr/local'
program_transform_name='s,x,x,'
psdir='${docdir}'
sbindir='${exec_prefix}/sbin'
sharedstatedir='${prefix}/com'
sysconfdir='${prefix}/etc'
target_alias=''
targetname='rlm_pam'

## ----------- ##
## confdefs.h. ##
## ----------- ##

/* confdefs.h */
#define PACKAGE_NAME ""
#define PACKAGE_TARNAME ""
#define PACKAGE_VERSION ""
#define PACKAGE_STRING ""
#define PACKAGE_BUGREPORT ""
#define PACKAGE_URL ""
#define STDC_HEADERS 1
#define HAVE_SYS_TYPES_H 1
#define HAVE_SYS_STAT_H 1
#define HAVE_STDLIB_H 1
#define HAVE_STRING_H 1
#define HAVE_MEMORY_H 1
#define HAVE_STRINGS_H 1
#define HAVE_INTTYPES_H 1
#define HAVE_STDINT_H 1
#define HAVE_UNISTD_H 1
#define HAVE_SECURITY_PAM_APPL_H 1
#define HAVE_SECURITY_PAM_MODULES_H 1

configure: exit 0
