This file contains any messages produced by compilers while
running configure, to aid debugging if configure makes a mistake.

It was created by configure, which was
generated by GNU Autoconf 2.69.  Invocation command line was

  $ ./configure --disable-option-checking --prefix=/usr/local --cache-file=/dev/null --srcdir=.

## --------- ##
## Platform. ##
## --------- ##

hostname = ip-172-31-12-113.ap-northeast-2.compute.internal
uname -m = x86_64
uname -r = 4.18.0-193.el8.x86_64
uname -s = Linux
uname -v = #1 SMP Fri Mar 27 14:35:58 UTC 2020

/usr/bin/uname -p = x86_64
/bin/uname -X     = unknown

/bin/arch              = x86_64
/usr/bin/arch -k       = unknown
/usr/convex/getsysinfo = unknown
/usr/bin/hostinfo      = unknown
/bin/machine           = unknown
/usr/bin/oslevel       = unknown
/bin/universe          = unknown

PATH: /root/.vscode-server/bin/58bb7b2331731bf72587010e943852e13e6fd3cf/bin
PATH: /root/.vscode-server/bin/58bb7b2331731bf72587010e943852e13e6fd3cf/bin
PATH: /usr/local/sbin
PATH: /usr/local/bin
PATH: /usr/sbin
PATH: /usr/bin
PATH: /usr/local/berkeleydb/bin
PATH: /usr/local/openldap/bin
PATH: /usr/local/openldap/sbin
PATH: /usr/local/berkeleydb/bin
PATH: /usr/local/openldap/bin
PATH: /usr/local/openldap/sbin
PATH: /root/bin
PATH: /usr/local/berkeleydb/bin
PATH: /usr/local/openldap/bin
PATH: /usr/local/openldap/sbin


## ----------- ##
## Core tests. ##
## ----------- ##

configure:1994: checking for gcc
configure:2010: found /usr/bin/gcc
configure:2021: result: gcc
configure:2250: checking for C compiler version
configure:2259: gcc --version >&5
gcc (GCC) 8.3.1 20191121 (Red Hat 8.3.1-5)
Copyright (C) 2018 Free Software Foundation, Inc.
This is free software; see the source for copying conditions.  There is NO
warranty; not even for MERCHANTABILITY or FITNESS FOR A PARTICULAR PURPOSE.

configure:2270: $? = 0
configure:2259: gcc -v >&5
Using built-in specs.
COLLECT_GCC=gcc
COLLECT_LTO_WRAPPER=/usr/libexec/gcc/x86_64-redhat-linux/8/lto-wrapper
OFFLOAD_TARGET_NAMES=nvptx-none
OFFLOAD_TARGET_DEFAULT=1
Target: x86_64-redhat-linux
Configured with: ../configure --enable-bootstrap --enable-languages=c,c++,fortran,lto --prefix=/usr --mandir=/usr/share/man --infodir=/usr/share/info --with-bugurl=http://bugzilla.redhat.com/bugzilla --enable-shared --enable-threads=posix --enable-checking=release --enable-multilib --with-system-zlib --enable-__cxa_atexit --disable-libunwind-exceptions --enable-gnu-unique-object --enable-linker-build-id --with-gcc-major-version-only --with-linker-hash-style=gnu --enable-plugin --enable-initfini-array --with-isl --disable-libmpx --enable-offload-targets=nvptx-none --without-cuda-driver --enable-gnu-indirect-function --enable-cet --with-tune=generic --with-arch_32=x86-64 --build=x86_64-redhat-linux
Thread model: posix
gcc version 8.3.1 20191121 (Red Hat 8.3.1-5) (GCC) 
configure:2270: $? = 0
configure:2259: gcc -V >&5
gcc: error: unrecognized command line option '-V'
gcc: fatal error: no input files
compilation terminated.
configure:2270: $? = 1
configure:2259: gcc -qversion >&5
gcc: error: unrecognized command line option '-qversion'; did you mean '--version'?
gcc: fatal error: no input files
compilation terminated.
configure:2270: $? = 1
configure:2290: checking whether the C compiler works
configure:2312: gcc    conftest.c  >&5
configure:2316: $? = 0
configure:2364: result: yes
configure:2367: checking for C compiler default output file name
configure:2369: result: a.out
configure:2375: checking for suffix of executables
configure:2382: gcc -o conftest    conftest.c  >&5
configure:2386: $? = 0
configure:2408: result: 
configure:2430: checking whether we are cross compiling
configure:2438: gcc -o conftest    conftest.c  >&5
configure:2442: $? = 0
configure:2449: ./conftest
configure:2453: $? = 0
configure:2468: result: no
configure:2473: checking for suffix of object files
configure:2495: gcc -c   conftest.c >&5
configure:2499: $? = 0
configure:2520: result: o
configure:2524: checking whether we are using the GNU C compiler
configure:2543: gcc -c   conftest.c >&5
configure:2543: $? = 0
configure:2552: result: yes
configure:2561: checking whether gcc accepts -g
configure:2581: gcc -c -g  conftest.c >&5
configure:2581: $? = 0
configure:2622: result: yes
configure:2639: checking for gcc option to accept ISO C89
configure:2702: gcc  -c -g -O2  conftest.c >&5
configure:2702: $? = 0
configure:2715: result: none needed
configure:2740: checking how to run the C preprocessor
configure:2771: gcc -E  conftest.c
configure:2771: $? = 0
configure:2785: gcc -E  conftest.c
conftest.c:9:10: fatal error: ac_nonexistent.h: No such file or directory
 #include <ac_nonexistent.h>
          ^~~~~~~~~~~~~~~~~~
compilation terminated.
configure:2785: $? = 1
configure: failed program was:
| /* confdefs.h */
| #define PACKAGE_NAME ""
| #define PACKAGE_TARNAME ""
| #define PACKAGE_VERSION ""
| #define PACKAGE_STRING ""
| #define PACKAGE_BUGREPORT ""
| #define PACKAGE_URL ""
| /* end confdefs.h.  */
| #include <ac_nonexistent.h>
configure:2810: result: gcc -E
configure:2830: gcc -E  conftest.c
configure:2830: $? = 0
configure:2844: gcc -E  conftest.c
conftest.c:9:10: fatal error: ac_nonexistent.h: No such file or directory
 #include <ac_nonexistent.h>
          ^~~~~~~~~~~~~~~~~~
compilation terminated.
configure:2844: $? = 1
configure: failed program was:
| /* confdefs.h */
| #define PACKAGE_NAME ""
| #define PACKAGE_TARNAME ""
| #define PACKAGE_VERSION ""
| #define PACKAGE_STRING ""
| #define PACKAGE_BUGREPORT ""
| #define PACKAGE_URL ""
| /* end confdefs.h.  */
| #include <ac_nonexistent.h>
configure:2915: checking for gawk
configure:2931: found /usr/bin/gawk
configure:2942: result: gawk
configure:3004: checking for curl-config
configure:3022: found /usr/bin/curl-config
configure:3034: result: /usr/bin/curl-config
configure:3045: checking for the version of libcurl
configure:3052: result: 7.61.1
configure:3059: checking for libcurl >= version 7.19.1
configure:3072: result: yes
configure:3113: checking whether libcurl is usable
configure:3147: gcc -o conftest -g -O2    conftest.c -lcurl  >&5
configure:3147: $? = 0
configure:3161: result: yes
configure:3174: checking for curl_free
configure:3174: gcc -o conftest -g -O2    conftest.c  -lcurl >&5
configure:3174: $? = 0
configure:3174: result: yes
configure:3274: curl-config's cflags were ""
configure:3277: Sanitized cflags are ""
configure:3430: checking for json/json.h
configure:3445: gcc -c -g -O2  conftest.c >&5
conftest.c:49:16: fatal error: json/json.h: No such file or directory
       #include <json/json.h>
                ^~~~~~~~~~~~~
compilation terminated.
configure:3445: $? = 1
configure: failed program was:
| /* confdefs.h */
| #define PACKAGE_NAME ""
| #define PACKAGE_TARNAME ""
| #define PACKAGE_VERSION ""
| #define PACKAGE_STRING ""
| #define PACKAGE_BUGREPORT ""
| #define PACKAGE_URL ""
| #define HAVE_LIBCURL 1
| #define LIBCURL_FEATURE_SSL 1
| #define LIBCURL_FEATURE_IPV6 1
| #define LIBCURL_FEATURE_UNIXSOCKETS 1
| #define LIBCURL_FEATURE_LIBZ 1
| #define LIBCURL_FEATURE_BROTLI 1
| #define LIBCURL_FEATURE_ASYNCHDNS 1
| #define LIBCURL_FEATURE_IDN 1
| #define LIBCURL_FEATURE_GSS_API 1
| #define LIBCURL_FEATURE_PSL 1
| #define LIBCURL_FEATURE_SPNEGO 1
| #define LIBCURL_FEATURE_KERBEROS 1
| #define LIBCURL_FEATURE_NTLM 1
| #define LIBCURL_FEATURE_NTLM_WB 1
| #define LIBCURL_FEATURE_TLS_SRP 1
| #define LIBCURL_FEATURE_HTTP2 1
| #define LIBCURL_FEATURE_HTTPS_PROXY 1
| #define LIBCURL_PROTOCOL_DICT 1
| #define LIBCURL_PROTOCOL_FILE 1
| #define LIBCURL_PROTOCOL_FTP 1
| #define LIBCURL_PROTOCOL_FTPS 1
| #define LIBCURL_PROTOCOL_GOPHER 1
| #define LIBCURL_PROTOCOL_HTTP 1
| #define LIBCURL_PROTOCOL_HTTPS 1
| #define LIBCURL_PROTOCOL_IMAP 1
| #define LIBCURL_PROTOCOL_IMAPS 1
| #define LIBCURL_PROTOCOL_LDAP 1
| #define LIBCURL_PROTOCOL_LDAPS 1
| #define LIBCURL_PROTOCOL_POP3 1
| #define LIBCURL_PROTOCOL_POP3S 1
| #define LIBCURL_PROTOCOL_RTSP 1
| #define LIBCURL_PROTOCOL_SCP 1
| #define LIBCURL_PROTOCOL_SFTP 1
| #define LIBCURL_PROTOCOL_SMB 1
| #define LIBCURL_PROTOCOL_SMBS 1
| #define LIBCURL_PROTOCOL_SMTP 1
| #define LIBCURL_PROTOCOL_SMTPS 1
| #define LIBCURL_PROTOCOL_TELNET 1
| #define LIBCURL_PROTOCOL_TFTP 1
| /* end confdefs.h.  */
| 
| 		    #include <json/json.h>
| int
| main ()
| {
| int a = 1;
|   ;
|   return 0;
| }
configure:3455: result: no
configure:3522: checking for json/json.h in /usr/local/include/
configure:3537: gcc -c -g -O2 -isystem /usr/local/include/  conftest.c >&5
conftest.c:49:16: fatal error: json/json.h: No such file or directory
       #include <json/json.h>
                ^~~~~~~~~~~~~
compilation terminated.
configure:3537: $? = 1
configure: failed program was:
| /* confdefs.h */
| #define PACKAGE_NAME ""
| #define PACKAGE_TARNAME ""
| #define PACKAGE_VERSION ""
| #define PACKAGE_STRING ""
| #define PACKAGE_BUGREPORT ""
| #define PACKAGE_URL ""
| #define HAVE_LIBCURL 1
| #define LIBCURL_FEATURE_SSL 1
| #define LIBCURL_FEATURE_IPV6 1
| #define LIBCURL_FEATURE_UNIXSOCKETS 1
| #define LIBCURL_FEATURE_LIBZ 1
| #define LIBCURL_FEATURE_BROTLI 1
| #define LIBCURL_FEATURE_ASYNCHDNS 1
| #define LIBCURL_FEATURE_IDN 1
| #define LIBCURL_FEATURE_GSS_API 1
| #define LIBCURL_FEATURE_PSL 1
| #define LIBCURL_FEATURE_SPNEGO 1
| #define LIBCURL_FEATURE_KERBEROS 1
| #define LIBCURL_FEATURE_NTLM 1
| #define LIBCURL_FEATURE_NTLM_WB 1
| #define LIBCURL_FEATURE_TLS_SRP 1
| #define LIBCURL_FEATURE_HTTP2 1
| #define LIBCURL_FEATURE_HTTPS_PROXY 1
| #define LIBCURL_PROTOCOL_DICT 1
| #define LIBCURL_PROTOCOL_FILE 1
| #define LIBCURL_PROTOCOL_FTP 1
| #define LIBCURL_PROTOCOL_FTPS 1
| #define LIBCURL_PROTOCOL_GOPHER 1
| #define LIBCURL_PROTOCOL_HTTP 1
| #define LIBCURL_PROTOCOL_HTTPS 1
| #define LIBCURL_PROTOCOL_IMAP 1
| #define LIBCURL_PROTOCOL_IMAPS 1
| #define LIBCURL_PROTOCOL_LDAP 1
| #define LIBCURL_PROTOCOL_LDAPS 1
| #define LIBCURL_PROTOCOL_POP3 1
| #define LIBCURL_PROTOCOL_POP3S 1
| #define LIBCURL_PROTOCOL_RTSP 1
| #define LIBCURL_PROTOCOL_SCP 1
| #define LIBCURL_PROTOCOL_SFTP 1
| #define LIBCURL_PROTOCOL_SMB 1
| #define LIBCURL_PROTOCOL_SMBS 1
| #define LIBCURL_PROTOCOL_SMTP 1
| #define LIBCURL_PROTOCOL_SMTPS 1
| #define LIBCURL_PROTOCOL_TELNET 1
| #define LIBCURL_PROTOCOL_TFTP 1
| /* end confdefs.h.  */
| 
| 		    #include <json/json.h>
| int
| main ()
| {
| int a = 1;
|   ;
|   return 0;
| }
configure:3547: result: no
configure:3522: checking for json/json.h in /opt/include/
configure:3537: gcc -c -g -O2 -isystem /opt/include/  conftest.c >&5
conftest.c:49:16: fatal error: json/json.h: No such file or directory
       #include <json/json.h>
                ^~~~~~~~~~~~~
compilation terminated.
configure:3537: $? = 1
configure: failed program was:
| /* confdefs.h */
| #define PACKAGE_NAME ""
| #define PACKAGE_TARNAME ""
| #define PACKAGE_VERSION ""
| #define PACKAGE_STRING ""
| #define PACKAGE_BUGREPORT ""
| #define PACKAGE_URL ""
| #define HAVE_LIBCURL 1
| #define LIBCURL_FEATURE_SSL 1
| #define LIBCURL_FEATURE_IPV6 1
| #define LIBCURL_FEATURE_UNIXSOCKETS 1
| #define LIBCURL_FEATURE_LIBZ 1
| #define LIBCURL_FEATURE_BROTLI 1
| #define LIBCURL_FEATURE_ASYNCHDNS 1
| #define LIBCURL_FEATURE_IDN 1
| #define LIBCURL_FEATURE_GSS_API 1
| #define LIBCURL_FEATURE_PSL 1
| #define LIBCURL_FEATURE_SPNEGO 1
| #define LIBCURL_FEATURE_KERBEROS 1
| #define LIBCURL_FEATURE_NTLM 1
| #define LIBCURL_FEATURE_NTLM_WB 1
| #define LIBCURL_FEATURE_TLS_SRP 1
| #define LIBCURL_FEATURE_HTTP2 1
| #define LIBCURL_FEATURE_HTTPS_PROXY 1
| #define LIBCURL_PROTOCOL_DICT 1
| #define LIBCURL_PROTOCOL_FILE 1
| #define LIBCURL_PROTOCOL_FTP 1
| #define LIBCURL_PROTOCOL_FTPS 1
| #define LIBCURL_PROTOCOL_GOPHER 1
| #define LIBCURL_PROTOCOL_HTTP 1
| #define LIBCURL_PROTOCOL_HTTPS 1
| #define LIBCURL_PROTOCOL_IMAP 1
| #define LIBCURL_PROTOCOL_IMAPS 1
| #define LIBCURL_PROTOCOL_LDAP 1
| #define LIBCURL_PROTOCOL_LDAPS 1
| #define LIBCURL_PROTOCOL_POP3 1
| #define LIBCURL_PROTOCOL_POP3S 1
| #define LIBCURL_PROTOCOL_RTSP 1
| #define LIBCURL_PROTOCOL_SCP 1
| #define LIBCURL_PROTOCOL_SFTP 1
| #define LIBCURL_PROTOCOL_SMB 1
| #define LIBCURL_PROTOCOL_SMBS 1
| #define LIBCURL_PROTOCOL_SMTP 1
| #define LIBCURL_PROTOCOL_SMTPS 1
| #define LIBCURL_PROTOCOL_TELNET 1
| #define LIBCURL_PROTOCOL_TFTP 1
| /* end confdefs.h.  */
| 
| 		    #include <json/json.h>
| int
| main ()
| {
| int a = 1;
|   ;
|   return 0;
| }
configure:3547: result: no
configure:3657: checking for json-c/json.h
configure:3672: gcc -c -g -O2  conftest.c >&5
configure:3672: $? = 0
configure:3675: result: yes
configure:3857: checking for json_c_version in -ljson-c
configure:3871: gcc -o conftest -g -O2     conftest.c -ljson-c  >&5
configure:3871: $? = 0
configure:3874: result: yes
configure:4174: checking for json_c_version
configure:4174: gcc -o conftest -g -O2     -ljson-c  conftest.c  -ljson-c  >&5
configure:4174: $? = 0
configure:4174: result: yes
configure:4174: checking for json_type_to_name
configure:4174: gcc -o conftest -g -O2     -ljson-c  conftest.c  -ljson-c  >&5
configure:4174: $? = 0
configure:4174: result: yes
configure:4339: creating ./config.status

## ---------------------- ##
## Running config.status. ##
## ---------------------- ##

This file was extended by config.status, which was
generated by GNU Autoconf 2.69.  Invocation command line was

  CONFIG_FILES    = 
  CONFIG_HEADERS  = 
  CONFIG_LINKS    = 
  CONFIG_COMMANDS = 
  $ ./config.status 

on ip-172-31-12-113.ap-northeast-2.compute.internal

config.status:836: creating all.mk
config.status:836: creating config.h

## ---------------- ##
## Cache variables. ##
## ---------------- ##

ac_cv_c_compiler_gnu=yes
ac_cv_env_CC_set=
ac_cv_env_CC_value=
ac_cv_env_CFLAGS_set=
ac_cv_env_CFLAGS_value=
ac_cv_env_CPPFLAGS_set=
ac_cv_env_CPPFLAGS_value=
ac_cv_env_CPP_set=
ac_cv_env_CPP_value=
ac_cv_env_LDFLAGS_set=
ac_cv_env_LDFLAGS_value=
ac_cv_env_build_alias_set=
ac_cv_env_build_alias_value=
ac_cv_env_host_alias_set=
ac_cv_env_host_alias_value=
ac_cv_env_target_alias_set=
ac_cv_env_target_alias_value=
ac_cv_func_curl_free=yes
ac_cv_func_json_c_version=yes
ac_cv_func_json_type_to_name=yes
ac_cv_header_jsonmc_json_h=yes
ac_cv_lib_json_c_json_c_version=yes
ac_cv_objext=o
ac_cv_path__libcurl_config=/usr/bin/curl-config
ac_cv_prog_AWK=gawk
ac_cv_prog_CPP='gcc -E'
ac_cv_prog_ac_ct_CC=gcc
ac_cv_prog_cc_c89=
ac_cv_prog_cc_g=yes
libcurl_cv_lib_curl_usable=yes
libcurl_cv_lib_curl_version=7.61.1
libcurl_cv_lib_version_ok=yes

## ----------------- ##
## Output variables. ##
## ----------------- ##

AWK='gawk'
CC='gcc'
CFLAGS='-g -O2'
CPP='gcc -E'
CPPFLAGS='  '
DEFS='-DHAVE_CONFIG_H'
ECHO_C=''
ECHO_N='-n'
ECHO_T=''
EXEEXT=''
LDFLAGS=' -ljson-c '
LIBCURL='-lcurl'
LIBCURL_CPPFLAGS=''
LIBOBJS=''
LIBS=' -ljson-c '
LTLIBOBJS=''
OBJEXT='o'
PACKAGE_BUGREPORT=''
PACKAGE_NAME=''
PACKAGE_STRING=''
PACKAGE_TARNAME=''
PACKAGE_URL=''
PACKAGE_VERSION=''
PATH_SEPARATOR=':'
SHELL='/bin/sh'
_libcurl_config=''
ac_ct_CC='gcc'
bindir='${exec_prefix}/bin'
build_alias=''
datadir='${datarootdir}'
datarootdir='${prefix}/share'
docdir='${datarootdir}/doc/${PACKAGE}'
dvidir='${docdir}'
exec_prefix='${prefix}'
host_alias=''
htmldir='${docdir}'
includedir='${prefix}/include'
infodir='${datarootdir}/info'
libdir='${exec_prefix}/lib'
libexecdir='${exec_prefix}/libexec'
localedir='${datarootdir}/locale'
localstatedir='${prefix}/var'
mandir='${datarootdir}/man'
mod_cflags='   '
mod_ldflags='-lcurl  -ljson-c '
oldincludedir='/usr/include'
pdfdir='${docdir}'
prefix='/usr/local'
program_transform_name='s,x,x,'
psdir='${docdir}'
sbindir='${exec_prefix}/sbin'
sharedstatedir='${prefix}/com'
sysconfdir='${prefix}/etc'
target_alias=''
targetname='rlm_rest'

## ----------- ##
## confdefs.h. ##
## ----------- ##

/* confdefs.h */
#define PACKAGE_NAME ""
#define PACKAGE_TARNAME ""
#define PACKAGE_VERSION ""
#define PACKAGE_STRING ""
#define PACKAGE_BUGREPORT ""
#define PACKAGE_URL ""
#define HAVE_LIBCURL 1
#define LIBCURL_FEATURE_SSL 1
#define LIBCURL_FEATURE_IPV6 1
#define LIBCURL_FEATURE_UNIXSOCKETS 1
#define LIBCURL_FEATURE_LIBZ 1
#define LIBCURL_FEATURE_BROTLI 1
#define LIBCURL_FEATURE_ASYNCHDNS 1
#define LIBCURL_FEATURE_IDN 1
#define LIBCURL_FEATURE_GSS_API 1
#define LIBCURL_FEATURE_PSL 1
#define LIBCURL_FEATURE_SPNEGO 1
#define LIBCURL_FEATURE_KERBEROS 1
#define LIBCURL_FEATURE_NTLM 1
#define LIBCURL_FEATURE_NTLM_WB 1
#define LIBCURL_FEATURE_TLS_SRP 1
#define LIBCURL_FEATURE_HTTP2 1
#define LIBCURL_FEATURE_HTTPS_PROXY 1
#define LIBCURL_PROTOCOL_DICT 1
#define LIBCURL_PROTOCOL_FILE 1
#define LIBCURL_PROTOCOL_FTP 1
#define LIBCURL_PROTOCOL_FTPS 1
#define LIBCURL_PROTOCOL_GOPHER 1
#define LIBCURL_PROTOCOL_HTTP 1
#define LIBCURL_PROTOCOL_HTTPS 1
#define LIBCURL_PROTOCOL_IMAP 1
#define LIBCURL_PROTOCOL_IMAPS 1
#define LIBCURL_PROTOCOL_LDAP 1
#define LIBCURL_PROTOCOL_LDAPS 1
#define LIBCURL_PROTOCOL_POP3 1
#define LIBCURL_PROTOCOL_POP3S 1
#define LIBCURL_PROTOCOL_RTSP 1
#define LIBCURL_PROTOCOL_SCP 1
#define LIBCURL_PROTOCOL_SFTP 1
#define LIBCURL_PROTOCOL_SMB 1
#define LIBCURL_PROTOCOL_SMBS 1
#define LIBCURL_PROTOCOL_SMTP 1
#define LIBCURL_PROTOCOL_SMTPS 1
#define LIBCURL_PROTOCOL_TELNET 1
#define LIBCURL_PROTOCOL_TFTP 1
#define HAVE_JSONMC_JSON_H 1
#define HAVE_JSON_C_VERSION 1
#define HAVE_JSON_TYPE_TO_NAME 1
#define HAVE_JSON 1

configure: exit 0
