This file contains any messages produced by compilers while
running configure, to aid debugging if configure makes a mistake.

It was created by configure, which was
generated by GNU Autoconf 2.69.  Invocation command line was

  $ ./configure --disable-option-checking --prefix=/usr/local --cache-file=/dev/null --srcdir=.

## --------- ##
## Platform. ##
## --------- ##

hostname = ip-172-31-12-113.ap-northeast-2.compute.internal
uname -m = x86_64
uname -r = 4.18.0-193.el8.x86_64
uname -s = Linux
uname -v = #1 SMP Fri Mar 27 14:35:58 UTC 2020

/usr/bin/uname -p = x86_64
/bin/uname -X     = unknown

/bin/arch              = x86_64
/usr/bin/arch -k       = unknown
/usr/convex/getsysinfo = unknown
/usr/bin/hostinfo      = unknown
/bin/machine           = unknown
/usr/bin/oslevel       = unknown
/bin/universe          = unknown

PATH: /root/.vscode-server/bin/58bb7b2331731bf72587010e943852e13e6fd3cf/bin
PATH: /root/.vscode-server/bin/58bb7b2331731bf72587010e943852e13e6fd3cf/bin
PATH: /usr/local/sbin
PATH: /usr/local/bin
PATH: /usr/sbin
PATH: /usr/bin
PATH: /usr/local/berkeleydb/bin
PATH: /usr/local/openldap/bin
PATH: /usr/local/openldap/sbin
PATH: /usr/local/berkeleydb/bin
PATH: /usr/local/openldap/bin
PATH: /usr/local/openldap/sbin
PATH: /root/bin
PATH: /usr/local/berkeleydb/bin
PATH: /usr/local/openldap/bin
PATH: /usr/local/openldap/sbin


## ----------- ##
## Core tests. ##
## ----------- ##

configure:1903: checking for gcc
configure:1919: found /usr/bin/gcc
configure:1930: result: gcc
configure:2159: checking for C compiler version
configure:2168: gcc --version >&5
gcc (GCC) 8.3.1 20191121 (Red Hat 8.3.1-5)
Copyright (C) 2018 Free Software Foundation, Inc.
This is free software; see the source for copying conditions.  There is NO
warranty; not even for MERCHANTABILITY or FITNESS FOR A PARTICULAR PURPOSE.

configure:2179: $? = 0
configure:2168: gcc -v >&5
Using built-in specs.
COLLECT_GCC=gcc
COLLECT_LTO_WRAPPER=/usr/libexec/gcc/x86_64-redhat-linux/8/lto-wrapper
OFFLOAD_TARGET_NAMES=nvptx-none
OFFLOAD_TARGET_DEFAULT=1
Target: x86_64-redhat-linux
Configured with: ../configure --enable-bootstrap --enable-languages=c,c++,fortran,lto --prefix=/usr --mandir=/usr/share/man --infodir=/usr/share/info --with-bugurl=http://bugzilla.redhat.com/bugzilla --enable-shared --enable-threads=posix --enable-checking=release --enable-multilib --with-system-zlib --enable-__cxa_atexit --disable-libunwind-exceptions --enable-gnu-unique-object --enable-linker-build-id --with-gcc-major-version-only --with-linker-hash-style=gnu --enable-plugin --enable-initfini-array --with-isl --disable-libmpx --enable-offload-targets=nvptx-none --without-cuda-driver --enable-gnu-indirect-function --enable-cet --with-tune=generic --with-arch_32=x86-64 --build=x86_64-redhat-linux
Thread model: posix
gcc version 8.3.1 20191121 (Red Hat 8.3.1-5) (GCC) 
configure:2179: $? = 0
configure:2168: gcc -V >&5
gcc: error: unrecognized command line option '-V'
gcc: fatal error: no input files
compilation terminated.
configure:2179: $? = 1
configure:2168: gcc -qversion >&5
gcc: error: unrecognized command line option '-qversion'; did you mean '--version'?
gcc: fatal error: no input files
compilation terminated.
configure:2179: $? = 1
configure:2199: checking whether the C compiler works
configure:2221: gcc    conftest.c  >&5
configure:2225: $? = 0
configure:2273: result: yes
configure:2276: checking for C compiler default output file name
configure:2278: result: a.out
configure:2284: checking for suffix of executables
configure:2291: gcc -o conftest    conftest.c  >&5
configure:2295: $? = 0
configure:2317: result: 
configure:2339: checking whether we are cross compiling
configure:2347: gcc -o conftest    conftest.c  >&5
configure:2351: $? = 0
configure:2358: ./conftest
configure:2362: $? = 0
configure:2377: result: no
configure:2382: checking for suffix of object files
configure:2404: gcc -c   conftest.c >&5
configure:2408: $? = 0
configure:2429: result: o
configure:2433: checking whether we are using the GNU C compiler
configure:2452: gcc -c   conftest.c >&5
configure:2452: $? = 0
configure:2461: result: yes
configure:2470: checking whether gcc accepts -g
configure:2490: gcc -c -g  conftest.c >&5
configure:2490: $? = 0
configure:2531: result: yes
configure:2548: checking for gcc option to accept ISO C89
configure:2611: gcc  -c -g -O2  conftest.c >&5
configure:2611: $? = 0
configure:2624: result: none needed
configure:2667: checking for oci.h in /usr/local/instaclient/include/
configure:2682: gcc -c -g -O2 -isystem /usr/local/instaclient/include/  conftest.c >&5
conftest.c:10:16: fatal error: oci.h: No such file or directory
       #include <oci.h>
                ^~~~~~~
compilation terminated.
configure:2682: $? = 1
configure: failed program was:
| /* confdefs.h */
| #define PACKAGE_NAME ""
| #define PACKAGE_TARNAME ""
| #define PACKAGE_VERSION ""
| #define PACKAGE_STRING ""
| #define PACKAGE_BUGREPORT ""
| #define PACKAGE_URL ""
| /* end confdefs.h.  */
| 
| 		    #include <oci.h>
| int
| main ()
| {
| int a = 1;
|   ;
|   return 0;
| }
configure:2692: result: no
configure:2737: checking for oci.h
configure:2752: gcc -c -g -O2  conftest.c >&5
conftest.c:10:16: fatal error: oci.h: No such file or directory
       #include <oci.h>
                ^~~~~~~
compilation terminated.
configure:2752: $? = 1
configure: failed program was:
| /* confdefs.h */
| #define PACKAGE_NAME ""
| #define PACKAGE_TARNAME ""
| #define PACKAGE_VERSION ""
| #define PACKAGE_STRING ""
| #define PACKAGE_BUGREPORT ""
| #define PACKAGE_URL ""
| /* end confdefs.h.  */
| 
| 		    #include <oci.h>
| int
| main ()
| {
| int a = 1;
|   ;
|   return 0;
| }
configure:2762: result: no
configure:2829: checking for oci.h in /usr/local/include/
configure:2844: gcc -c -g -O2 -isystem /usr/local/include/  conftest.c >&5
conftest.c:10:16: fatal error: oci.h: No such file or directory
       #include <oci.h>
                ^~~~~~~
compilation terminated.
configure:2844: $? = 1
configure: failed program was:
| /* confdefs.h */
| #define PACKAGE_NAME ""
| #define PACKAGE_TARNAME ""
| #define PACKAGE_VERSION ""
| #define PACKAGE_STRING ""
| #define PACKAGE_BUGREPORT ""
| #define PACKAGE_URL ""
| /* end confdefs.h.  */
| 
| 		    #include <oci.h>
| int
| main ()
| {
| int a = 1;
|   ;
|   return 0;
| }
configure:2854: result: no
configure:2829: checking for oci.h in /opt/include/
configure:2844: gcc -c -g -O2 -isystem /opt/include/  conftest.c >&5
conftest.c:10:16: fatal error: oci.h: No such file or directory
       #include <oci.h>
                ^~~~~~~
compilation terminated.
configure:2844: $? = 1
configure: failed program was:
| /* confdefs.h */
| #define PACKAGE_NAME ""
| #define PACKAGE_TARNAME ""
| #define PACKAGE_VERSION ""
| #define PACKAGE_STRING ""
| #define PACKAGE_BUGREPORT ""
| #define PACKAGE_URL ""
| /* end confdefs.h.  */
| 
| 		    #include <oci.h>
| int
| main ()
| {
| int a = 1;
|   ;
|   return 0;
| }
configure:2854: result: no
configure:2872: WARNING: oracle headers not found. Use --with-oracle-include-dir=<path> or set ORACLE_HOME.
configure:2886: WARNING: Oracle supported versions: 19 18 12 11 10 9
configure:2888: WARNING: Oracle version >= 12 needs -laio
configure:2894: checking for OCIInitialize in nnz19 in /usr/local/instaclient/lib
configure:2934: gcc -o conftest -g -O2   conftest.c  -L/usr/local/instaclient/lib -Wl,-rpath,/usr/local/instaclient/lib -lclntsh -lnnz19 >&5
conftest.c:9:10: fatal error: oci.h: No such file or directory
 #include <oci.h>
          ^~~~~~~
compilation terminated.
configure:2934: $? = 1
configure: failed program was:
| /* confdefs.h */
| #define PACKAGE_NAME ""
| #define PACKAGE_TARNAME ""
| #define PACKAGE_VERSION ""
| #define PACKAGE_STRING ""
| #define PACKAGE_BUGREPORT ""
| #define PACKAGE_URL ""
| /* end confdefs.h.  */
| #include <oci.h>
| 
| 		static OCIEnv           *p_env;
| 		static OCIError         *p_err;
| 		static OCISvcCtx        *p_svc;
| 		static OCIStmt          *p_sql;
| 		static OCIDefine        *p_dfn    = (OCIDefine *) 0;
| 		static OCIBind          *p_bnd    = (OCIBind *) 0;
| 
| int
| main ()
| {
| 
| 		int             p_bvi;
| 		char            p_sli[20];
| 		int             rc;
| 		char            errbuf[100];
| 		int             errcode;
| 
| 		rc = OCIInitialize((ub4) OCI_DEFAULT, (dvoid *)0,  /* Initialize OCI */
| 				   (dvoid * (*)(dvoid *, size_t)) 0,
| 				   (dvoid * (*)(dvoid *, dvoid *, size_t))0,
| 				   (void (*)(dvoid *, dvoid *)) 0 );
| 
| 
|   ;
|   return 0;
| }
configure:2944: result: no
configure:2894: checking for OCIInitialize in nnz18 in /usr/local/instaclient/lib
configure:2934: gcc -o conftest -g -O2   conftest.c  -L/usr/local/instaclient/lib -Wl,-rpath,/usr/local/instaclient/lib -lclntsh -lnnz18 >&5
conftest.c:9:10: fatal error: oci.h: No such file or directory
 #include <oci.h>
          ^~~~~~~
compilation terminated.
configure:2934: $? = 1
configure: failed program was:
| /* confdefs.h */
| #define PACKAGE_NAME ""
| #define PACKAGE_TARNAME ""
| #define PACKAGE_VERSION ""
| #define PACKAGE_STRING ""
| #define PACKAGE_BUGREPORT ""
| #define PACKAGE_URL ""
| /* end confdefs.h.  */
| #include <oci.h>
| 
| 		static OCIEnv           *p_env;
| 		static OCIError         *p_err;
| 		static OCISvcCtx        *p_svc;
| 		static OCIStmt          *p_sql;
| 		static OCIDefine        *p_dfn    = (OCIDefine *) 0;
| 		static OCIBind          *p_bnd    = (OCIBind *) 0;
| 
| int
| main ()
| {
| 
| 		int             p_bvi;
| 		char            p_sli[20];
| 		int             rc;
| 		char            errbuf[100];
| 		int             errcode;
| 
| 		rc = OCIInitialize((ub4) OCI_DEFAULT, (dvoid *)0,  /* Initialize OCI */
| 				   (dvoid * (*)(dvoid *, size_t)) 0,
| 				   (dvoid * (*)(dvoid *, dvoid *, size_t))0,
| 				   (void (*)(dvoid *, dvoid *)) 0 );
| 
| 
|   ;
|   return 0;
| }
configure:2944: result: no
configure:2894: checking for OCIInitialize in nnz12 in /usr/local/instaclient/lib
configure:2934: gcc -o conftest -g -O2   conftest.c  -L/usr/local/instaclient/lib -Wl,-rpath,/usr/local/instaclient/lib -lclntsh -lnnz12 >&5
conftest.c:9:10: fatal error: oci.h: No such file or directory
 #include <oci.h>
          ^~~~~~~
compilation terminated.
configure:2934: $? = 1
configure: failed program was:
| /* confdefs.h */
| #define PACKAGE_NAME ""
| #define PACKAGE_TARNAME ""
| #define PACKAGE_VERSION ""
| #define PACKAGE_STRING ""
| #define PACKAGE_BUGREPORT ""
| #define PACKAGE_URL ""
| /* end confdefs.h.  */
| #include <oci.h>
| 
| 		static OCIEnv           *p_env;
| 		static OCIError         *p_err;
| 		static OCISvcCtx        *p_svc;
| 		static OCIStmt          *p_sql;
| 		static OCIDefine        *p_dfn    = (OCIDefine *) 0;
| 		static OCIBind          *p_bnd    = (OCIBind *) 0;
| 
| int
| main ()
| {
| 
| 		int             p_bvi;
| 		char            p_sli[20];
| 		int             rc;
| 		char            errbuf[100];
| 		int             errcode;
| 
| 		rc = OCIInitialize((ub4) OCI_DEFAULT, (dvoid *)0,  /* Initialize OCI */
| 				   (dvoid * (*)(dvoid *, size_t)) 0,
| 				   (dvoid * (*)(dvoid *, dvoid *, size_t))0,
| 				   (void (*)(dvoid *, dvoid *)) 0 );
| 
| 
|   ;
|   return 0;
| }
configure:2944: result: no
configure:2894: checking for OCIInitialize in nnz11 in /usr/local/instaclient/lib
configure:2934: gcc -o conftest -g -O2   conftest.c  -L/usr/local/instaclient/lib -Wl,-rpath,/usr/local/instaclient/lib -lclntsh -lnnz11 >&5
conftest.c:9:10: fatal error: oci.h: No such file or directory
 #include <oci.h>
          ^~~~~~~
compilation terminated.
configure:2934: $? = 1
configure: failed program was:
| /* confdefs.h */
| #define PACKAGE_NAME ""
| #define PACKAGE_TARNAME ""
| #define PACKAGE_VERSION ""
| #define PACKAGE_STRING ""
| #define PACKAGE_BUGREPORT ""
| #define PACKAGE_URL ""
| /* end confdefs.h.  */
| #include <oci.h>
| 
| 		static OCIEnv           *p_env;
| 		static OCIError         *p_err;
| 		static OCISvcCtx        *p_svc;
| 		static OCIStmt          *p_sql;
| 		static OCIDefine        *p_dfn    = (OCIDefine *) 0;
| 		static OCIBind          *p_bnd    = (OCIBind *) 0;
| 
| int
| main ()
| {
| 
| 		int             p_bvi;
| 		char            p_sli[20];
| 		int             rc;
| 		char            errbuf[100];
| 		int             errcode;
| 
| 		rc = OCIInitialize((ub4) OCI_DEFAULT, (dvoid *)0,  /* Initialize OCI */
| 				   (dvoid * (*)(dvoid *, size_t)) 0,
| 				   (dvoid * (*)(dvoid *, dvoid *, size_t))0,
| 				   (void (*)(dvoid *, dvoid *)) 0 );
| 
| 
|   ;
|   return 0;
| }
configure:2944: result: no
configure:2894: checking for OCIInitialize in nnz10 in /usr/local/instaclient/lib
configure:2934: gcc -o conftest -g -O2   conftest.c  -L/usr/local/instaclient/lib -Wl,-rpath,/usr/local/instaclient/lib -lclntsh -lnnz10 >&5
conftest.c:9:10: fatal error: oci.h: No such file or directory
 #include <oci.h>
          ^~~~~~~
compilation terminated.
configure:2934: $? = 1
configure: failed program was:
| /* confdefs.h */
| #define PACKAGE_NAME ""
| #define PACKAGE_TARNAME ""
| #define PACKAGE_VERSION ""
| #define PACKAGE_STRING ""
| #define PACKAGE_BUGREPORT ""
| #define PACKAGE_URL ""
| /* end confdefs.h.  */
| #include <oci.h>
| 
| 		static OCIEnv           *p_env;
| 		static OCIError         *p_err;
| 		static OCISvcCtx        *p_svc;
| 		static OCIStmt          *p_sql;
| 		static OCIDefine        *p_dfn    = (OCIDefine *) 0;
| 		static OCIBind          *p_bnd    = (OCIBind *) 0;
| 
| int
| main ()
| {
| 
| 		int             p_bvi;
| 		char            p_sli[20];
| 		int             rc;
| 		char            errbuf[100];
| 		int             errcode;
| 
| 		rc = OCIInitialize((ub4) OCI_DEFAULT, (dvoid *)0,  /* Initialize OCI */
| 				   (dvoid * (*)(dvoid *, size_t)) 0,
| 				   (dvoid * (*)(dvoid *, dvoid *, size_t))0,
| 				   (void (*)(dvoid *, dvoid *)) 0 );
| 
| 
|   ;
|   return 0;
| }
configure:2944: result: no
configure:2894: checking for OCIInitialize in nnz9 in /usr/local/instaclient/lib
configure:2934: gcc -o conftest -g -O2   conftest.c  -L/usr/local/instaclient/lib -Wl,-rpath,/usr/local/instaclient/lib -lclntsh -lnnz9 >&5
conftest.c:9:10: fatal error: oci.h: No such file or directory
 #include <oci.h>
          ^~~~~~~
compilation terminated.
configure:2934: $? = 1
configure: failed program was:
| /* confdefs.h */
| #define PACKAGE_NAME ""
| #define PACKAGE_TARNAME ""
| #define PACKAGE_VERSION ""
| #define PACKAGE_STRING ""
| #define PACKAGE_BUGREPORT ""
| #define PACKAGE_URL ""
| /* end confdefs.h.  */
| #include <oci.h>
| 
| 		static OCIEnv           *p_env;
| 		static OCIError         *p_err;
| 		static OCISvcCtx        *p_svc;
| 		static OCIStmt          *p_sql;
| 		static OCIDefine        *p_dfn    = (OCIDefine *) 0;
| 		static OCIBind          *p_bnd    = (OCIBind *) 0;
| 
| int
| main ()
| {
| 
| 		int             p_bvi;
| 		char            p_sli[20];
| 		int             rc;
| 		char            errbuf[100];
| 		int             errcode;
| 
| 		rc = OCIInitialize((ub4) OCI_DEFAULT, (dvoid *)0,  /* Initialize OCI */
| 				   (dvoid * (*)(dvoid *, size_t)) 0,
| 				   (dvoid * (*)(dvoid *, dvoid *, size_t))0,
| 				   (void (*)(dvoid *, dvoid *)) 0 );
| 
| 
|   ;
|   return 0;
| }
configure:2944: result: no
configure:2894: checking for OCIInitialize in nnz in /usr/local/instaclient/lib
configure:2934: gcc -o conftest -g -O2   conftest.c  -L/usr/local/instaclient/lib -Wl,-rpath,/usr/local/instaclient/lib -lclntsh -lnnz >&5
conftest.c:9:10: fatal error: oci.h: No such file or directory
 #include <oci.h>
          ^~~~~~~
compilation terminated.
configure:2934: $? = 1
configure: failed program was:
| /* confdefs.h */
| #define PACKAGE_NAME ""
| #define PACKAGE_TARNAME ""
| #define PACKAGE_VERSION ""
| #define PACKAGE_STRING ""
| #define PACKAGE_BUGREPORT ""
| #define PACKAGE_URL ""
| /* end confdefs.h.  */
| #include <oci.h>
| 
| 		static OCIEnv           *p_env;
| 		static OCIError         *p_err;
| 		static OCISvcCtx        *p_svc;
| 		static OCIStmt          *p_sql;
| 		static OCIDefine        *p_dfn    = (OCIDefine *) 0;
| 		static OCIBind          *p_bnd    = (OCIBind *) 0;
| 
| int
| main ()
| {
| 
| 		int             p_bvi;
| 		char            p_sli[20];
| 		int             rc;
| 		char            errbuf[100];
| 		int             errcode;
| 
| 		rc = OCIInitialize((ub4) OCI_DEFAULT, (dvoid *)0,  /* Initialize OCI */
| 				   (dvoid * (*)(dvoid *, size_t)) 0,
| 				   (dvoid * (*)(dvoid *, dvoid *, size_t))0,
| 				   (void (*)(dvoid *, dvoid *)) 0 );
| 
| 
|   ;
|   return 0;
| }
configure:2944: result: no
configure:2897: checking for OCIInitialize in nnz19
configure:2934: gcc -o conftest -g -O2   conftest.c  -L -Wl,-rpath, -lclntsh -lnnz19 >&5
conftest.c:9:10: fatal error: oci.h: No such file or directory
 #include <oci.h>
          ^~~~~~~
compilation terminated.
configure:2934: $? = 1
configure: failed program was:
| /* confdefs.h */
| #define PACKAGE_NAME ""
| #define PACKAGE_TARNAME ""
| #define PACKAGE_VERSION ""
| #define PACKAGE_STRING ""
| #define PACKAGE_BUGREPORT ""
| #define PACKAGE_URL ""
| /* end confdefs.h.  */
| #include <oci.h>
| 
| 		static OCIEnv           *p_env;
| 		static OCIError         *p_err;
| 		static OCISvcCtx        *p_svc;
| 		static OCIStmt          *p_sql;
| 		static OCIDefine        *p_dfn    = (OCIDefine *) 0;
| 		static OCIBind          *p_bnd    = (OCIBind *) 0;
| 
| int
| main ()
| {
| 
| 		int             p_bvi;
| 		char            p_sli[20];
| 		int             rc;
| 		char            errbuf[100];
| 		int             errcode;
| 
| 		rc = OCIInitialize((ub4) OCI_DEFAULT, (dvoid *)0,  /* Initialize OCI */
| 				   (dvoid * (*)(dvoid *, size_t)) 0,
| 				   (dvoid * (*)(dvoid *, dvoid *, size_t))0,
| 				   (void (*)(dvoid *, dvoid *)) 0 );
| 
| 
|   ;
|   return 0;
| }
configure:2944: result: no
configure:2897: checking for OCIInitialize in nnz18
configure:2934: gcc -o conftest -g -O2   conftest.c  -L -Wl,-rpath, -lclntsh -lnnz18 >&5
conftest.c:9:10: fatal error: oci.h: No such file or directory
 #include <oci.h>
          ^~~~~~~
compilation terminated.
configure:2934: $? = 1
configure: failed program was:
| /* confdefs.h */
| #define PACKAGE_NAME ""
| #define PACKAGE_TARNAME ""
| #define PACKAGE_VERSION ""
| #define PACKAGE_STRING ""
| #define PACKAGE_BUGREPORT ""
| #define PACKAGE_URL ""
| /* end confdefs.h.  */
| #include <oci.h>
| 
| 		static OCIEnv           *p_env;
| 		static OCIError         *p_err;
| 		static OCISvcCtx        *p_svc;
| 		static OCIStmt          *p_sql;
| 		static OCIDefine        *p_dfn    = (OCIDefine *) 0;
| 		static OCIBind          *p_bnd    = (OCIBind *) 0;
| 
| int
| main ()
| {
| 
| 		int             p_bvi;
| 		char            p_sli[20];
| 		int             rc;
| 		char            errbuf[100];
| 		int             errcode;
| 
| 		rc = OCIInitialize((ub4) OCI_DEFAULT, (dvoid *)0,  /* Initialize OCI */
| 				   (dvoid * (*)(dvoid *, size_t)) 0,
| 				   (dvoid * (*)(dvoid *, dvoid *, size_t))0,
| 				   (void (*)(dvoid *, dvoid *)) 0 );
| 
| 
|   ;
|   return 0;
| }
configure:2944: result: no
configure:2897: checking for OCIInitialize in nnz12
configure:2934: gcc -o conftest -g -O2   conftest.c  -L -Wl,-rpath, -lclntsh -lnnz12 >&5
conftest.c:9:10: fatal error: oci.h: No such file or directory
 #include <oci.h>
          ^~~~~~~
compilation terminated.
configure:2934: $? = 1
configure: failed program was:
| /* confdefs.h */
| #define PACKAGE_NAME ""
| #define PACKAGE_TARNAME ""
| #define PACKAGE_VERSION ""
| #define PACKAGE_STRING ""
| #define PACKAGE_BUGREPORT ""
| #define PACKAGE_URL ""
| /* end confdefs.h.  */
| #include <oci.h>
| 
| 		static OCIEnv           *p_env;
| 		static OCIError         *p_err;
| 		static OCISvcCtx        *p_svc;
| 		static OCIStmt          *p_sql;
| 		static OCIDefine        *p_dfn    = (OCIDefine *) 0;
| 		static OCIBind          *p_bnd    = (OCIBind *) 0;
| 
| int
| main ()
| {
| 
| 		int             p_bvi;
| 		char            p_sli[20];
| 		int             rc;
| 		char            errbuf[100];
| 		int             errcode;
| 
| 		rc = OCIInitialize((ub4) OCI_DEFAULT, (dvoid *)0,  /* Initialize OCI */
| 				   (dvoid * (*)(dvoid *, size_t)) 0,
| 				   (dvoid * (*)(dvoid *, dvoid *, size_t))0,
| 				   (void (*)(dvoid *, dvoid *)) 0 );
| 
| 
|   ;
|   return 0;
| }
configure:2944: result: no
configure:2897: checking for OCIInitialize in nnz11
configure:2934: gcc -o conftest -g -O2   conftest.c  -L -Wl,-rpath, -lclntsh -lnnz11 >&5
conftest.c:9:10: fatal error: oci.h: No such file or directory
 #include <oci.h>
          ^~~~~~~
compilation terminated.
configure:2934: $? = 1
configure: failed program was:
| /* confdefs.h */
| #define PACKAGE_NAME ""
| #define PACKAGE_TARNAME ""
| #define PACKAGE_VERSION ""
| #define PACKAGE_STRING ""
| #define PACKAGE_BUGREPORT ""
| #define PACKAGE_URL ""
| /* end confdefs.h.  */
| #include <oci.h>
| 
| 		static OCIEnv           *p_env;
| 		static OCIError         *p_err;
| 		static OCISvcCtx        *p_svc;
| 		static OCIStmt          *p_sql;
| 		static OCIDefine        *p_dfn    = (OCIDefine *) 0;
| 		static OCIBind          *p_bnd    = (OCIBind *) 0;
| 
| int
| main ()
| {
| 
| 		int             p_bvi;
| 		char            p_sli[20];
| 		int             rc;
| 		char            errbuf[100];
| 		int             errcode;
| 
| 		rc = OCIInitialize((ub4) OCI_DEFAULT, (dvoid *)0,  /* Initialize OCI */
| 				   (dvoid * (*)(dvoid *, size_t)) 0,
| 				   (dvoid * (*)(dvoid *, dvoid *, size_t))0,
| 				   (void (*)(dvoid *, dvoid *)) 0 );
| 
| 
|   ;
|   return 0;
| }
configure:2944: result: no
configure:2897: checking for OCIInitialize in nnz10
configure:2934: gcc -o conftest -g -O2   conftest.c  -L -Wl,-rpath, -lclntsh -lnnz10 >&5
conftest.c:9:10: fatal error: oci.h: No such file or directory
 #include <oci.h>
          ^~~~~~~
compilation terminated.
configure:2934: $? = 1
configure: failed program was:
| /* confdefs.h */
| #define PACKAGE_NAME ""
| #define PACKAGE_TARNAME ""
| #define PACKAGE_VERSION ""
| #define PACKAGE_STRING ""
| #define PACKAGE_BUGREPORT ""
| #define PACKAGE_URL ""
| /* end confdefs.h.  */
| #include <oci.h>
| 
| 		static OCIEnv           *p_env;
| 		static OCIError         *p_err;
| 		static OCISvcCtx        *p_svc;
| 		static OCIStmt          *p_sql;
| 		static OCIDefine        *p_dfn    = (OCIDefine *) 0;
| 		static OCIBind          *p_bnd    = (OCIBind *) 0;
| 
| int
| main ()
| {
| 
| 		int             p_bvi;
| 		char            p_sli[20];
| 		int             rc;
| 		char            errbuf[100];
| 		int             errcode;
| 
| 		rc = OCIInitialize((ub4) OCI_DEFAULT, (dvoid *)0,  /* Initialize OCI */
| 				   (dvoid * (*)(dvoid *, size_t)) 0,
| 				   (dvoid * (*)(dvoid *, dvoid *, size_t))0,
| 				   (void (*)(dvoid *, dvoid *)) 0 );
| 
| 
|   ;
|   return 0;
| }
configure:2944: result: no
configure:2897: checking for OCIInitialize in nnz9
configure:2934: gcc -o conftest -g -O2   conftest.c  -L -Wl,-rpath, -lclntsh -lnnz9 >&5
conftest.c:9:10: fatal error: oci.h: No such file or directory
 #include <oci.h>
          ^~~~~~~
compilation terminated.
configure:2934: $? = 1
configure: failed program was:
| /* confdefs.h */
| #define PACKAGE_NAME ""
| #define PACKAGE_TARNAME ""
| #define PACKAGE_VERSION ""
| #define PACKAGE_STRING ""
| #define PACKAGE_BUGREPORT ""
| #define PACKAGE_URL ""
| /* end confdefs.h.  */
| #include <oci.h>
| 
| 		static OCIEnv           *p_env;
| 		static OCIError         *p_err;
| 		static OCISvcCtx        *p_svc;
| 		static OCIStmt          *p_sql;
| 		static OCIDefine        *p_dfn    = (OCIDefine *) 0;
| 		static OCIBind          *p_bnd    = (OCIBind *) 0;
| 
| int
| main ()
| {
| 
| 		int             p_bvi;
| 		char            p_sli[20];
| 		int             rc;
| 		char            errbuf[100];
| 		int             errcode;
| 
| 		rc = OCIInitialize((ub4) OCI_DEFAULT, (dvoid *)0,  /* Initialize OCI */
| 				   (dvoid * (*)(dvoid *, size_t)) 0,
| 				   (dvoid * (*)(dvoid *, dvoid *, size_t))0,
| 				   (void (*)(dvoid *, dvoid *)) 0 );
| 
| 
|   ;
|   return 0;
| }
configure:2944: result: no
configure:2897: checking for OCIInitialize in nnz
configure:2934: gcc -o conftest -g -O2   conftest.c  -L -Wl,-rpath, -lclntsh -lnnz >&5
conftest.c:9:10: fatal error: oci.h: No such file or directory
 #include <oci.h>
          ^~~~~~~
compilation terminated.
configure:2934: $? = 1
configure: failed program was:
| /* confdefs.h */
| #define PACKAGE_NAME ""
| #define PACKAGE_TARNAME ""
| #define PACKAGE_VERSION ""
| #define PACKAGE_STRING ""
| #define PACKAGE_BUGREPORT ""
| #define PACKAGE_URL ""
| /* end confdefs.h.  */
| #include <oci.h>
| 
| 		static OCIEnv           *p_env;
| 		static OCIError         *p_err;
| 		static OCISvcCtx        *p_svc;
| 		static OCIStmt          *p_sql;
| 		static OCIDefine        *p_dfn    = (OCIDefine *) 0;
| 		static OCIBind          *p_bnd    = (OCIBind *) 0;
| 
| int
| main ()
| {
| 
| 		int             p_bvi;
| 		char            p_sli[20];
| 		int             rc;
| 		char            errbuf[100];
| 		int             errcode;
| 
| 		rc = OCIInitialize((ub4) OCI_DEFAULT, (dvoid *)0,  /* Initialize OCI */
| 				   (dvoid * (*)(dvoid *, size_t)) 0,
| 				   (dvoid * (*)(dvoid *, dvoid *, size_t))0,
| 				   (void (*)(dvoid *, dvoid *)) 0 );
| 
| 
|   ;
|   return 0;
| }
configure:2944: result: no
configure:2894: checking for OCIInitialize in nnz19 in /opt/lib
configure:2934: gcc -o conftest -g -O2   conftest.c  -L/opt/lib -Wl,-rpath,/opt/lib -lclntsh -lnnz19 >&5
conftest.c:9:10: fatal error: oci.h: No such file or directory
 #include <oci.h>
          ^~~~~~~
compilation terminated.
configure:2934: $? = 1
configure: failed program was:
| /* confdefs.h */
| #define PACKAGE_NAME ""
| #define PACKAGE_TARNAME ""
| #define PACKAGE_VERSION ""
| #define PACKAGE_STRING ""
| #define PACKAGE_BUGREPORT ""
| #define PACKAGE_URL ""
| /* end confdefs.h.  */
| #include <oci.h>
| 
| 		static OCIEnv           *p_env;
| 		static OCIError         *p_err;
| 		static OCISvcCtx        *p_svc;
| 		static OCIStmt          *p_sql;
| 		static OCIDefine        *p_dfn    = (OCIDefine *) 0;
| 		static OCIBind          *p_bnd    = (OCIBind *) 0;
| 
| int
| main ()
| {
| 
| 		int             p_bvi;
| 		char            p_sli[20];
| 		int             rc;
| 		char            errbuf[100];
| 		int             errcode;
| 
| 		rc = OCIInitialize((ub4) OCI_DEFAULT, (dvoid *)0,  /* Initialize OCI */
| 				   (dvoid * (*)(dvoid *, size_t)) 0,
| 				   (dvoid * (*)(dvoid *, dvoid *, size_t))0,
| 				   (void (*)(dvoid *, dvoid *)) 0 );
| 
| 
|   ;
|   return 0;
| }
configure:2944: result: no
configure:2894: checking for OCIInitialize in nnz18 in /opt/lib
configure:2934: gcc -o conftest -g -O2   conftest.c  -L/opt/lib -Wl,-rpath,/opt/lib -lclntsh -lnnz18 >&5
conftest.c:9:10: fatal error: oci.h: No such file or directory
 #include <oci.h>
          ^~~~~~~
compilation terminated.
configure:2934: $? = 1
configure: failed program was:
| /* confdefs.h */
| #define PACKAGE_NAME ""
| #define PACKAGE_TARNAME ""
| #define PACKAGE_VERSION ""
| #define PACKAGE_STRING ""
| #define PACKAGE_BUGREPORT ""
| #define PACKAGE_URL ""
| /* end confdefs.h.  */
| #include <oci.h>
| 
| 		static OCIEnv           *p_env;
| 		static OCIError         *p_err;
| 		static OCISvcCtx        *p_svc;
| 		static OCIStmt          *p_sql;
| 		static OCIDefine        *p_dfn    = (OCIDefine *) 0;
| 		static OCIBind          *p_bnd    = (OCIBind *) 0;
| 
| int
| main ()
| {
| 
| 		int             p_bvi;
| 		char            p_sli[20];
| 		int             rc;
| 		char            errbuf[100];
| 		int             errcode;
| 
| 		rc = OCIInitialize((ub4) OCI_DEFAULT, (dvoid *)0,  /* Initialize OCI */
| 				   (dvoid * (*)(dvoid *, size_t)) 0,
| 				   (dvoid * (*)(dvoid *, dvoid *, size_t))0,
| 				   (void (*)(dvoid *, dvoid *)) 0 );
| 
| 
|   ;
|   return 0;
| }
configure:2944: result: no
configure:2894: checking for OCIInitialize in nnz12 in /opt/lib
configure:2934: gcc -o conftest -g -O2   conftest.c  -L/opt/lib -Wl,-rpath,/opt/lib -lclntsh -lnnz12 >&5
conftest.c:9:10: fatal error: oci.h: No such file or directory
 #include <oci.h>
          ^~~~~~~
compilation terminated.
configure:2934: $? = 1
configure: failed program was:
| /* confdefs.h */
| #define PACKAGE_NAME ""
| #define PACKAGE_TARNAME ""
| #define PACKAGE_VERSION ""
| #define PACKAGE_STRING ""
| #define PACKAGE_BUGREPORT ""
| #define PACKAGE_URL ""
| /* end confdefs.h.  */
| #include <oci.h>
| 
| 		static OCIEnv           *p_env;
| 		static OCIError         *p_err;
| 		static OCISvcCtx        *p_svc;
| 		static OCIStmt          *p_sql;
| 		static OCIDefine        *p_dfn    = (OCIDefine *) 0;
| 		static OCIBind          *p_bnd    = (OCIBind *) 0;
| 
| int
| main ()
| {
| 
| 		int             p_bvi;
| 		char            p_sli[20];
| 		int             rc;
| 		char            errbuf[100];
| 		int             errcode;
| 
| 		rc = OCIInitialize((ub4) OCI_DEFAULT, (dvoid *)0,  /* Initialize OCI */
| 				   (dvoid * (*)(dvoid *, size_t)) 0,
| 				   (dvoid * (*)(dvoid *, dvoid *, size_t))0,
| 				   (void (*)(dvoid *, dvoid *)) 0 );
| 
| 
|   ;
|   return 0;
| }
configure:2944: result: no
configure:2894: checking for OCIInitialize in nnz11 in /opt/lib
configure:2934: gcc -o conftest -g -O2   conftest.c  -L/opt/lib -Wl,-rpath,/opt/lib -lclntsh -lnnz11 >&5
conftest.c:9:10: fatal error: oci.h: No such file or directory
 #include <oci.h>
          ^~~~~~~
compilation terminated.
configure:2934: $? = 1
configure: failed program was:
| /* confdefs.h */
| #define PACKAGE_NAME ""
| #define PACKAGE_TARNAME ""
| #define PACKAGE_VERSION ""
| #define PACKAGE_STRING ""
| #define PACKAGE_BUGREPORT ""
| #define PACKAGE_URL ""
| /* end confdefs.h.  */
| #include <oci.h>
| 
| 		static OCIEnv           *p_env;
| 		static OCIError         *p_err;
| 		static OCISvcCtx        *p_svc;
| 		static OCIStmt          *p_sql;
| 		static OCIDefine        *p_dfn    = (OCIDefine *) 0;
| 		static OCIBind          *p_bnd    = (OCIBind *) 0;
| 
| int
| main ()
| {
| 
| 		int             p_bvi;
| 		char            p_sli[20];
| 		int             rc;
| 		char            errbuf[100];
| 		int             errcode;
| 
| 		rc = OCIInitialize((ub4) OCI_DEFAULT, (dvoid *)0,  /* Initialize OCI */
| 				   (dvoid * (*)(dvoid *, size_t)) 0,
| 				   (dvoid * (*)(dvoid *, dvoid *, size_t))0,
| 				   (void (*)(dvoid *, dvoid *)) 0 );
| 
| 
|   ;
|   return 0;
| }
configure:2944: result: no
configure:2894: checking for OCIInitialize in nnz10 in /opt/lib
configure:2934: gcc -o conftest -g -O2   conftest.c  -L/opt/lib -Wl,-rpath,/opt/lib -lclntsh -lnnz10 >&5
conftest.c:9:10: fatal error: oci.h: No such file or directory
 #include <oci.h>
          ^~~~~~~
compilation terminated.
configure:2934: $? = 1
configure: failed program was:
| /* confdefs.h */
| #define PACKAGE_NAME ""
| #define PACKAGE_TARNAME ""
| #define PACKAGE_VERSION ""
| #define PACKAGE_STRING ""
| #define PACKAGE_BUGREPORT ""
| #define PACKAGE_URL ""
| /* end confdefs.h.  */
| #include <oci.h>
| 
| 		static OCIEnv           *p_env;
| 		static OCIError         *p_err;
| 		static OCISvcCtx        *p_svc;
| 		static OCIStmt          *p_sql;
| 		static OCIDefine        *p_dfn    = (OCIDefine *) 0;
| 		static OCIBind          *p_bnd    = (OCIBind *) 0;
| 
| int
| main ()
| {
| 
| 		int             p_bvi;
| 		char            p_sli[20];
| 		int             rc;
| 		char            errbuf[100];
| 		int             errcode;
| 
| 		rc = OCIInitialize((ub4) OCI_DEFAULT, (dvoid *)0,  /* Initialize OCI */
| 				   (dvoid * (*)(dvoid *, size_t)) 0,
| 				   (dvoid * (*)(dvoid *, dvoid *, size_t))0,
| 				   (void (*)(dvoid *, dvoid *)) 0 );
| 
| 
|   ;
|   return 0;
| }
configure:2944: result: no
configure:2894: checking for OCIInitialize in nnz9 in /opt/lib
configure:2934: gcc -o conftest -g -O2   conftest.c  -L/opt/lib -Wl,-rpath,/opt/lib -lclntsh -lnnz9 >&5
conftest.c:9:10: fatal error: oci.h: No such file or directory
 #include <oci.h>
          ^~~~~~~
compilation terminated.
configure:2934: $? = 1
configure: failed program was:
| /* confdefs.h */
| #define PACKAGE_NAME ""
| #define PACKAGE_TARNAME ""
| #define PACKAGE_VERSION ""
| #define PACKAGE_STRING ""
| #define PACKAGE_BUGREPORT ""
| #define PACKAGE_URL ""
| /* end confdefs.h.  */
| #include <oci.h>
| 
| 		static OCIEnv           *p_env;
| 		static OCIError         *p_err;
| 		static OCISvcCtx        *p_svc;
| 		static OCIStmt          *p_sql;
| 		static OCIDefine        *p_dfn    = (OCIDefine *) 0;
| 		static OCIBind          *p_bnd    = (OCIBind *) 0;
| 
| int
| main ()
| {
| 
| 		int             p_bvi;
| 		char            p_sli[20];
| 		int             rc;
| 		char            errbuf[100];
| 		int             errcode;
| 
| 		rc = OCIInitialize((ub4) OCI_DEFAULT, (dvoid *)0,  /* Initialize OCI */
| 				   (dvoid * (*)(dvoid *, size_t)) 0,
| 				   (dvoid * (*)(dvoid *, dvoid *, size_t))0,
| 				   (void (*)(dvoid *, dvoid *)) 0 );
| 
| 
|   ;
|   return 0;
| }
configure:2944: result: no
configure:2894: checking for OCIInitialize in nnz in /opt/lib
configure:2934: gcc -o conftest -g -O2   conftest.c  -L/opt/lib -Wl,-rpath,/opt/lib -lclntsh -lnnz >&5
conftest.c:9:10: fatal error: oci.h: No such file or directory
 #include <oci.h>
          ^~~~~~~
compilation terminated.
configure:2934: $? = 1
configure: failed program was:
| /* confdefs.h */
| #define PACKAGE_NAME ""
| #define PACKAGE_TARNAME ""
| #define PACKAGE_VERSION ""
| #define PACKAGE_STRING ""
| #define PACKAGE_BUGREPORT ""
| #define PACKAGE_URL ""
| /* end confdefs.h.  */
| #include <oci.h>
| 
| 		static OCIEnv           *p_env;
| 		static OCIError         *p_err;
| 		static OCISvcCtx        *p_svc;
| 		static OCIStmt          *p_sql;
| 		static OCIDefine        *p_dfn    = (OCIDefine *) 0;
| 		static OCIBind          *p_bnd    = (OCIBind *) 0;
| 
| int
| main ()
| {
| 
| 		int             p_bvi;
| 		char            p_sli[20];
| 		int             rc;
| 		char            errbuf[100];
| 		int             errcode;
| 
| 		rc = OCIInitialize((ub4) OCI_DEFAULT, (dvoid *)0,  /* Initialize OCI */
| 				   (dvoid * (*)(dvoid *, size_t)) 0,
| 				   (dvoid * (*)(dvoid *, dvoid *, size_t))0,
| 				   (void (*)(dvoid *, dvoid *)) 0 );
| 
| 
|   ;
|   return 0;
| }
configure:2944: result: no
configure:2956: WARNING: oracle libraries not found.  Use --with-oracle-lib-dir=<path> or set ORACLE_HOME.
configure:2971: WARNING: silently not building rlm_sql_oracle.
configure:2973: WARNING: FAILURE: rlm_sql_oracle requires: oci.h libclntsh libnnz[9-12].
configure:3139: creating ./config.status

## ---------------------- ##
## Running config.status. ##
## ---------------------- ##

This file was extended by config.status, which was
generated by GNU Autoconf 2.69.  Invocation command line was

  CONFIG_FILES    = 
  CONFIG_HEADERS  = 
  CONFIG_LINKS    = 
  CONFIG_COMMANDS = 
  $ ./config.status 

on ip-172-31-12-113.ap-northeast-2.compute.internal

config.status:721: creating all.mk

## ---------------- ##
## Cache variables. ##
## ---------------- ##

ac_cv_c_compiler_gnu=yes
ac_cv_env_CC_set=
ac_cv_env_CC_value=
ac_cv_env_CFLAGS_set=
ac_cv_env_CFLAGS_value=
ac_cv_env_CPPFLAGS_set=
ac_cv_env_CPPFLAGS_value=
ac_cv_env_LDFLAGS_set=
ac_cv_env_LDFLAGS_value=
ac_cv_env_build_alias_set=
ac_cv_env_build_alias_value=
ac_cv_env_host_alias_set=
ac_cv_env_host_alias_value=
ac_cv_env_target_alias_set=
ac_cv_env_target_alias_value=
ac_cv_objext=o
ac_cv_prog_ac_ct_CC=gcc
ac_cv_prog_cc_c89=
ac_cv_prog_cc_g=yes

## ----------------- ##
## Output variables. ##
## ----------------- ##

CC='gcc'
CFLAGS='-g -O2'
CPPFLAGS=''
DEFS='-DPACKAGE_NAME=\"\" -DPACKAGE_TARNAME=\"\" -DPACKAGE_VERSION=\"\" -DPACKAGE_STRING=\"\" -DPACKAGE_BUGREPORT=\"\" -DPACKAGE_URL=\"\"'
ECHO_C=''
ECHO_N='-n'
ECHO_T=''
EXEEXT=''
LDFLAGS=''
LIBOBJS=''
LIBS=''
LTLIBOBJS=''
OBJEXT='o'
PACKAGE_BUGREPORT=''
PACKAGE_NAME=''
PACKAGE_STRING=''
PACKAGE_TARNAME=''
PACKAGE_URL=''
PACKAGE_VERSION=''
PATH_SEPARATOR=':'
SHELL='/bin/sh'
ac_ct_CC='gcc'
bindir='${exec_prefix}/bin'
build_alias=''
datadir='${datarootdir}'
datarootdir='${prefix}/share'
docdir='${datarootdir}/doc/${PACKAGE}'
dvidir='${docdir}'
exec_prefix='${prefix}'
host_alias=''
htmldir='${docdir}'
includedir='${prefix}/include'
infodir='${datarootdir}/info'
libdir='${exec_prefix}/lib'
libexecdir='${exec_prefix}/libexec'
localedir='${datarootdir}/locale'
localstatedir='${prefix}/var'
mandir='${datarootdir}/man'
mod_cflags=''
mod_ldflags=''
oldincludedir='/usr/include'
pdfdir='${docdir}'
prefix='/usr/local'
program_transform_name='s,x,x,'
psdir='${docdir}'
sbindir='${exec_prefix}/sbin'
sharedstatedir='${prefix}/com'
sysconfdir='${prefix}/etc'
target_alias=''
targetname=''

## ----------- ##
## confdefs.h. ##
## ----------- ##

/* confdefs.h */
#define PACKAGE_NAME ""
#define PACKAGE_TARNAME ""
#define PACKAGE_VERSION ""
#define PACKAGE_STRING ""
#define PACKAGE_BUGREPORT ""
#define PACKAGE_URL ""

configure: exit 0
