This file contains any messages produced by compilers while
running configure, to aid debugging if configure makes a mistake.

It was created by configure, which was
generated by GNU Autoconf 2.69.  Invocation command line was

  $ ./configure --disable-option-checking --prefix=/usr/local --cache-file=/dev/null --srcdir=.

## --------- ##
## Platform. ##
## --------- ##

hostname = ip-172-31-12-113.ap-northeast-2.compute.internal
uname -m = x86_64
uname -r = 4.18.0-193.el8.x86_64
uname -s = Linux
uname -v = #1 SMP Fri Mar 27 14:35:58 UTC 2020

/usr/bin/uname -p = x86_64
/bin/uname -X     = unknown

/bin/arch              = x86_64
/usr/bin/arch -k       = unknown
/usr/convex/getsysinfo = unknown
/usr/bin/hostinfo      = unknown
/bin/machine           = unknown
/usr/bin/oslevel       = unknown
/bin/universe          = unknown

PATH: /root/.vscode-server/bin/58bb7b2331731bf72587010e943852e13e6fd3cf/bin
PATH: /root/.vscode-server/bin/58bb7b2331731bf72587010e943852e13e6fd3cf/bin
PATH: /usr/local/sbin
PATH: /usr/local/bin
PATH: /usr/sbin
PATH: /usr/bin
PATH: /usr/local/berkeleydb/bin
PATH: /usr/local/openldap/bin
PATH: /usr/local/openldap/sbin
PATH: /usr/local/berkeleydb/bin
PATH: /usr/local/openldap/bin
PATH: /usr/local/openldap/sbin
PATH: /root/bin
PATH: /usr/local/berkeleydb/bin
PATH: /usr/local/openldap/bin
PATH: /usr/local/openldap/sbin


## ----------- ##
## Core tests. ##
## ----------- ##

configure:1895: checking for gcc
configure:1911: found /usr/bin/gcc
configure:1922: result: gcc
configure:2151: checking for C compiler version
configure:2160: gcc --version >&5
gcc (GCC) 8.3.1 20191121 (Red Hat 8.3.1-5)
Copyright (C) 2018 Free Software Foundation, Inc.
This is free software; see the source for copying conditions.  There is NO
warranty; not even for MERCHANTABILITY or FITNESS FOR A PARTICULAR PURPOSE.

configure:2171: $? = 0
configure:2160: gcc -v >&5
Using built-in specs.
COLLECT_GCC=gcc
COLLECT_LTO_WRAPPER=/usr/libexec/gcc/x86_64-redhat-linux/8/lto-wrapper
OFFLOAD_TARGET_NAMES=nvptx-none
OFFLOAD_TARGET_DEFAULT=1
Target: x86_64-redhat-linux
Configured with: ../configure --enable-bootstrap --enable-languages=c,c++,fortran,lto --prefix=/usr --mandir=/usr/share/man --infodir=/usr/share/info --with-bugurl=http://bugzilla.redhat.com/bugzilla --enable-shared --enable-threads=posix --enable-checking=release --enable-multilib --with-system-zlib --enable-__cxa_atexit --disable-libunwind-exceptions --enable-gnu-unique-object --enable-linker-build-id --with-gcc-major-version-only --with-linker-hash-style=gnu --enable-plugin --enable-initfini-array --with-isl --disable-libmpx --enable-offload-targets=nvptx-none --without-cuda-driver --enable-gnu-indirect-function --enable-cet --with-tune=generic --with-arch_32=x86-64 --build=x86_64-redhat-linux
Thread model: posix
gcc version 8.3.1 20191121 (Red Hat 8.3.1-5) (GCC) 
configure:2171: $? = 0
configure:2160: gcc -V >&5
gcc: error: unrecognized command line option '-V'
gcc: fatal error: no input files
compilation terminated.
configure:2171: $? = 1
configure:2160: gcc -qversion >&5
gcc: error: unrecognized command line option '-qversion'; did you mean '--version'?
gcc: fatal error: no input files
compilation terminated.
configure:2171: $? = 1
configure:2191: checking whether the C compiler works
configure:2213: gcc    conftest.c  >&5
configure:2217: $? = 0
configure:2265: result: yes
configure:2268: checking for C compiler default output file name
configure:2270: result: a.out
configure:2276: checking for suffix of executables
configure:2283: gcc -o conftest    conftest.c  >&5
configure:2287: $? = 0
configure:2309: result: 
configure:2331: checking whether we are cross compiling
configure:2339: gcc -o conftest    conftest.c  >&5
configure:2343: $? = 0
configure:2350: ./conftest
configure:2354: $? = 0
configure:2369: result: no
configure:2374: checking for suffix of object files
configure:2396: gcc -c   conftest.c >&5
configure:2400: $? = 0
configure:2421: result: o
configure:2425: checking whether we are using the GNU C compiler
configure:2444: gcc -c   conftest.c >&5
configure:2444: $? = 0
configure:2453: result: yes
configure:2462: checking whether gcc accepts -g
configure:2482: gcc -c -g  conftest.c >&5
configure:2482: $? = 0
configure:2523: result: yes
configure:2540: checking for gcc option to accept ISO C89
configure:2603: gcc  -c -g -O2  conftest.c >&5
configure:2603: $? = 0
configure:2616: result: none needed
configure:2650: checking for SQLConnect in -liodbc in /usr/lib
configure:2665: gcc -o conftest -g -O2 -L/usr/lib -Wl,-rpath,/usr/lib   conftest.c -liodbc  >&5
/usr/bin/ld: cannot find -liodbc
collect2: error: ld returned 1 exit status
configure:2665: $? = 1
configure: failed program was:
| /* confdefs.h */
| #define PACKAGE_NAME ""
| #define PACKAGE_TARNAME ""
| #define PACKAGE_VERSION ""
| #define PACKAGE_STRING ""
| #define PACKAGE_BUGREPORT ""
| #define PACKAGE_URL ""
| /* end confdefs.h.  */
| extern char SQLConnect();
| int
| main ()
| {
| SQLConnect()
|   ;
|   return 0;
| }
configure:2674: result: no
configure:2650: checking for SQLConnect in -liodbc in /usr/lib/iodbc
configure:2665: gcc -o conftest -g -O2 -L/usr/lib/iodbc -Wl,-rpath,/usr/lib/iodbc   conftest.c -liodbc  >&5
/usr/bin/ld: cannot find -liodbc
collect2: error: ld returned 1 exit status
configure:2665: $? = 1
configure: failed program was:
| /* confdefs.h */
| #define PACKAGE_NAME ""
| #define PACKAGE_TARNAME ""
| #define PACKAGE_VERSION ""
| #define PACKAGE_STRING ""
| #define PACKAGE_BUGREPORT ""
| #define PACKAGE_URL ""
| /* end confdefs.h.  */
| extern char SQLConnect();
| int
| main ()
| {
| SQLConnect()
|   ;
|   return 0;
| }
configure:2674: result: no
configure:2650: checking for SQLConnect in -liodbc in /usr/local/lib/iodbc
configure:2665: gcc -o conftest -g -O2 -L/usr/local/lib/iodbc -Wl,-rpath,/usr/local/lib/iodbc   conftest.c -liodbc  >&5
/usr/bin/ld: cannot find -liodbc
collect2: error: ld returned 1 exit status
configure:2665: $? = 1
configure: failed program was:
| /* confdefs.h */
| #define PACKAGE_NAME ""
| #define PACKAGE_TARNAME ""
| #define PACKAGE_VERSION ""
| #define PACKAGE_STRING ""
| #define PACKAGE_BUGREPORT ""
| #define PACKAGE_URL ""
| /* end confdefs.h.  */
| extern char SQLConnect();
| int
| main ()
| {
| SQLConnect()
|   ;
|   return 0;
| }
configure:2674: result: no
configure:2650: checking for SQLConnect in -liodbc in /usr/local/iodbc/lib/iodbc
configure:2665: gcc -o conftest -g -O2 -L/usr/local/iodbc/lib/iodbc -Wl,-rpath,/usr/local/iodbc/lib/iodbc   conftest.c -liodbc  >&5
/usr/bin/ld: cannot find -liodbc
collect2: error: ld returned 1 exit status
configure:2665: $? = 1
configure: failed program was:
| /* confdefs.h */
| #define PACKAGE_NAME ""
| #define PACKAGE_TARNAME ""
| #define PACKAGE_VERSION ""
| #define PACKAGE_STRING ""
| #define PACKAGE_BUGREPORT ""
| #define PACKAGE_URL ""
| /* end confdefs.h.  */
| extern char SQLConnect();
| int
| main ()
| {
| SQLConnect()
|   ;
|   return 0;
| }
configure:2674: result: no
configure:2685: checking for SQLConnect in -liodbc
configure:2699: gcc -o conftest -g -O2   conftest.c -liodbc  >&5
/usr/bin/ld: cannot find -liodbc
collect2: error: ld returned 1 exit status
configure:2699: $? = 1
configure: failed program was:
| /* confdefs.h */
| #define PACKAGE_NAME ""
| #define PACKAGE_TARNAME ""
| #define PACKAGE_VERSION ""
| #define PACKAGE_STRING ""
| #define PACKAGE_BUGREPORT ""
| #define PACKAGE_URL ""
| /* end confdefs.h.  */
| extern char SQLConnect();
| int
| main ()
| {
| SQLConnect()
|   ;
|   return 0;
| }
configure:2706: result: no
configure:2771: checking for SQLConnect in -liodbc in /usr/local/lib
configure:2786: gcc -o conftest -g -O2 -L/usr/local/lib -Wl,-rpath,/usr/local/lib   conftest.c -liodbc  >&5
/usr/bin/ld: cannot find -liodbc
collect2: error: ld returned 1 exit status
configure:2786: $? = 1
configure: failed program was:
| /* confdefs.h */
| #define PACKAGE_NAME ""
| #define PACKAGE_TARNAME ""
| #define PACKAGE_VERSION ""
| #define PACKAGE_STRING ""
| #define PACKAGE_BUGREPORT ""
| #define PACKAGE_URL ""
| /* end confdefs.h.  */
| extern char SQLConnect();
| int
| main ()
| {
| SQLConnect()
|   ;
|   return 0;
| }
configure:2795: result: no
configure:2771: checking for SQLConnect in -liodbc in /opt/lib
configure:2786: gcc -o conftest -g -O2 -L/opt/lib -Wl,-rpath,/opt/lib   conftest.c -liodbc  >&5
/usr/bin/ld: cannot find -liodbc
collect2: error: ld returned 1 exit status
configure:2786: $? = 1
configure: failed program was:
| /* confdefs.h */
| #define PACKAGE_NAME ""
| #define PACKAGE_TARNAME ""
| #define PACKAGE_VERSION ""
| #define PACKAGE_STRING ""
| #define PACKAGE_BUGREPORT ""
| #define PACKAGE_URL ""
| /* end confdefs.h.  */
| extern char SQLConnect();
| int
| main ()
| {
| SQLConnect()
|   ;
|   return 0;
| }
configure:2795: result: no
configure:2838: checking for isql.h in /usr/include/
configure:2853: gcc -c -g -O2 -isystem /usr/include/  conftest.c >&5
conftest.c:10:16: fatal error: isql.h: No such file or directory
       #include <isql.h>
                ^~~~~~~~
compilation terminated.
configure:2853: $? = 1
configure: failed program was:
| /* confdefs.h */
| #define PACKAGE_NAME ""
| #define PACKAGE_TARNAME ""
| #define PACKAGE_VERSION ""
| #define PACKAGE_STRING ""
| #define PACKAGE_BUGREPORT ""
| #define PACKAGE_URL ""
| /* end confdefs.h.  */
| 
| 		    #include <isql.h>
| int
| main ()
| {
| int a = 1;
|   ;
|   return 0;
| }
configure:2863: result: no
configure:2838: checking for isql.h in /usr/include/iodbc/
configure:2853: gcc -c -g -O2 -isystem /usr/include/iodbc/  conftest.c >&5
conftest.c:10:16: fatal error: isql.h: No such file or directory
       #include <isql.h>
                ^~~~~~~~
compilation terminated.
configure:2853: $? = 1
configure: failed program was:
| /* confdefs.h */
| #define PACKAGE_NAME ""
| #define PACKAGE_TARNAME ""
| #define PACKAGE_VERSION ""
| #define PACKAGE_STRING ""
| #define PACKAGE_BUGREPORT ""
| #define PACKAGE_URL ""
| /* end confdefs.h.  */
| 
| 		    #include <isql.h>
| int
| main ()
| {
| int a = 1;
|   ;
|   return 0;
| }
configure:2863: result: no
configure:2838: checking for isql.h in /usr/local/iodbc/include/
configure:2853: gcc -c -g -O2 -isystem /usr/local/iodbc/include/  conftest.c >&5
conftest.c:10:16: fatal error: isql.h: No such file or directory
       #include <isql.h>
                ^~~~~~~~
compilation terminated.
configure:2853: $? = 1
configure: failed program was:
| /* confdefs.h */
| #define PACKAGE_NAME ""
| #define PACKAGE_TARNAME ""
| #define PACKAGE_VERSION ""
| #define PACKAGE_STRING ""
| #define PACKAGE_BUGREPORT ""
| #define PACKAGE_URL ""
| /* end confdefs.h.  */
| 
| 		    #include <isql.h>
| int
| main ()
| {
| int a = 1;
|   ;
|   return 0;
| }
configure:2863: result: no
configure:2908: checking for isql.h
configure:2923: gcc -c -g -O2  conftest.c >&5
conftest.c:10:16: fatal error: isql.h: No such file or directory
       #include <isql.h>
                ^~~~~~~~
compilation terminated.
configure:2923: $? = 1
configure: failed program was:
| /* confdefs.h */
| #define PACKAGE_NAME ""
| #define PACKAGE_TARNAME ""
| #define PACKAGE_VERSION ""
| #define PACKAGE_STRING ""
| #define PACKAGE_BUGREPORT ""
| #define PACKAGE_URL ""
| /* end confdefs.h.  */
| 
| 		    #include <isql.h>
| int
| main ()
| {
| int a = 1;
|   ;
|   return 0;
| }
configure:2933: result: no
configure:3000: checking for isql.h in /usr/local/include/
configure:3015: gcc -c -g -O2 -isystem /usr/local/include/  conftest.c >&5
conftest.c:10:16: fatal error: isql.h: No such file or directory
       #include <isql.h>
                ^~~~~~~~
compilation terminated.
configure:3015: $? = 1
configure: failed program was:
| /* confdefs.h */
| #define PACKAGE_NAME ""
| #define PACKAGE_TARNAME ""
| #define PACKAGE_VERSION ""
| #define PACKAGE_STRING ""
| #define PACKAGE_BUGREPORT ""
| #define PACKAGE_URL ""
| /* end confdefs.h.  */
| 
| 		    #include <isql.h>
| int
| main ()
| {
| int a = 1;
|   ;
|   return 0;
| }
configure:3025: result: no
configure:3000: checking for isql.h in /opt/include/
configure:3015: gcc -c -g -O2 -isystem /opt/include/  conftest.c >&5
conftest.c:10:16: fatal error: isql.h: No such file or directory
       #include <isql.h>
                ^~~~~~~~
compilation terminated.
configure:3015: $? = 1
configure: failed program was:
| /* confdefs.h */
| #define PACKAGE_NAME ""
| #define PACKAGE_TARNAME ""
| #define PACKAGE_VERSION ""
| #define PACKAGE_STRING ""
| #define PACKAGE_BUGREPORT ""
| #define PACKAGE_URL ""
| /* end confdefs.h.  */
| 
| 		    #include <isql.h>
| int
| main ()
| {
| int a = 1;
|   ;
|   return 0;
| }
configure:3025: result: no
configure:3056: WARNING: silently not building rlm_sql_iodbc.
configure:3058: WARNING: FAILURE: rlm_sql_iodbc requires: libiodbc isql.h.
configure:3225: creating ./config.status

## ---------------------- ##
## Running config.status. ##
## ---------------------- ##

This file was extended by config.status, which was
generated by GNU Autoconf 2.69.  Invocation command line was

  CONFIG_FILES    = 
  CONFIG_HEADERS  = 
  CONFIG_LINKS    = 
  CONFIG_COMMANDS = 
  $ ./config.status 

on ip-172-31-12-113.ap-northeast-2.compute.internal

config.status:721: creating all.mk

## ---------------- ##
## Cache variables. ##
## ---------------- ##

ac_cv_c_compiler_gnu=yes
ac_cv_env_CC_set=
ac_cv_env_CC_value=
ac_cv_env_CFLAGS_set=
ac_cv_env_CFLAGS_value=
ac_cv_env_CPPFLAGS_set=
ac_cv_env_CPPFLAGS_value=
ac_cv_env_LDFLAGS_set=
ac_cv_env_LDFLAGS_value=
ac_cv_env_build_alias_set=
ac_cv_env_build_alias_value=
ac_cv_env_host_alias_set=
ac_cv_env_host_alias_value=
ac_cv_env_target_alias_set=
ac_cv_env_target_alias_value=
ac_cv_objext=o
ac_cv_prog_ac_ct_CC=gcc
ac_cv_prog_cc_c89=
ac_cv_prog_cc_g=yes

## ----------------- ##
## Output variables. ##
## ----------------- ##

CC='gcc'
CFLAGS='-g -O2'
CPPFLAGS=''
DEFS='-DPACKAGE_NAME=\"\" -DPACKAGE_TARNAME=\"\" -DPACKAGE_VERSION=\"\" -DPACKAGE_STRING=\"\" -DPACKAGE_BUGREPORT=\"\" -DPACKAGE_URL=\"\"'
ECHO_C=''
ECHO_N='-n'
ECHO_T=''
EXEEXT=''
LDFLAGS=''
LIBOBJS=''
LIBS=''
LTLIBOBJS=''
OBJEXT='o'
PACKAGE_BUGREPORT=''
PACKAGE_NAME=''
PACKAGE_STRING=''
PACKAGE_TARNAME=''
PACKAGE_URL=''
PACKAGE_VERSION=''
PATH_SEPARATOR=':'
SHELL='/bin/sh'
ac_ct_CC='gcc'
bindir='${exec_prefix}/bin'
build_alias=''
datadir='${datarootdir}'
datarootdir='${prefix}/share'
docdir='${datarootdir}/doc/${PACKAGE}'
dvidir='${docdir}'
exec_prefix='${prefix}'
host_alias=''
htmldir='${docdir}'
includedir='${prefix}/include'
infodir='${datarootdir}/info'
libdir='${exec_prefix}/lib'
libexecdir='${exec_prefix}/libexec'
localedir='${datarootdir}/locale'
localstatedir='${prefix}/var'
mandir='${datarootdir}/man'
mod_cflags=''
mod_ldflags=''
oldincludedir='/usr/include'
pdfdir='${docdir}'
prefix='/usr/local'
program_transform_name='s,x,x,'
psdir='${docdir}'
sbindir='${exec_prefix}/sbin'
sharedstatedir='${prefix}/com'
sysconfdir='${prefix}/etc'
target_alias=''
targetname=''

## ----------- ##
## confdefs.h. ##
## ----------- ##

/* confdefs.h */
#define PACKAGE_NAME ""
#define PACKAGE_TARNAME ""
#define PACKAGE_VERSION ""
#define PACKAGE_STRING ""
#define PACKAGE_BUGREPORT ""
#define PACKAGE_URL ""

configure: exit 0
