This file contains any messages produced by compilers while
running configure, to aid debugging if configure makes a mistake.

It was created by configure, which was
generated by GNU Autoconf 2.69.  Invocation command line was

  $ ./configure --disable-option-checking --prefix=/usr/local --cache-file=/dev/null --srcdir=.

## --------- ##
## Platform. ##
## --------- ##

hostname = ip-172-31-12-113.ap-northeast-2.compute.internal
uname -m = x86_64
uname -r = 4.18.0-193.el8.x86_64
uname -s = Linux
uname -v = #1 SMP Fri Mar 27 14:35:58 UTC 2020

/usr/bin/uname -p = x86_64
/bin/uname -X     = unknown

/bin/arch              = x86_64
/usr/bin/arch -k       = unknown
/usr/convex/getsysinfo = unknown
/usr/bin/hostinfo      = unknown
/bin/machine           = unknown
/usr/bin/oslevel       = unknown
/bin/universe          = unknown

PATH: /root/.vscode-server/bin/58bb7b2331731bf72587010e943852e13e6fd3cf/bin
PATH: /root/.vscode-server/bin/58bb7b2331731bf72587010e943852e13e6fd3cf/bin
PATH: /usr/local/sbin
PATH: /usr/local/bin
PATH: /usr/sbin
PATH: /usr/bin
PATH: /usr/local/berkeleydb/bin
PATH: /usr/local/openldap/bin
PATH: /usr/local/openldap/sbin
PATH: /usr/local/berkeleydb/bin
PATH: /usr/local/openldap/bin
PATH: /usr/local/openldap/sbin
PATH: /root/bin
PATH: /usr/local/berkeleydb/bin
PATH: /usr/local/openldap/bin
PATH: /usr/local/openldap/sbin


## ----------- ##
## Core tests. ##
## ----------- ##

configure:1984: checking for gcc
configure:2000: found /usr/bin/gcc
configure:2011: result: gcc
configure:2240: checking for C compiler version
configure:2249: gcc --version >&5
gcc (GCC) 8.3.1 20191121 (Red Hat 8.3.1-5)
Copyright (C) 2018 Free Software Foundation, Inc.
This is free software; see the source for copying conditions.  There is NO
warranty; not even for MERCHANTABILITY or FITNESS FOR A PARTICULAR PURPOSE.

configure:2260: $? = 0
configure:2249: gcc -v >&5
Using built-in specs.
COLLECT_GCC=gcc
COLLECT_LTO_WRAPPER=/usr/libexec/gcc/x86_64-redhat-linux/8/lto-wrapper
OFFLOAD_TARGET_NAMES=nvptx-none
OFFLOAD_TARGET_DEFAULT=1
Target: x86_64-redhat-linux
Configured with: ../configure --enable-bootstrap --enable-languages=c,c++,fortran,lto --prefix=/usr --mandir=/usr/share/man --infodir=/usr/share/info --with-bugurl=http://bugzilla.redhat.com/bugzilla --enable-shared --enable-threads=posix --enable-checking=release --enable-multilib --with-system-zlib --enable-__cxa_atexit --disable-libunwind-exceptions --enable-gnu-unique-object --enable-linker-build-id --with-gcc-major-version-only --with-linker-hash-style=gnu --enable-plugin --enable-initfini-array --with-isl --disable-libmpx --enable-offload-targets=nvptx-none --without-cuda-driver --enable-gnu-indirect-function --enable-cet --with-tune=generic --with-arch_32=x86-64 --build=x86_64-redhat-linux
Thread model: posix
gcc version 8.3.1 20191121 (Red Hat 8.3.1-5) (GCC) 
configure:2260: $? = 0
configure:2249: gcc -V >&5
gcc: error: unrecognized command line option '-V'
gcc: fatal error: no input files
compilation terminated.
configure:2260: $? = 1
configure:2249: gcc -qversion >&5
gcc: error: unrecognized command line option '-qversion'; did you mean '--version'?
gcc: fatal error: no input files
compilation terminated.
configure:2260: $? = 1
configure:2280: checking whether the C compiler works
configure:2302: gcc    conftest.c  >&5
configure:2306: $? = 0
configure:2354: result: yes
configure:2357: checking for C compiler default output file name
configure:2359: result: a.out
configure:2365: checking for suffix of executables
configure:2372: gcc -o conftest    conftest.c  >&5
configure:2376: $? = 0
configure:2398: result: 
configure:2420: checking whether we are cross compiling
configure:2428: gcc -o conftest    conftest.c  >&5
configure:2432: $? = 0
configure:2439: ./conftest
configure:2443: $? = 0
configure:2458: result: no
configure:2463: checking for suffix of object files
configure:2485: gcc -c   conftest.c >&5
configure:2489: $? = 0
configure:2510: result: o
configure:2514: checking whether we are using the GNU C compiler
configure:2533: gcc -c   conftest.c >&5
configure:2533: $? = 0
configure:2542: result: yes
configure:2551: checking whether gcc accepts -g
configure:2571: gcc -c -g  conftest.c >&5
configure:2571: $? = 0
configure:2612: result: yes
configure:2629: checking for gcc option to accept ISO C89
configure:2692: gcc  -c -g -O2  conftest.c >&5
configure:2692: $? = 0
configure:2705: result: none needed
configure:2730: checking how to run the C preprocessor
configure:2761: gcc -E  conftest.c
configure:2761: $? = 0
configure:2775: gcc -E  conftest.c
conftest.c:9:10: fatal error: ac_nonexistent.h: No such file or directory
 #include <ac_nonexistent.h>
          ^~~~~~~~~~~~~~~~~~
compilation terminated.
configure:2775: $? = 1
configure: failed program was:
| /* confdefs.h */
| #define PACKAGE_NAME ""
| #define PACKAGE_TARNAME ""
| #define PACKAGE_VERSION ""
| #define PACKAGE_STRING ""
| #define PACKAGE_BUGREPORT ""
| #define PACKAGE_URL ""
| /* end confdefs.h.  */
| #include <ac_nonexistent.h>
configure:2800: result: gcc -E
configure:2820: gcc -E  conftest.c
configure:2820: $? = 0
configure:2834: gcc -E  conftest.c
conftest.c:9:10: fatal error: ac_nonexistent.h: No such file or directory
 #include <ac_nonexistent.h>
          ^~~~~~~~~~~~~~~~~~
compilation terminated.
configure:2834: $? = 1
configure: failed program was:
| /* confdefs.h */
| #define PACKAGE_NAME ""
| #define PACKAGE_TARNAME ""
| #define PACKAGE_VERSION ""
| #define PACKAGE_STRING ""
| #define PACKAGE_BUGREPORT ""
| #define PACKAGE_URL ""
| /* end confdefs.h.  */
| #include <ac_nonexistent.h>
configure:2883: checking for krb5-config
configure:2902: found /bin/krb5-config
configure:2915: result: /bin/krb5-config
configure:2924: checking krb5-config CFLAGS
configure:2928: result: ""
configure:2931: checking krb5-config LDFLAGS
configure:2934: result: -lkrb5 -lk5crypto -lcom_err
configure:2937: checking krb5-config reported version
configure:2943: result: Kerberos 5 release 1.17 (117)
configure:2946: checking krb5-config reported vendor
configure:2949: result: Massachusetts Institute of Technology
configure:2952: checking canonical API type
configure:2957: result: MIT
configure:4108: checking for krb5_get_error_message
configure:4108: gcc -o conftest -g -O2    -lkrb5 -lk5crypto -lcom_err conftest.c  >&5
configure:4108: $? = 0
configure:4108: result: yes
configure:4108: checking for krb5_free_error_string
configure:4108: gcc -o conftest -g -O2    -lkrb5 -lk5crypto -lcom_err conftest.c  >&5
/tmp/cchmElOv.o: In function `main':
/root/git/3A/freeradius-server-3.0.21/src/modules/rlm_krb5/conftest.c:44: undefined reference to `krb5_free_error_string'
collect2: error: ld returned 1 exit status
configure:4108: $? = 1
configure: failed program was:
| /* confdefs.h */
| #define PACKAGE_NAME ""
| #define PACKAGE_TARNAME ""
| #define PACKAGE_VERSION ""
| #define PACKAGE_STRING ""
| #define PACKAGE_BUGREPORT ""
| #define PACKAGE_URL ""
| #define HAVE_KRB5_GET_ERROR_MESSAGE 1
| /* end confdefs.h.  */
| /* Define krb5_free_error_string to an innocuous variant, in case <limits.h> declares krb5_free_error_string.
|    For example, HP-UX 11i <limits.h> declares gettimeofday.  */
| #define krb5_free_error_string innocuous_krb5_free_error_string
| 
| /* System header to define __stub macros and hopefully few prototypes,
|     which can conflict with char krb5_free_error_string (); below.
|     Prefer <limits.h> to <assert.h> if __STDC__ is defined, since
|     <limits.h> exists even on freestanding compilers.  */
| 
| #ifdef __STDC__
| # include <limits.h>
| #else
| # include <assert.h>
| #endif
| 
| #undef krb5_free_error_string
| 
| /* Override any GCC internal prototype to avoid an error.
|    Use char because int might match the return type of a GCC
|    builtin and then its argument prototype would still apply.  */
| #ifdef __cplusplus
| extern "C"
| #endif
| char krb5_free_error_string ();
| /* The GNU C library defines this for functions which it implements
|     to always fail with ENOSYS.  Some functions are actually named
|     something starting with __ and the normal name is an alias.  */
| #if defined __stub_krb5_free_error_string || defined __stub___krb5_free_error_string
| choke me
| #endif
| 
| int
| main ()
| {
| return krb5_free_error_string ();
|   ;
|   return 0;
| }
configure:4108: result: no
configure:4108: checking for krb5_free_error_message
configure:4108: gcc -o conftest -g -O2    -lkrb5 -lk5crypto -lcom_err conftest.c  >&5
configure:4108: $? = 0
configure:4108: result: yes
configure:4178: checking for krb5_is_thread_safe in -lkrb5
configure:4192: gcc -o conftest -g -O2    -lkrb5 -lk5crypto -lcom_err conftest.c -lkrb5  >&5
configure:4192: $? = 0
configure:4195: result: yes
configure:4322: gcc -o conftest -g -O2    -lkrb5 -lk5crypto -lcom_err conftest.c  -lkrb5  >&5
configure:4322: $? = 0
configure:4322: ./conftest
configure:4322: $? = 0
configure:4430: checking for com_err.h
configure:4445: gcc -c -g -O2   conftest.c >&5
configure:4445: $? = 0
configure:4448: result: yes
configure:4980: creating ./config.status

## ---------------------- ##
## Running config.status. ##
## ---------------------- ##

This file was extended by config.status, which was
generated by GNU Autoconf 2.69.  Invocation command line was

  CONFIG_FILES    = 
  CONFIG_HEADERS  = 
  CONFIG_LINKS    = 
  CONFIG_COMMANDS = 
  $ ./config.status 

on ip-172-31-12-113.ap-northeast-2.compute.internal

config.status:724: creating all.mk

## ---------------- ##
## Cache variables. ##
## ---------------- ##

ac_cv_c_compiler_gnu=yes
ac_cv_env_CC_set=
ac_cv_env_CC_value=
ac_cv_env_CFLAGS_set=
ac_cv_env_CFLAGS_value=
ac_cv_env_CPPFLAGS_set=
ac_cv_env_CPPFLAGS_value=
ac_cv_env_CPP_set=
ac_cv_env_CPP_value=
ac_cv_env_LDFLAGS_set=
ac_cv_env_LDFLAGS_value=
ac_cv_env_build_alias_set=
ac_cv_env_build_alias_value=
ac_cv_env_host_alias_set=
ac_cv_env_host_alias_value=
ac_cv_env_target_alias_set=
ac_cv_env_target_alias_value=
ac_cv_func_krb5_free_error_message=yes
ac_cv_func_krb5_free_error_string=no
ac_cv_func_krb5_get_error_message=yes
ac_cv_header_com_err_h=yes
ac_cv_lib_krb5_krb5_is_thread_safe=yes
ac_cv_objext=o
ac_cv_path_krb5_config=/bin/krb5-config
ac_cv_prog_CPP='gcc -E'
ac_cv_prog_ac_ct_CC=gcc
ac_cv_prog_cc_c89=
ac_cv_prog_cc_g=yes

## ----------------- ##
## Output variables. ##
## ----------------- ##

CC='gcc'
CFLAGS='-g -O2 '
CPP='gcc -E'
CPPFLAGS='  '
DEFS='-DPACKAGE_NAME=\"\" -DPACKAGE_TARNAME=\"\" -DPACKAGE_VERSION=\"\" -DPACKAGE_STRING=\"\" -DPACKAGE_BUGREPORT=\"\" -DPACKAGE_URL=\"\" -DHAVE_KRB5_GET_ERROR_MESSAGE=1 -DHAVE_KRB5_FREE_ERROR_MESSAGE=1'
ECHO_C=''
ECHO_N='-n'
ECHO_T=''
EXEEXT=''
LDFLAGS=' -lkrb5 -lk5crypto -lcom_err'
LIBOBJS=''
LIBS=' -lkrb5 '
LTLIBOBJS=''
OBJEXT='o'
PACKAGE_BUGREPORT=''
PACKAGE_NAME=''
PACKAGE_STRING=''
PACKAGE_TARNAME=''
PACKAGE_URL=''
PACKAGE_VERSION=''
PATH_SEPARATOR=':'
SHELL='/bin/sh'
ac_ct_CC='gcc'
bindir='${exec_prefix}/bin'
build_alias=''
datadir='${datarootdir}'
datarootdir='${prefix}/share'
docdir='${datarootdir}/doc/${PACKAGE}'
dvidir='${docdir}'
exec_prefix='${prefix}'
host_alias=''
htmldir='${docdir}'
includedir='${prefix}/include'
infodir='${datarootdir}/info'
krb5_config='/bin/krb5-config'
libdir='${exec_prefix}/lib'
libexecdir='${exec_prefix}/libexec'
localedir='${datarootdir}/locale'
localstatedir='${prefix}/var'
mandir='${datarootdir}/man'
mod_cflags=' -DHAVE_KRB5_GET_ERROR_MESSAGE -DHAVE_KRB5_FREE_ERROR_MESSAGE -DKRB5_IS_THREAD_SAFE   '
mod_ldflags='   -lkrb5 -lkrb5 -lk5crypto -lcom_err'
oldincludedir='/usr/include'
pdfdir='${docdir}'
prefix='/usr/local'
program_transform_name='s,x,x,'
psdir='${docdir}'
sbindir='${exec_prefix}/sbin'
sharedstatedir='${prefix}/com'
sysconfdir='${prefix}/etc'
target_alias=''
targetname='rlm_krb5'

## ----------- ##
## confdefs.h. ##
## ----------- ##

/* confdefs.h */
#define PACKAGE_NAME ""
#define PACKAGE_TARNAME ""
#define PACKAGE_VERSION ""
#define PACKAGE_STRING ""
#define PACKAGE_BUGREPORT ""
#define PACKAGE_URL ""
#define HAVE_KRB5_GET_ERROR_MESSAGE 1
#define HAVE_KRB5_FREE_ERROR_MESSAGE 1

configure: exit 0
