This file contains any messages produced by compilers while
running configure, to aid debugging if configure makes a mistake.

It was created by configure, which was
generated by GNU Autoconf 2.69.  Invocation command line was

  $ ./configure --disable-option-checking --prefix=/usr/local --cache-file=/dev/null --srcdir=.

## --------- ##
## Platform. ##
## --------- ##

hostname = ip-172-31-12-113.ap-northeast-2.compute.internal
uname -m = x86_64
uname -r = 4.18.0-193.el8.x86_64
uname -s = Linux
uname -v = #1 SMP Fri Mar 27 14:35:58 UTC 2020

/usr/bin/uname -p = x86_64
/bin/uname -X     = unknown

/bin/arch              = x86_64
/usr/bin/arch -k       = unknown
/usr/convex/getsysinfo = unknown
/usr/bin/hostinfo      = unknown
/bin/machine           = unknown
/usr/bin/oslevel       = unknown
/bin/universe          = unknown

PATH: /root/.vscode-server/bin/58bb7b2331731bf72587010e943852e13e6fd3cf/bin
PATH: /root/.vscode-server/bin/58bb7b2331731bf72587010e943852e13e6fd3cf/bin
PATH: /usr/local/sbin
PATH: /usr/local/bin
PATH: /usr/sbin
PATH: /usr/bin
PATH: /usr/local/berkeleydb/bin
PATH: /usr/local/openldap/bin
PATH: /usr/local/openldap/sbin
PATH: /usr/local/berkeleydb/bin
PATH: /usr/local/openldap/bin
PATH: /usr/local/openldap/sbin
PATH: /root/bin
PATH: /usr/local/berkeleydb/bin
PATH: /usr/local/openldap/bin
PATH: /usr/local/openldap/sbin


## ----------- ##
## Core tests. ##
## ----------- ##

configure:1787: checking for gcc
configure:1803: found /usr/bin/gcc
configure:1814: result: gcc
configure:2043: checking for C compiler version
configure:2052: gcc --version >&5
gcc (GCC) 8.3.1 20191121 (Red Hat 8.3.1-5)
Copyright (C) 2018 Free Software Foundation, Inc.
This is free software; see the source for copying conditions.  There is NO
warranty; not even for MERCHANTABILITY or FITNESS FOR A PARTICULAR PURPOSE.

configure:2063: $? = 0
configure:2052: gcc -v >&5
Using built-in specs.
COLLECT_GCC=gcc
COLLECT_LTO_WRAPPER=/usr/libexec/gcc/x86_64-redhat-linux/8/lto-wrapper
OFFLOAD_TARGET_NAMES=nvptx-none
OFFLOAD_TARGET_DEFAULT=1
Target: x86_64-redhat-linux
Configured with: ../configure --enable-bootstrap --enable-languages=c,c++,fortran,lto --prefix=/usr --mandir=/usr/share/man --infodir=/usr/share/info --with-bugurl=http://bugzilla.redhat.com/bugzilla --enable-shared --enable-threads=posix --enable-checking=release --enable-multilib --with-system-zlib --enable-__cxa_atexit --disable-libunwind-exceptions --enable-gnu-unique-object --enable-linker-build-id --with-gcc-major-version-only --with-linker-hash-style=gnu --enable-plugin --enable-initfini-array --with-isl --disable-libmpx --enable-offload-targets=nvptx-none --without-cuda-driver --enable-gnu-indirect-function --enable-cet --with-tune=generic --with-arch_32=x86-64 --build=x86_64-redhat-linux
Thread model: posix
gcc version 8.3.1 20191121 (Red Hat 8.3.1-5) (GCC) 
configure:2063: $? = 0
configure:2052: gcc -V >&5
gcc: error: unrecognized command line option '-V'
gcc: fatal error: no input files
compilation terminated.
configure:2063: $? = 1
configure:2052: gcc -qversion >&5
gcc: error: unrecognized command line option '-qversion'; did you mean '--version'?
gcc: fatal error: no input files
compilation terminated.
configure:2063: $? = 1
configure:2083: checking whether the C compiler works
configure:2105: gcc    conftest.c  >&5
configure:2109: $? = 0
configure:2157: result: yes
configure:2160: checking for C compiler default output file name
configure:2162: result: a.out
configure:2168: checking for suffix of executables
configure:2175: gcc -o conftest    conftest.c  >&5
configure:2179: $? = 0
configure:2201: result: 
configure:2223: checking whether we are cross compiling
configure:2231: gcc -o conftest    conftest.c  >&5
configure:2235: $? = 0
configure:2242: ./conftest
configure:2246: $? = 0
configure:2261: result: no
configure:2266: checking for suffix of object files
configure:2288: gcc -c   conftest.c >&5
configure:2292: $? = 0
configure:2313: result: o
configure:2317: checking whether we are using the GNU C compiler
configure:2336: gcc -c   conftest.c >&5
configure:2336: $? = 0
configure:2345: result: yes
configure:2354: checking whether gcc accepts -g
configure:2374: gcc -c -g  conftest.c >&5
configure:2374: $? = 0
configure:2415: result: yes
configure:2432: checking for gcc option to accept ISO C89
configure:2495: gcc  -c -g -O2  conftest.c >&5
configure:2495: $? = 0
configure:2508: result: none needed
configure:2767: creating ./config.status

## ---------------------- ##
## Running config.status. ##
## ---------------------- ##

This file was extended by config.status, which was
generated by GNU Autoconf 2.69.  Invocation command line was

  CONFIG_FILES    = 
  CONFIG_HEADERS  = 
  CONFIG_LINKS    = 
  CONFIG_COMMANDS = 
  $ ./config.status 

on ip-172-31-12-113.ap-northeast-2.compute.internal

config.status:723: creating all.mk
configure:3838: === configuring in ./drivers/rlm_sql_iodbc (/root/git/3A/freeradius-server-3.0.21/src/modules/rlm_sql/./drivers/rlm_sql_iodbc)
configure:3901: running /bin/sh ./configure --disable-option-checking '--prefix=/usr/local'  --cache-file=/dev/null --srcdir=.
configure:3838: === configuring in ./drivers/rlm_sql_mysql (/root/git/3A/freeradius-server-3.0.21/src/modules/rlm_sql/./drivers/rlm_sql_mysql)
configure:3901: running /bin/sh ./configure --disable-option-checking '--prefix=/usr/local'  --cache-file=/dev/null --srcdir=.
configure:3838: === configuring in ./drivers/rlm_sql_postgresql (/root/git/3A/freeradius-server-3.0.21/src/modules/rlm_sql/./drivers/rlm_sql_postgresql)
configure:3901: running /bin/sh ./configure --disable-option-checking '--prefix=/usr/local'  --cache-file=/dev/null --srcdir=.
configure:3838: === configuring in ./drivers/rlm_sql_oracle (/root/git/3A/freeradius-server-3.0.21/src/modules/rlm_sql/./drivers/rlm_sql_oracle)
configure:3901: running /bin/sh ./configure --disable-option-checking '--prefix=/usr/local'  --cache-file=/dev/null --srcdir=.
configure:3838: === configuring in ./drivers/rlm_sql_unixodbc (/root/git/3A/freeradius-server-3.0.21/src/modules/rlm_sql/./drivers/rlm_sql_unixodbc)
configure:3901: running /bin/sh ./configure --disable-option-checking '--prefix=/usr/local'  --cache-file=/dev/null --srcdir=.
configure:3838: === configuring in ./drivers/rlm_sql_sqlite (/root/git/3A/freeradius-server-3.0.21/src/modules/rlm_sql/./drivers/rlm_sql_sqlite)
configure:3901: running /bin/sh ./configure --disable-option-checking '--prefix=/usr/local'  --cache-file=/dev/null --srcdir=.
configure:3838: === configuring in ./drivers/rlm_sql_freetds (/root/git/3A/freeradius-server-3.0.21/src/modules/rlm_sql/./drivers/rlm_sql_freetds)
configure:3901: running /bin/sh ./configure --disable-option-checking '--prefix=/usr/local'  --cache-file=/dev/null --srcdir=.

## ---------------- ##
## Cache variables. ##
## ---------------- ##

ac_cv_c_compiler_gnu=yes
ac_cv_env_CC_set=
ac_cv_env_CC_value=
ac_cv_env_CFLAGS_set=
ac_cv_env_CFLAGS_value=
ac_cv_env_CPPFLAGS_set=
ac_cv_env_CPPFLAGS_value=
ac_cv_env_LDFLAGS_set=
ac_cv_env_LDFLAGS_value=
ac_cv_env_build_alias_set=
ac_cv_env_build_alias_value=
ac_cv_env_host_alias_set=
ac_cv_env_host_alias_value=
ac_cv_env_target_alias_set=
ac_cv_env_target_alias_value=
ac_cv_objext=o
ac_cv_prog_ac_ct_CC=gcc
ac_cv_prog_cc_c89=
ac_cv_prog_cc_g=yes

## ----------------- ##
## Output variables. ##
## ----------------- ##

CC='gcc'
CFLAGS='-g -O2'
CPPFLAGS=''
DEFS='-DPACKAGE_NAME=\"\" -DPACKAGE_TARNAME=\"\" -DPACKAGE_VERSION=\"\" -DPACKAGE_STRING=\"\" -DPACKAGE_BUGREPORT=\"\" -DPACKAGE_URL=\"\"'
ECHO_C=''
ECHO_N='-n'
ECHO_T=''
EXEEXT=''
LDFLAGS=''
LIBOBJS=''
LIBS=''
LTLIBOBJS=''
OBJEXT='o'
PACKAGE_BUGREPORT=''
PACKAGE_NAME=''
PACKAGE_STRING=''
PACKAGE_TARNAME=''
PACKAGE_URL=''
PACKAGE_VERSION=''
PATH_SEPARATOR=':'
SHELL='/bin/sh'
ac_ct_CC='gcc'
bindir='${exec_prefix}/bin'
build_alias=''
datadir='${datarootdir}'
datarootdir='${prefix}/share'
docdir='${datarootdir}/doc/${PACKAGE}'
dvidir='${docdir}'
exec_prefix='${prefix}'
host_alias=''
htmldir='${docdir}'
includedir='${prefix}/include'
infodir='${datarootdir}/info'
libdir='${exec_prefix}/lib'
libexecdir='${exec_prefix}/libexec'
localedir='${datarootdir}/locale'
localstatedir='${prefix}/var'
mandir='${datarootdir}/man'
mod_cflags=''
mod_ldflags=''
oldincludedir='/usr/include'
pdfdir='${docdir}'
prefix='/usr/local'
program_transform_name='s,x,x,'
psdir='${docdir}'
sbindir='${exec_prefix}/sbin'
sharedstatedir='${prefix}/com'
subdirs='  ./drivers/rlm_sql_iodbc ./drivers/rlm_sql_mysql ./drivers/rlm_sql_postgresql ./drivers/rlm_sql_oracle ./drivers/rlm_sql_unixodbc ./drivers/rlm_sql_sqlite ./drivers/rlm_sql_freetds'
sysconfdir='${prefix}/etc'
target_alias=''
targetname='rlm_sql'

## ----------- ##
## confdefs.h. ##
## ----------- ##

/* confdefs.h */
#define PACKAGE_NAME ""
#define PACKAGE_TARNAME ""
#define PACKAGE_VERSION ""
#define PACKAGE_STRING ""
#define PACKAGE_BUGREPORT ""
#define PACKAGE_URL ""

configure: exit 0
