This file contains any messages produced by compilers while
running configure, to aid debugging if configure makes a mistake.

It was created by configure, which was
generated by GNU Autoconf 2.69.  Invocation command line was

  $ ./configure --disable-option-checking --prefix=/usr/local --cache-file=/dev/null --srcdir=.

## --------- ##
## Platform. ##
## --------- ##

hostname = ip-172-31-12-113.ap-northeast-2.compute.internal
uname -m = x86_64
uname -r = 4.18.0-193.el8.x86_64
uname -s = Linux
uname -v = #1 SMP Fri Mar 27 14:35:58 UTC 2020

/usr/bin/uname -p = x86_64
/bin/uname -X     = unknown

/bin/arch              = x86_64
/usr/bin/arch -k       = unknown
/usr/convex/getsysinfo = unknown
/usr/bin/hostinfo      = unknown
/bin/machine           = unknown
/usr/bin/oslevel       = unknown
/bin/universe          = unknown

PATH: /root/.vscode-server/bin/58bb7b2331731bf72587010e943852e13e6fd3cf/bin
PATH: /root/.vscode-server/bin/58bb7b2331731bf72587010e943852e13e6fd3cf/bin
PATH: /usr/local/sbin
PATH: /usr/local/bin
PATH: /usr/sbin
PATH: /usr/bin
PATH: /usr/local/berkeleydb/bin
PATH: /usr/local/openldap/bin
PATH: /usr/local/openldap/sbin
PATH: /usr/local/berkeleydb/bin
PATH: /usr/local/openldap/bin
PATH: /usr/local/openldap/sbin
PATH: /root/bin
PATH: /usr/local/berkeleydb/bin
PATH: /usr/local/openldap/bin
PATH: /usr/local/openldap/sbin


## ----------- ##
## Core tests. ##
## ----------- ##

configure:1881: checking for gcc
configure:1897: found /usr/bin/gcc
configure:1908: result: gcc
configure:2137: checking for C compiler version
configure:2146: gcc --version >&5
gcc (GCC) 8.3.1 20191121 (Red Hat 8.3.1-5)
Copyright (C) 2018 Free Software Foundation, Inc.
This is free software; see the source for copying conditions.  There is NO
warranty; not even for MERCHANTABILITY or FITNESS FOR A PARTICULAR PURPOSE.

configure:2157: $? = 0
configure:2146: gcc -v >&5
Using built-in specs.
COLLECT_GCC=gcc
COLLECT_LTO_WRAPPER=/usr/libexec/gcc/x86_64-redhat-linux/8/lto-wrapper
OFFLOAD_TARGET_NAMES=nvptx-none
OFFLOAD_TARGET_DEFAULT=1
Target: x86_64-redhat-linux
Configured with: ../configure --enable-bootstrap --enable-languages=c,c++,fortran,lto --prefix=/usr --mandir=/usr/share/man --infodir=/usr/share/info --with-bugurl=http://bugzilla.redhat.com/bugzilla --enable-shared --enable-threads=posix --enable-checking=release --enable-multilib --with-system-zlib --enable-__cxa_atexit --disable-libunwind-exceptions --enable-gnu-unique-object --enable-linker-build-id --with-gcc-major-version-only --with-linker-hash-style=gnu --enable-plugin --enable-initfini-array --with-isl --disable-libmpx --enable-offload-targets=nvptx-none --without-cuda-driver --enable-gnu-indirect-function --enable-cet --with-tune=generic --with-arch_32=x86-64 --build=x86_64-redhat-linux
Thread model: posix
gcc version 8.3.1 20191121 (Red Hat 8.3.1-5) (GCC) 
configure:2157: $? = 0
configure:2146: gcc -V >&5
gcc: error: unrecognized command line option '-V'
gcc: fatal error: no input files
compilation terminated.
configure:2157: $? = 1
configure:2146: gcc -qversion >&5
gcc: error: unrecognized command line option '-qversion'; did you mean '--version'?
gcc: fatal error: no input files
compilation terminated.
configure:2157: $? = 1
configure:2177: checking whether the C compiler works
configure:2199: gcc    conftest.c  >&5
configure:2203: $? = 0
configure:2251: result: yes
configure:2254: checking for C compiler default output file name
configure:2256: result: a.out
configure:2262: checking for suffix of executables
configure:2269: gcc -o conftest    conftest.c  >&5
configure:2273: $? = 0
configure:2295: result: 
configure:2317: checking whether we are cross compiling
configure:2325: gcc -o conftest    conftest.c  >&5
configure:2329: $? = 0
configure:2336: ./conftest
configure:2340: $? = 0
configure:2355: result: no
configure:2360: checking for suffix of object files
configure:2382: gcc -c   conftest.c >&5
configure:2386: $? = 0
configure:2407: result: o
configure:2411: checking whether we are using the GNU C compiler
configure:2430: gcc -c   conftest.c >&5
configure:2430: $? = 0
configure:2439: result: yes
configure:2448: checking whether gcc accepts -g
configure:2468: gcc -c -g  conftest.c >&5
configure:2468: $? = 0
configure:2509: result: yes
configure:2526: checking for gcc option to accept ISO C89
configure:2589: gcc  -c -g -O2  conftest.c >&5
configure:2589: $? = 0
configure:2602: result: none needed
configure:2627: checking how to run the C preprocessor
configure:2658: gcc -E  conftest.c
configure:2658: $? = 0
configure:2672: gcc -E  conftest.c
conftest.c:9:10: fatal error: ac_nonexistent.h: No such file or directory
 #include <ac_nonexistent.h>
          ^~~~~~~~~~~~~~~~~~
compilation terminated.
configure:2672: $? = 1
configure: failed program was:
| /* confdefs.h */
| #define PACKAGE_NAME ""
| #define PACKAGE_TARNAME ""
| #define PACKAGE_VERSION ""
| #define PACKAGE_STRING ""
| #define PACKAGE_BUGREPORT ""
| #define PACKAGE_URL ""
| /* end confdefs.h.  */
| #include <ac_nonexistent.h>
configure:2697: result: gcc -E
configure:2717: gcc -E  conftest.c
configure:2717: $? = 0
configure:2731: gcc -E  conftest.c
conftest.c:9:10: fatal error: ac_nonexistent.h: No such file or directory
 #include <ac_nonexistent.h>
          ^~~~~~~~~~~~~~~~~~
compilation terminated.
configure:2731: $? = 1
configure: failed program was:
| /* confdefs.h */
| #define PACKAGE_NAME ""
| #define PACKAGE_TARNAME ""
| #define PACKAGE_VERSION ""
| #define PACKAGE_STRING ""
| #define PACKAGE_BUGREPORT ""
| #define PACKAGE_URL ""
| /* end confdefs.h.  */
| #include <ac_nonexistent.h>
configure:2908: checking for membership.h
configure:2923: gcc -c -g -O2  conftest.c >&5
conftest.c:10:16: fatal error: membership.h: No such file or directory
       #include <membership.h>
                ^~~~~~~~~~~~~~
compilation terminated.
configure:2923: $? = 1
configure: failed program was:
| /* confdefs.h */
| #define PACKAGE_NAME ""
| #define PACKAGE_TARNAME ""
| #define PACKAGE_VERSION ""
| #define PACKAGE_STRING ""
| #define PACKAGE_BUGREPORT ""
| #define PACKAGE_URL ""
| /* end confdefs.h.  */
| 
| 		    #include <membership.h>
| int
| main ()
| {
| int a = 1;
|   ;
|   return 0;
| }
configure:2933: result: no
configure:3000: checking for membership.h in /usr/local/include/
configure:3015: gcc -c -g -O2 -isystem /usr/local/include/  conftest.c >&5
conftest.c:10:16: fatal error: membership.h: No such file or directory
       #include <membership.h>
                ^~~~~~~~~~~~~~
compilation terminated.
configure:3015: $? = 1
configure: failed program was:
| /* confdefs.h */
| #define PACKAGE_NAME ""
| #define PACKAGE_TARNAME ""
| #define PACKAGE_VERSION ""
| #define PACKAGE_STRING ""
| #define PACKAGE_BUGREPORT ""
| #define PACKAGE_URL ""
| /* end confdefs.h.  */
| 
| 		    #include <membership.h>
| int
| main ()
| {
| int a = 1;
|   ;
|   return 0;
| }
configure:3025: result: no
configure:3000: checking for membership.h in /opt/include/
configure:3015: gcc -c -g -O2 -isystem /opt/include/  conftest.c >&5
conftest.c:10:16: fatal error: membership.h: No such file or directory
       #include <membership.h>
                ^~~~~~~~~~~~~~
compilation terminated.
configure:3015: $? = 1
configure: failed program was:
| /* confdefs.h */
| #define PACKAGE_NAME ""
| #define PACKAGE_TARNAME ""
| #define PACKAGE_VERSION ""
| #define PACKAGE_STRING ""
| #define PACKAGE_BUGREPORT ""
| #define PACKAGE_URL ""
| /* end confdefs.h.  */
| 
| 		    #include <membership.h>
| int
| main ()
| {
| int a = 1;
|   ;
|   return 0;
| }
configure:3025: result: no
configure:3073: checking for wbclient.h in /usr/include/samba-4.0/
configure:3089: gcc -c -g -O2 -isystem /usr/include/samba-4.0/  conftest.c >&5
conftest.c:11:16: fatal error: wbclient.h: No such file or directory
       #include <wbclient.h>
                ^~~~~~~~~~~~
compilation terminated.
configure:3089: $? = 1
configure: failed program was:
| /* confdefs.h */
| #define PACKAGE_NAME ""
| #define PACKAGE_TARNAME ""
| #define PACKAGE_VERSION ""
| #define PACKAGE_STRING ""
| #define PACKAGE_BUGREPORT ""
| #define PACKAGE_URL ""
| /* end confdefs.h.  */
| #include <stdint.h>
| 					#include <stdbool.h>
| 		    #include <wbclient.h>
| int
| main ()
| {
| int a = 1;
|   ;
|   return 0;
| }
configure:3099: result: no
configure:3145: checking for wbclient.h
configure:3161: gcc -c -g -O2  conftest.c >&5
conftest.c:11:16: fatal error: wbclient.h: No such file or directory
       #include <wbclient.h>
                ^~~~~~~~~~~~
compilation terminated.
configure:3161: $? = 1
configure: failed program was:
| /* confdefs.h */
| #define PACKAGE_NAME ""
| #define PACKAGE_TARNAME ""
| #define PACKAGE_VERSION ""
| #define PACKAGE_STRING ""
| #define PACKAGE_BUGREPORT ""
| #define PACKAGE_URL ""
| /* end confdefs.h.  */
| #include <stdint.h>
| 					#include <stdbool.h>
| 		    #include <wbclient.h>
| int
| main ()
| {
| int a = 1;
|   ;
|   return 0;
| }
configure:3171: result: no
configure:3238: checking for wbclient.h in /usr/local/include/
configure:3254: gcc -c -g -O2 -isystem /usr/local/include/  conftest.c >&5
conftest.c:11:16: fatal error: wbclient.h: No such file or directory
       #include <wbclient.h>
                ^~~~~~~~~~~~
compilation terminated.
configure:3254: $? = 1
configure: failed program was:
| /* confdefs.h */
| #define PACKAGE_NAME ""
| #define PACKAGE_TARNAME ""
| #define PACKAGE_VERSION ""
| #define PACKAGE_STRING ""
| #define PACKAGE_BUGREPORT ""
| #define PACKAGE_URL ""
| /* end confdefs.h.  */
| #include <stdint.h>
| 					#include <stdbool.h>
| 		    #include <wbclient.h>
| int
| main ()
| {
| int a = 1;
|   ;
|   return 0;
| }
configure:3264: result: no
configure:3238: checking for wbclient.h in /opt/include/
configure:3254: gcc -c -g -O2 -isystem /opt/include/  conftest.c >&5
conftest.c:11:16: fatal error: wbclient.h: No such file or directory
       #include <wbclient.h>
                ^~~~~~~~~~~~
compilation terminated.
configure:3254: $? = 1
configure: failed program was:
| /* confdefs.h */
| #define PACKAGE_NAME ""
| #define PACKAGE_TARNAME ""
| #define PACKAGE_VERSION ""
| #define PACKAGE_STRING ""
| #define PACKAGE_BUGREPORT ""
| #define PACKAGE_URL ""
| /* end confdefs.h.  */
| #include <stdint.h>
| 					#include <stdbool.h>
| 		    #include <wbclient.h>
| int
| main ()
| {
| int a = 1;
|   ;
|   return 0;
| }
configure:3264: result: no
configure:3282: WARNING: wbclient.h not found. Use --with-winbind-include-dir=<path>.
configure:3284: WARNING: silently building without support for direct authentication via winbind. requires: libwbclient
configure:3310: checking for core/ntstatus.h in /usr/include/samba-4.0/
configure:3326: gcc -c -g -O2 -isystem /usr/include/samba-4.0/  conftest.c >&5
conftest.c:11:16: fatal error: core/ntstatus.h: No such file or directory
       #include <core/ntstatus.h>
                ^~~~~~~~~~~~~~~~~
compilation terminated.
configure:3326: $? = 1
configure: failed program was:
| /* confdefs.h */
| #define PACKAGE_NAME ""
| #define PACKAGE_TARNAME ""
| #define PACKAGE_VERSION ""
| #define PACKAGE_STRING ""
| #define PACKAGE_BUGREPORT ""
| #define PACKAGE_URL ""
| /* end confdefs.h.  */
| #include <stdint.h>
| 					     #include <stdbool.h>
| 		    #include <core/ntstatus.h>
| int
| main ()
| {
| int a = 1;
|   ;
|   return 0;
| }
configure:3336: result: no
configure:3382: checking for core/ntstatus.h
configure:3398: gcc -c -g -O2  conftest.c >&5
conftest.c:11:16: fatal error: core/ntstatus.h: No such file or directory
       #include <core/ntstatus.h>
                ^~~~~~~~~~~~~~~~~
compilation terminated.
configure:3398: $? = 1
configure: failed program was:
| /* confdefs.h */
| #define PACKAGE_NAME ""
| #define PACKAGE_TARNAME ""
| #define PACKAGE_VERSION ""
| #define PACKAGE_STRING ""
| #define PACKAGE_BUGREPORT ""
| #define PACKAGE_URL ""
| /* end confdefs.h.  */
| #include <stdint.h>
| 					     #include <stdbool.h>
| 		    #include <core/ntstatus.h>
| int
| main ()
| {
| int a = 1;
|   ;
|   return 0;
| }
configure:3408: result: no
configure:3475: checking for core/ntstatus.h in /usr/local/include/
configure:3491: gcc -c -g -O2 -isystem /usr/local/include/  conftest.c >&5
conftest.c:11:16: fatal error: core/ntstatus.h: No such file or directory
       #include <core/ntstatus.h>
                ^~~~~~~~~~~~~~~~~
compilation terminated.
configure:3491: $? = 1
configure: failed program was:
| /* confdefs.h */
| #define PACKAGE_NAME ""
| #define PACKAGE_TARNAME ""
| #define PACKAGE_VERSION ""
| #define PACKAGE_STRING ""
| #define PACKAGE_BUGREPORT ""
| #define PACKAGE_URL ""
| /* end confdefs.h.  */
| #include <stdint.h>
| 					     #include <stdbool.h>
| 		    #include <core/ntstatus.h>
| int
| main ()
| {
| int a = 1;
|   ;
|   return 0;
| }
configure:3501: result: no
configure:3475: checking for core/ntstatus.h in /opt/include/
configure:3491: gcc -c -g -O2 -isystem /opt/include/  conftest.c >&5
conftest.c:11:16: fatal error: core/ntstatus.h: No such file or directory
       #include <core/ntstatus.h>
                ^~~~~~~~~~~~~~~~~
compilation terminated.
configure:3491: $? = 1
configure: failed program was:
| /* confdefs.h */
| #define PACKAGE_NAME ""
| #define PACKAGE_TARNAME ""
| #define PACKAGE_VERSION ""
| #define PACKAGE_STRING ""
| #define PACKAGE_BUGREPORT ""
| #define PACKAGE_URL ""
| /* end confdefs.h.  */
| #include <stdint.h>
| 					     #include <stdbool.h>
| 		    #include <core/ntstatus.h>
| int
| main ()
| {
| int a = 1;
|   ;
|   return 0;
| }
configure:3501: result: no
configure:3519: WARNING: core/ntstatus.h not found. Use --with-winbind-include-dir=<path>.
configure:3521: WARNING: silently building without support for direct authentication via winbind. requires: libwbclient
configure:3864: creating ./config.status

## ---------------------- ##
## Running config.status. ##
## ---------------------- ##

This file was extended by config.status, which was
generated by GNU Autoconf 2.69.  Invocation command line was

  CONFIG_FILES    = 
  CONFIG_HEADERS  = 
  CONFIG_LINKS    = 
  CONFIG_COMMANDS = 
  $ ./config.status 

on ip-172-31-12-113.ap-northeast-2.compute.internal

config.status:789: creating rlm_mschap.mk
config.status:789: creating config.h

## ---------------- ##
## Cache variables. ##
## ---------------- ##

ac_cv_c_compiler_gnu=yes
ac_cv_env_CC_set=
ac_cv_env_CC_value=
ac_cv_env_CFLAGS_set=
ac_cv_env_CFLAGS_value=
ac_cv_env_CPPFLAGS_set=
ac_cv_env_CPPFLAGS_value=
ac_cv_env_CPP_set=
ac_cv_env_CPP_value=
ac_cv_env_LDFLAGS_set=
ac_cv_env_LDFLAGS_value=
ac_cv_env_build_alias_set=
ac_cv_env_build_alias_value=
ac_cv_env_host_alias_set=
ac_cv_env_host_alias_value=
ac_cv_env_target_alias_set=
ac_cv_env_target_alias_value=
ac_cv_objext=o
ac_cv_prog_CPP='gcc -E'
ac_cv_prog_ac_ct_CC=gcc
ac_cv_prog_cc_c89=
ac_cv_prog_cc_g=yes

## ----------------- ##
## Output variables. ##
## ----------------- ##

CC='gcc'
CFLAGS='-g -O2'
CPP='gcc -E'
CPPFLAGS=''
DEFS='-DHAVE_CONFIG_H'
ECHO_C=''
ECHO_N='-n'
ECHO_T=''
EXEEXT=''
LDFLAGS=''
LIBOBJS=''
LIBS=''
LTLIBOBJS=''
OBJEXT='o'
PACKAGE_BUGREPORT=''
PACKAGE_NAME=''
PACKAGE_STRING=''
PACKAGE_TARNAME=''
PACKAGE_URL=''
PACKAGE_VERSION=''
PATH_SEPARATOR=':'
SHELL='/bin/sh'
ac_ct_CC='gcc'
bindir='${exec_prefix}/bin'
build_alias=''
datadir='${datarootdir}'
datarootdir='${prefix}/share'
docdir='${datarootdir}/doc/${PACKAGE}'
dvidir='${docdir}'
exec_prefix='${prefix}'
host_alias=''
htmldir='${docdir}'
includedir='${prefix}/include'
infodir='${datarootdir}/info'
libdir='${exec_prefix}/lib'
libexecdir='${exec_prefix}/libexec'
localedir='${datarootdir}/locale'
localstatedir='${prefix}/var'
mandir='${datarootdir}/man'
mod_cflags=''
mod_ldflags=' '
mschap_sources=''
oldincludedir='/usr/include'
pdfdir='${docdir}'
prefix='/usr/local'
program_transform_name='s,x,x,'
psdir='${docdir}'
sbindir='${exec_prefix}/sbin'
sharedstatedir='${prefix}/com'
sysconfdir='${prefix}/etc'
target_alias=''
targetname='rlm_mschap'

## ----------- ##
## confdefs.h. ##
## ----------- ##

/* confdefs.h */
#define PACKAGE_NAME ""
#define PACKAGE_TARNAME ""
#define PACKAGE_VERSION ""
#define PACKAGE_STRING ""
#define PACKAGE_BUGREPORT ""
#define PACKAGE_URL ""

configure: exit 0
