This file contains any messages produced by compilers while
running configure, to aid debugging if configure makes a mistake.

It was created by configure, which was
generated by GNU Autoconf 2.69.  Invocation command line was

  $ ./configure --disable-option-checking --prefix=/usr/local --cache-file=/dev/null --srcdir=.

## --------- ##
## Platform. ##
## --------- ##

hostname = ip-172-31-12-113.ap-northeast-2.compute.internal
uname -m = x86_64
uname -r = 4.18.0-193.el8.x86_64
uname -s = Linux
uname -v = #1 SMP Fri Mar 27 14:35:58 UTC 2020

/usr/bin/uname -p = x86_64
/bin/uname -X     = unknown

/bin/arch              = x86_64
/usr/bin/arch -k       = unknown
/usr/convex/getsysinfo = unknown
/usr/bin/hostinfo      = unknown
/bin/machine           = unknown
/usr/bin/oslevel       = unknown
/bin/universe          = unknown

PATH: /root/.vscode-server/bin/58bb7b2331731bf72587010e943852e13e6fd3cf/bin
PATH: /root/.vscode-server/bin/58bb7b2331731bf72587010e943852e13e6fd3cf/bin
PATH: /usr/local/sbin
PATH: /usr/local/bin
PATH: /usr/sbin
PATH: /usr/bin
PATH: /usr/local/berkeleydb/bin
PATH: /usr/local/openldap/bin
PATH: /usr/local/openldap/sbin
PATH: /usr/local/berkeleydb/bin
PATH: /usr/local/openldap/bin
PATH: /usr/local/openldap/sbin
PATH: /root/bin
PATH: /usr/local/berkeleydb/bin
PATH: /usr/local/openldap/bin
PATH: /usr/local/openldap/sbin


## ----------- ##
## Core tests. ##
## ----------- ##

configure:2017: checking for gcc
configure:2033: found /usr/bin/gcc
configure:2044: result: gcc
configure:2273: checking for C compiler version
configure:2282: gcc --version >&5
gcc (GCC) 8.3.1 20191121 (Red Hat 8.3.1-5)
Copyright (C) 2018 Free Software Foundation, Inc.
This is free software; see the source for copying conditions.  There is NO
warranty; not even for MERCHANTABILITY or FITNESS FOR A PARTICULAR PURPOSE.

configure:2293: $? = 0
configure:2282: gcc -v >&5
Using built-in specs.
COLLECT_GCC=gcc
COLLECT_LTO_WRAPPER=/usr/libexec/gcc/x86_64-redhat-linux/8/lto-wrapper
OFFLOAD_TARGET_NAMES=nvptx-none
OFFLOAD_TARGET_DEFAULT=1
Target: x86_64-redhat-linux
Configured with: ../configure --enable-bootstrap --enable-languages=c,c++,fortran,lto --prefix=/usr --mandir=/usr/share/man --infodir=/usr/share/info --with-bugurl=http://bugzilla.redhat.com/bugzilla --enable-shared --enable-threads=posix --enable-checking=release --enable-multilib --with-system-zlib --enable-__cxa_atexit --disable-libunwind-exceptions --enable-gnu-unique-object --enable-linker-build-id --with-gcc-major-version-only --with-linker-hash-style=gnu --enable-plugin --enable-initfini-array --with-isl --disable-libmpx --enable-offload-targets=nvptx-none --without-cuda-driver --enable-gnu-indirect-function --enable-cet --with-tune=generic --with-arch_32=x86-64 --build=x86_64-redhat-linux
Thread model: posix
gcc version 8.3.1 20191121 (Red Hat 8.3.1-5) (GCC) 
configure:2293: $? = 0
configure:2282: gcc -V >&5
gcc: error: unrecognized command line option '-V'
gcc: fatal error: no input files
compilation terminated.
configure:2293: $? = 1
configure:2282: gcc -qversion >&5
gcc: error: unrecognized command line option '-qversion'; did you mean '--version'?
gcc: fatal error: no input files
compilation terminated.
configure:2293: $? = 1
configure:2313: checking whether the C compiler works
configure:2335: gcc    conftest.c  >&5
configure:2339: $? = 0
configure:2387: result: yes
configure:2390: checking for C compiler default output file name
configure:2392: result: a.out
configure:2398: checking for suffix of executables
configure:2405: gcc -o conftest    conftest.c  >&5
configure:2409: $? = 0
configure:2431: result: 
configure:2453: checking whether we are cross compiling
configure:2461: gcc -o conftest    conftest.c  >&5
configure:2465: $? = 0
configure:2472: ./conftest
configure:2476: $? = 0
configure:2491: result: no
configure:2496: checking for suffix of object files
configure:2518: gcc -c   conftest.c >&5
configure:2522: $? = 0
configure:2543: result: o
configure:2547: checking whether we are using the GNU C compiler
configure:2566: gcc -c   conftest.c >&5
configure:2566: $? = 0
configure:2575: result: yes
configure:2584: checking whether gcc accepts -g
configure:2604: gcc -c -g  conftest.c >&5
configure:2604: $? = 0
configure:2645: result: yes
configure:2662: checking for gcc option to accept ISO C89
configure:2725: gcc  -c -g -O2  conftest.c >&5
configure:2725: $? = 0
configure:2738: result: none needed
configure:2810: checking for sqlite3_open in -lsqlite3
configure:2824: gcc -o conftest -g -O2   conftest.c -lsqlite3  >&5
configure:2824: $? = 0
configure:2827: result: yes
configure:2952: checking for sqlite3_prepare_v2
configure:2952: gcc -o conftest -g -O2    -lsqlite3  conftest.c  -lsqlite3  >&5
configure:2952: $? = 0
configure:2952: result: yes
configure:2952: checking for sqlite3_open_v2
configure:2952: gcc -o conftest -g -O2    -lsqlite3  conftest.c  -lsqlite3  >&5
configure:2952: $? = 0
configure:2952: result: yes
configure:2952: checking for sqlite3_create_function_v2
configure:2952: gcc -o conftest -g -O2    -lsqlite3  conftest.c  -lsqlite3  >&5
configure:2952: $? = 0
configure:2952: result: yes
configure:2952: checking for sqlite3_errstr
configure:2952: gcc -o conftest -g -O2    -lsqlite3  conftest.c  -lsqlite3  >&5
configure:2952: $? = 0
configure:2952: result: yes
configure:2952: checking for sqlite3_extended_result_codes
configure:2952: gcc -o conftest -g -O2    -lsqlite3  conftest.c  -lsqlite3  >&5
configure:2952: $? = 0
configure:2952: result: yes
configure:3057: checking for sqlite3.h
configure:3072: gcc -c -g -O2  conftest.c >&5
configure:3072: $? = 0
configure:3075: result: yes
configure:3197: checking for sqlite3_int64
configure:3197: gcc -c       conftest.c >&5
configure:3197: $? = 0
configure:3197: gcc -c       conftest.c >&5
conftest.c: In function 'main':
conftest.c:19:28: error: expected expression before ')' token
 if (sizeof ((sqlite3_int64)))
                            ^
configure:3197: $? = 1
configure: failed program was:
| /* confdefs.h */
| #define PACKAGE_NAME ""
| #define PACKAGE_TARNAME ""
| #define PACKAGE_VERSION ""
| #define PACKAGE_STRING ""
| #define PACKAGE_BUGREPORT ""
| #define PACKAGE_URL ""
| #define HAVE_SQLITE3_PREPARE_V2 1
| #define HAVE_SQLITE3_OPEN_V2 1
| #define HAVE_SQLITE3_CREATE_FUNCTION_V2 1
| #define HAVE_SQLITE3_ERRSTR 1
| #define HAVE_SQLITE3_EXTENDED_RESULT_CODES 1
| /* end confdefs.h.  */
| #include <sqlite3.h>
| 
| int
| main ()
| {
| if (sizeof ((sqlite3_int64)))
| 	    return 0;
|   ;
|   return 0;
| }
configure:3197: result: yes
configure:3356: creating ./config.status

## ---------------------- ##
## Running config.status. ##
## ---------------------- ##

This file was extended by config.status, which was
generated by GNU Autoconf 2.69.  Invocation command line was

  CONFIG_FILES    = 
  CONFIG_HEADERS  = 
  CONFIG_LINKS    = 
  CONFIG_COMMANDS = 
  $ ./config.status 

on ip-172-31-12-113.ap-northeast-2.compute.internal

config.status:793: creating all.mk
config.status:793: creating config.h

## ---------------- ##
## Cache variables. ##
## ---------------- ##

ac_cv_c_compiler_gnu=yes
ac_cv_env_CC_set=
ac_cv_env_CC_value=
ac_cv_env_CFLAGS_set=
ac_cv_env_CFLAGS_value=
ac_cv_env_CPPFLAGS_set=
ac_cv_env_CPPFLAGS_value=
ac_cv_env_LDFLAGS_set=
ac_cv_env_LDFLAGS_value=
ac_cv_env_build_alias_set=
ac_cv_env_build_alias_value=
ac_cv_env_host_alias_set=
ac_cv_env_host_alias_value=
ac_cv_env_target_alias_set=
ac_cv_env_target_alias_value=
ac_cv_func_sqlite3_create_function_v2=yes
ac_cv_func_sqlite3_errstr=yes
ac_cv_func_sqlite3_extended_result_codes=yes
ac_cv_func_sqlite3_open_v2=yes
ac_cv_func_sqlite3_prepare_v2=yes
ac_cv_header_sqlite3_h=yes
ac_cv_lib_sqlite3_sqlite3_open=yes
ac_cv_objext=o
ac_cv_prog_ac_ct_CC=gcc
ac_cv_prog_cc_c89=
ac_cv_prog_cc_g=yes
ac_cv_type_sqlite3_int64=yes

## ----------------- ##
## Output variables. ##
## ----------------- ##

CC='gcc'
CFLAGS='  '
CPPFLAGS='  '
DEFS='-DHAVE_CONFIG_H'
ECHO_C=''
ECHO_N='-n'
ECHO_T=''
EXEEXT=''
LDFLAGS='  -lsqlite3 '
LIBOBJS=''
LIBS=' -lsqlite3 '
LTLIBOBJS=''
OBJEXT='o'
PACKAGE_BUGREPORT=''
PACKAGE_NAME=''
PACKAGE_STRING=''
PACKAGE_TARNAME=''
PACKAGE_URL=''
PACKAGE_VERSION=''
PATH_SEPARATOR=':'
SHELL='/bin/sh'
ac_ct_CC='gcc'
bindir='${exec_prefix}/bin'
build_alias=''
datadir='${datarootdir}'
datarootdir='${prefix}/share'
docdir='${datarootdir}/doc/${PACKAGE}'
dvidir='${docdir}'
exec_prefix='${prefix}'
host_alias=''
htmldir='${docdir}'
includedir='${prefix}/include'
infodir='${datarootdir}/info'
libdir='${exec_prefix}/lib'
libexecdir='${exec_prefix}/libexec'
localedir='${datarootdir}/locale'
localstatedir='${prefix}/var'
mandir='${datarootdir}/man'
mod_cflags='  '
mod_ldflags=' -lsqlite3 '
oldincludedir='/usr/include'
pdfdir='${docdir}'
prefix='/usr/local'
program_transform_name='s,x,x,'
psdir='${docdir}'
sbindir='${exec_prefix}/sbin'
sharedstatedir='${prefix}/com'
sysconfdir='${prefix}/etc'
target_alias=''
targetname='rlm_sql_sqlite'

## ----------- ##
## confdefs.h. ##
## ----------- ##

/* confdefs.h */
#define PACKAGE_NAME ""
#define PACKAGE_TARNAME ""
#define PACKAGE_VERSION ""
#define PACKAGE_STRING ""
#define PACKAGE_BUGREPORT ""
#define PACKAGE_URL ""
#define HAVE_SQLITE3_PREPARE_V2 1
#define HAVE_SQLITE3_OPEN_V2 1
#define HAVE_SQLITE3_CREATE_FUNCTION_V2 1
#define HAVE_SQLITE3_ERRSTR 1
#define HAVE_SQLITE3_EXTENDED_RESULT_CODES 1
#define HAVE_SQLITE3_INT64 1

configure: exit 0
