This file contains any messages produced by compilers while
running configure, to aid debugging if configure makes a mistake.

It was created by configure, which was
generated by GNU Autoconf 2.69.  Invocation command line was

  $ ./configure --disable-option-checking --prefix=/usr/local --cache-file=/dev/null --srcdir=.

## --------- ##
## Platform. ##
## --------- ##

hostname = ip-172-31-12-113.ap-northeast-2.compute.internal
uname -m = x86_64
uname -r = 4.18.0-193.el8.x86_64
uname -s = Linux
uname -v = #1 SMP Fri Mar 27 14:35:58 UTC 2020

/usr/bin/uname -p = x86_64
/bin/uname -X     = unknown

/bin/arch              = x86_64
/usr/bin/arch -k       = unknown
/usr/convex/getsysinfo = unknown
/usr/bin/hostinfo      = unknown
/bin/machine           = unknown
/usr/bin/oslevel       = unknown
/bin/universe          = unknown

PATH: /root/.vscode-server/bin/58bb7b2331731bf72587010e943852e13e6fd3cf/bin
PATH: /root/.vscode-server/bin/58bb7b2331731bf72587010e943852e13e6fd3cf/bin
PATH: /usr/local/sbin
PATH: /usr/local/bin
PATH: /usr/sbin
PATH: /usr/bin
PATH: /usr/local/berkeleydb/bin
PATH: /usr/local/openldap/bin
PATH: /usr/local/openldap/sbin
PATH: /usr/local/berkeleydb/bin
PATH: /usr/local/openldap/bin
PATH: /usr/local/openldap/sbin
PATH: /root/bin
PATH: /usr/local/berkeleydb/bin
PATH: /usr/local/openldap/bin
PATH: /usr/local/openldap/sbin


## ----------- ##
## Core tests. ##
## ----------- ##

configure:1955: checking for gcc
configure:1971: found /usr/bin/gcc
configure:1982: result: gcc
configure:2211: checking for C compiler version
configure:2220: gcc --version >&5
gcc (GCC) 8.3.1 20191121 (Red Hat 8.3.1-5)
Copyright (C) 2018 Free Software Foundation, Inc.
This is free software; see the source for copying conditions.  There is NO
warranty; not even for MERCHANTABILITY or FITNESS FOR A PARTICULAR PURPOSE.

configure:2231: $? = 0
configure:2220: gcc -v >&5
Using built-in specs.
COLLECT_GCC=gcc
COLLECT_LTO_WRAPPER=/usr/libexec/gcc/x86_64-redhat-linux/8/lto-wrapper
OFFLOAD_TARGET_NAMES=nvptx-none
OFFLOAD_TARGET_DEFAULT=1
Target: x86_64-redhat-linux
Configured with: ../configure --enable-bootstrap --enable-languages=c,c++,fortran,lto --prefix=/usr --mandir=/usr/share/man --infodir=/usr/share/info --with-bugurl=http://bugzilla.redhat.com/bugzilla --enable-shared --enable-threads=posix --enable-checking=release --enable-multilib --with-system-zlib --enable-__cxa_atexit --disable-libunwind-exceptions --enable-gnu-unique-object --enable-linker-build-id --with-gcc-major-version-only --with-linker-hash-style=gnu --enable-plugin --enable-initfini-array --with-isl --disable-libmpx --enable-offload-targets=nvptx-none --without-cuda-driver --enable-gnu-indirect-function --enable-cet --with-tune=generic --with-arch_32=x86-64 --build=x86_64-redhat-linux
Thread model: posix
gcc version 8.3.1 20191121 (Red Hat 8.3.1-5) (GCC) 
configure:2231: $? = 0
configure:2220: gcc -V >&5
gcc: error: unrecognized command line option '-V'
gcc: fatal error: no input files
compilation terminated.
configure:2231: $? = 1
configure:2220: gcc -qversion >&5
gcc: error: unrecognized command line option '-qversion'; did you mean '--version'?
gcc: fatal error: no input files
compilation terminated.
configure:2231: $? = 1
configure:2251: checking whether the C compiler works
configure:2273: gcc    conftest.c  >&5
configure:2277: $? = 0
configure:2325: result: yes
configure:2328: checking for C compiler default output file name
configure:2330: result: a.out
configure:2336: checking for suffix of executables
configure:2343: gcc -o conftest    conftest.c  >&5
configure:2347: $? = 0
configure:2369: result: 
configure:2391: checking whether we are cross compiling
configure:2399: gcc -o conftest    conftest.c  >&5
configure:2403: $? = 0
configure:2410: ./conftest
configure:2414: $? = 0
configure:2429: result: no
configure:2434: checking for suffix of object files
configure:2456: gcc -c   conftest.c >&5
configure:2460: $? = 0
configure:2481: result: o
configure:2485: checking whether we are using the GNU C compiler
configure:2504: gcc -c   conftest.c >&5
configure:2504: $? = 0
configure:2513: result: yes
configure:2522: checking whether gcc accepts -g
configure:2542: gcc -c -g  conftest.c >&5
configure:2542: $? = 0
configure:2583: result: yes
configure:2600: checking for gcc option to accept ISO C89
configure:2663: gcc  -c -g -O2  conftest.c >&5
configure:2663: $? = 0
configure:2676: result: none needed
configure:2789: checking for yubikey.h
configure:2804: gcc -c -g -O2  conftest.c >&5
conftest.c:10:16: fatal error: yubikey.h: No such file or directory
       #include <yubikey.h>
                ^~~~~~~~~~~
compilation terminated.
configure:2804: $? = 1
configure: failed program was:
| /* confdefs.h */
| #define PACKAGE_NAME ""
| #define PACKAGE_TARNAME ""
| #define PACKAGE_VERSION ""
| #define PACKAGE_STRING ""
| #define PACKAGE_BUGREPORT ""
| #define PACKAGE_URL ""
| /* end confdefs.h.  */
| 
| 		    #include <yubikey.h>
| int
| main ()
| {
| int a = 1;
|   ;
|   return 0;
| }
configure:2814: result: no
configure:2881: checking for yubikey.h in /usr/local/include/
configure:2896: gcc -c -g -O2 -isystem /usr/local/include/  conftest.c >&5
conftest.c:10:16: fatal error: yubikey.h: No such file or directory
       #include <yubikey.h>
                ^~~~~~~~~~~
compilation terminated.
configure:2896: $? = 1
configure: failed program was:
| /* confdefs.h */
| #define PACKAGE_NAME ""
| #define PACKAGE_TARNAME ""
| #define PACKAGE_VERSION ""
| #define PACKAGE_STRING ""
| #define PACKAGE_BUGREPORT ""
| #define PACKAGE_URL ""
| /* end confdefs.h.  */
| 
| 		    #include <yubikey.h>
| int
| main ()
| {
| int a = 1;
|   ;
|   return 0;
| }
configure:2906: result: no
configure:2881: checking for yubikey.h in /opt/include/
configure:2896: gcc -c -g -O2 -isystem /opt/include/  conftest.c >&5
conftest.c:10:16: fatal error: yubikey.h: No such file or directory
       #include <yubikey.h>
                ^~~~~~~~~~~
compilation terminated.
configure:2896: $? = 1
configure: failed program was:
| /* confdefs.h */
| #define PACKAGE_NAME ""
| #define PACKAGE_TARNAME ""
| #define PACKAGE_VERSION ""
| #define PACKAGE_STRING ""
| #define PACKAGE_BUGREPORT ""
| #define PACKAGE_URL ""
| /* end confdefs.h.  */
| 
| 		    #include <yubikey.h>
| int
| main ()
| {
| int a = 1;
|   ;
|   return 0;
| }
configure:2906: result: no
configure:2925: WARNING: yubikey headers not found. Use --with-yubikey-include-dir=<path>.
configure:2979: checking for yubikey_aes_decrypt in -lyubikey
configure:2993: gcc -o conftest -g -O2   conftest.c -lyubikey  >&5
/usr/bin/ld: cannot find -lyubikey
collect2: error: ld returned 1 exit status
configure:2993: $? = 1
configure: failed program was:
| /* confdefs.h */
| #define PACKAGE_NAME ""
| #define PACKAGE_TARNAME ""
| #define PACKAGE_VERSION ""
| #define PACKAGE_STRING ""
| #define PACKAGE_BUGREPORT ""
| #define PACKAGE_URL ""
| /* end confdefs.h.  */
| extern char yubikey_aes_decrypt();
| int
| main ()
| {
| yubikey_aes_decrypt()
|   ;
|   return 0;
| }
configure:3000: result: no
configure:3065: checking for yubikey_aes_decrypt in -lyubikey in /usr/local/lib
configure:3080: gcc -o conftest -g -O2 -L/usr/local/lib -Wl,-rpath,/usr/local/lib   conftest.c -lyubikey  >&5
/usr/bin/ld: cannot find -lyubikey
collect2: error: ld returned 1 exit status
configure:3080: $? = 1
configure: failed program was:
| /* confdefs.h */
| #define PACKAGE_NAME ""
| #define PACKAGE_TARNAME ""
| #define PACKAGE_VERSION ""
| #define PACKAGE_STRING ""
| #define PACKAGE_BUGREPORT ""
| #define PACKAGE_URL ""
| /* end confdefs.h.  */
| extern char yubikey_aes_decrypt();
| int
| main ()
| {
| yubikey_aes_decrypt()
|   ;
|   return 0;
| }
configure:3089: result: no
configure:3065: checking for yubikey_aes_decrypt in -lyubikey in /opt/lib
configure:3080: gcc -o conftest -g -O2 -L/opt/lib -Wl,-rpath,/opt/lib   conftest.c -lyubikey  >&5
/usr/bin/ld: cannot find -lyubikey
collect2: error: ld returned 1 exit status
configure:3080: $? = 1
configure: failed program was:
| /* confdefs.h */
| #define PACKAGE_NAME ""
| #define PACKAGE_TARNAME ""
| #define PACKAGE_VERSION ""
| #define PACKAGE_STRING ""
| #define PACKAGE_BUGREPORT ""
| #define PACKAGE_URL ""
| /* end confdefs.h.  */
| extern char yubikey_aes_decrypt();
| int
| main ()
| {
| yubikey_aes_decrypt()
|   ;
|   return 0;
| }
configure:3089: result: no
configure:3107: WARNING: yubikey libraries not found. Use --with-yubikey-lib-dir=<path>.
configure:3116: WARNING: silently building without yubikey token decryption support. requires: yubikey
configure:3215: checking for ykclient.h
configure:3230: gcc -c -g -O2  conftest.c >&5
conftest.c:10:16: fatal error: ykclient.h: No such file or directory
       #include <ykclient.h>
                ^~~~~~~~~~~~
compilation terminated.
configure:3230: $? = 1
configure: failed program was:
| /* confdefs.h */
| #define PACKAGE_NAME ""
| #define PACKAGE_TARNAME ""
| #define PACKAGE_VERSION ""
| #define PACKAGE_STRING ""
| #define PACKAGE_BUGREPORT ""
| #define PACKAGE_URL ""
| /* end confdefs.h.  */
| 
| 		    #include <ykclient.h>
| int
| main ()
| {
| int a = 1;
|   ;
|   return 0;
| }
configure:3240: result: no
configure:3307: checking for ykclient.h in /usr/local/include/
configure:3322: gcc -c -g -O2 -isystem /usr/local/include/  conftest.c >&5
conftest.c:10:16: fatal error: ykclient.h: No such file or directory
       #include <ykclient.h>
                ^~~~~~~~~~~~
compilation terminated.
configure:3322: $? = 1
configure: failed program was:
| /* confdefs.h */
| #define PACKAGE_NAME ""
| #define PACKAGE_TARNAME ""
| #define PACKAGE_VERSION ""
| #define PACKAGE_STRING ""
| #define PACKAGE_BUGREPORT ""
| #define PACKAGE_URL ""
| /* end confdefs.h.  */
| 
| 		    #include <ykclient.h>
| int
| main ()
| {
| int a = 1;
|   ;
|   return 0;
| }
configure:3332: result: no
configure:3307: checking for ykclient.h in /opt/include/
configure:3322: gcc -c -g -O2 -isystem /opt/include/  conftest.c >&5
conftest.c:10:16: fatal error: ykclient.h: No such file or directory
       #include <ykclient.h>
                ^~~~~~~~~~~~
compilation terminated.
configure:3322: $? = 1
configure: failed program was:
| /* confdefs.h */
| #define PACKAGE_NAME ""
| #define PACKAGE_TARNAME ""
| #define PACKAGE_VERSION ""
| #define PACKAGE_STRING ""
| #define PACKAGE_BUGREPORT ""
| #define PACKAGE_URL ""
| /* end confdefs.h.  */
| 
| 		    #include <ykclient.h>
| int
| main ()
| {
| int a = 1;
|   ;
|   return 0;
| }
configure:3332: result: no
configure:3351: WARNING: ykclient headers not found. Use --with-ykclient-include-dir=<path>.
configure:3405: checking for ykclient_request_process in -lykclient
configure:3419: gcc -o conftest -g -O2   conftest.c -lykclient  >&5
/usr/bin/ld: cannot find -lykclient
collect2: error: ld returned 1 exit status
configure:3419: $? = 1
configure: failed program was:
| /* confdefs.h */
| #define PACKAGE_NAME ""
| #define PACKAGE_TARNAME ""
| #define PACKAGE_VERSION ""
| #define PACKAGE_STRING ""
| #define PACKAGE_BUGREPORT ""
| #define PACKAGE_URL ""
| /* end confdefs.h.  */
| extern char ykclient_request_process();
| int
| main ()
| {
| ykclient_request_process()
|   ;
|   return 0;
| }
configure:3426: result: no
configure:3491: checking for ykclient_request_process in -lykclient in /usr/local/lib
configure:3506: gcc -o conftest -g -O2 -L/usr/local/lib -Wl,-rpath,/usr/local/lib   conftest.c -lykclient  >&5
/usr/bin/ld: cannot find -lykclient
collect2: error: ld returned 1 exit status
configure:3506: $? = 1
configure: failed program was:
| /* confdefs.h */
| #define PACKAGE_NAME ""
| #define PACKAGE_TARNAME ""
| #define PACKAGE_VERSION ""
| #define PACKAGE_STRING ""
| #define PACKAGE_BUGREPORT ""
| #define PACKAGE_URL ""
| /* end confdefs.h.  */
| extern char ykclient_request_process();
| int
| main ()
| {
| ykclient_request_process()
|   ;
|   return 0;
| }
configure:3515: result: no
configure:3491: checking for ykclient_request_process in -lykclient in /opt/lib
configure:3506: gcc -o conftest -g -O2 -L/opt/lib -Wl,-rpath,/opt/lib   conftest.c -lykclient  >&5
/usr/bin/ld: cannot find -lykclient
collect2: error: ld returned 1 exit status
configure:3506: $? = 1
configure: failed program was:
| /* confdefs.h */
| #define PACKAGE_NAME ""
| #define PACKAGE_TARNAME ""
| #define PACKAGE_VERSION ""
| #define PACKAGE_STRING ""
| #define PACKAGE_BUGREPORT ""
| #define PACKAGE_URL ""
| /* end confdefs.h.  */
| extern char ykclient_request_process();
| int
| main ()
| {
| ykclient_request_process()
|   ;
|   return 0;
| }
configure:3515: result: no
configure:3581: checking for ykclient_request in -lykclient
configure:3595: gcc -o conftest -g -O2   conftest.c -lykclient  >&5
/usr/bin/ld: cannot find -lykclient
collect2: error: ld returned 1 exit status
configure:3595: $? = 1
configure: failed program was:
| /* confdefs.h */
| #define PACKAGE_NAME ""
| #define PACKAGE_TARNAME ""
| #define PACKAGE_VERSION ""
| #define PACKAGE_STRING ""
| #define PACKAGE_BUGREPORT ""
| #define PACKAGE_URL ""
| /* end confdefs.h.  */
| extern char ykclient_request();
| int
| main ()
| {
| ykclient_request()
|   ;
|   return 0;
| }
configure:3602: result: no
configure:3667: checking for ykclient_request in -lykclient in /usr/local/lib
configure:3682: gcc -o conftest -g -O2 -L/usr/local/lib -Wl,-rpath,/usr/local/lib   conftest.c -lykclient  >&5
/usr/bin/ld: cannot find -lykclient
collect2: error: ld returned 1 exit status
configure:3682: $? = 1
configure: failed program was:
| /* confdefs.h */
| #define PACKAGE_NAME ""
| #define PACKAGE_TARNAME ""
| #define PACKAGE_VERSION ""
| #define PACKAGE_STRING ""
| #define PACKAGE_BUGREPORT ""
| #define PACKAGE_URL ""
| /* end confdefs.h.  */
| extern char ykclient_request();
| int
| main ()
| {
| ykclient_request()
|   ;
|   return 0;
| }
configure:3691: result: no
configure:3667: checking for ykclient_request in -lykclient in /opt/lib
configure:3682: gcc -o conftest -g -O2 -L/opt/lib -Wl,-rpath,/opt/lib   conftest.c -lykclient  >&5
/usr/bin/ld: cannot find -lykclient
collect2: error: ld returned 1 exit status
configure:3682: $? = 1
configure: failed program was:
| /* confdefs.h */
| #define PACKAGE_NAME ""
| #define PACKAGE_TARNAME ""
| #define PACKAGE_VERSION ""
| #define PACKAGE_STRING ""
| #define PACKAGE_BUGREPORT ""
| #define PACKAGE_URL ""
| /* end confdefs.h.  */
| extern char ykclient_request();
| int
| main ()
| {
| ykclient_request()
|   ;
|   return 0;
| }
configure:3691: result: no
configure:3711: WARNING: ykclient libraries not found. Use --with-ykclient-lib-dir=<path>.
configure:3721: WARNING: silently building without yubicloud support. requires: ykclient
configure:3871: creating ./config.status

## ---------------------- ##
## Running config.status. ##
## ---------------------- ##

This file was extended by config.status, which was
generated by GNU Autoconf 2.69.  Invocation command line was

  CONFIG_FILES    = 
  CONFIG_HEADERS  = 
  CONFIG_LINKS    = 
  CONFIG_COMMANDS = 
  $ ./config.status 

on ip-172-31-12-113.ap-northeast-2.compute.internal

config.status:787: creating all.mk
config.status:787: creating config.h

## ---------------- ##
## Cache variables. ##
## ---------------- ##

ac_cv_c_compiler_gnu=yes
ac_cv_env_CC_set=
ac_cv_env_CC_value=
ac_cv_env_CFLAGS_set=
ac_cv_env_CFLAGS_value=
ac_cv_env_CPPFLAGS_set=
ac_cv_env_CPPFLAGS_value=
ac_cv_env_LDFLAGS_set=
ac_cv_env_LDFLAGS_value=
ac_cv_env_build_alias_set=
ac_cv_env_build_alias_value=
ac_cv_env_host_alias_set=
ac_cv_env_host_alias_value=
ac_cv_env_target_alias_set=
ac_cv_env_target_alias_value=
ac_cv_objext=o
ac_cv_prog_ac_ct_CC=gcc
ac_cv_prog_cc_c89=
ac_cv_prog_cc_g=yes

## ----------------- ##
## Output variables. ##
## ----------------- ##

CC='gcc'
CFLAGS='-g -O2'
CPPFLAGS=''
DEFS='-DHAVE_CONFIG_H'
ECHO_C=''
ECHO_N='-n'
ECHO_T=''
EXEEXT=''
LDFLAGS=''
LIBOBJS=''
LIBS=''
LTLIBOBJS=''
OBJEXT='o'
PACKAGE_BUGREPORT=''
PACKAGE_NAME=''
PACKAGE_STRING=''
PACKAGE_TARNAME=''
PACKAGE_URL=''
PACKAGE_VERSION=''
PATH_SEPARATOR=':'
SHELL='/bin/sh'
ac_ct_CC='gcc'
bindir='${exec_prefix}/bin'
build_alias=''
datadir='${datarootdir}'
datarootdir='${prefix}/share'
docdir='${datarootdir}/doc/${PACKAGE}'
dvidir='${docdir}'
exec_prefix='${prefix}'
host_alias=''
htmldir='${docdir}'
includedir='${prefix}/include'
infodir='${datarootdir}/info'
libdir='${exec_prefix}/lib'
libexecdir='${exec_prefix}/libexec'
localedir='${datarootdir}/locale'
localstatedir='${prefix}/var'
mandir='${datarootdir}/man'
mod_cflags=''
mod_ldflags=''
oldincludedir='/usr/include'
pdfdir='${docdir}'
prefix='/usr/local'
program_transform_name='s,x,x,'
psdir='${docdir}'
sbindir='${exec_prefix}/sbin'
sharedstatedir='${prefix}/com'
sysconfdir='${prefix}/etc'
target_alias=''
targetname='rlm_yubikey'

## ----------- ##
## confdefs.h. ##
## ----------- ##

/* confdefs.h */
#define PACKAGE_NAME ""
#define PACKAGE_TARNAME ""
#define PACKAGE_VERSION ""
#define PACKAGE_STRING ""
#define PACKAGE_BUGREPORT ""
#define PACKAGE_URL ""

configure: exit 0
