This file contains any messages produced by compilers while
running configure, to aid debugging if configure makes a mistake.

It was created by configure, which was
generated by GNU Autoconf 2.69.  Invocation command line was

  $ ./configure --disable-option-checking --prefix=/usr/local --cache-file=/dev/null --srcdir=.

## --------- ##
## Platform. ##
## --------- ##

hostname = ip-172-31-12-113.ap-northeast-2.compute.internal
uname -m = x86_64
uname -r = 4.18.0-193.el8.x86_64
uname -s = Linux
uname -v = #1 SMP Fri Mar 27 14:35:58 UTC 2020

/usr/bin/uname -p = x86_64
/bin/uname -X     = unknown

/bin/arch              = x86_64
/usr/bin/arch -k       = unknown
/usr/convex/getsysinfo = unknown
/usr/bin/hostinfo      = unknown
/bin/machine           = unknown
/usr/bin/oslevel       = unknown
/bin/universe          = unknown

PATH: /root/.vscode-server/bin/58bb7b2331731bf72587010e943852e13e6fd3cf/bin
PATH: /root/.vscode-server/bin/58bb7b2331731bf72587010e943852e13e6fd3cf/bin
PATH: /usr/local/sbin
PATH: /usr/local/bin
PATH: /usr/sbin
PATH: /usr/bin
PATH: /usr/local/berkeleydb/bin
PATH: /usr/local/openldap/bin
PATH: /usr/local/openldap/sbin
PATH: /usr/local/berkeleydb/bin
PATH: /usr/local/openldap/bin
PATH: /usr/local/openldap/sbin
PATH: /root/bin
PATH: /usr/local/berkeleydb/bin
PATH: /usr/local/openldap/bin
PATH: /usr/local/openldap/sbin


## ----------- ##
## Core tests. ##
## ----------- ##

configure:1906: checking for gcc
configure:1922: found /usr/bin/gcc
configure:1933: result: gcc
configure:2162: checking for C compiler version
configure:2171: gcc --version >&5
gcc (GCC) 8.3.1 20191121 (Red Hat 8.3.1-5)
Copyright (C) 2018 Free Software Foundation, Inc.
This is free software; see the source for copying conditions.  There is NO
warranty; not even for MERCHANTABILITY or FITNESS FOR A PARTICULAR PURPOSE.

configure:2182: $? = 0
configure:2171: gcc -v >&5
Using built-in specs.
COLLECT_GCC=gcc
COLLECT_LTO_WRAPPER=/usr/libexec/gcc/x86_64-redhat-linux/8/lto-wrapper
OFFLOAD_TARGET_NAMES=nvptx-none
OFFLOAD_TARGET_DEFAULT=1
Target: x86_64-redhat-linux
Configured with: ../configure --enable-bootstrap --enable-languages=c,c++,fortran,lto --prefix=/usr --mandir=/usr/share/man --infodir=/usr/share/info --with-bugurl=http://bugzilla.redhat.com/bugzilla --enable-shared --enable-threads=posix --enable-checking=release --enable-multilib --with-system-zlib --enable-__cxa_atexit --disable-libunwind-exceptions --enable-gnu-unique-object --enable-linker-build-id --with-gcc-major-version-only --with-linker-hash-style=gnu --enable-plugin --enable-initfini-array --with-isl --disable-libmpx --enable-offload-targets=nvptx-none --without-cuda-driver --enable-gnu-indirect-function --enable-cet --with-tune=generic --with-arch_32=x86-64 --build=x86_64-redhat-linux
Thread model: posix
gcc version 8.3.1 20191121 (Red Hat 8.3.1-5) (GCC) 
configure:2182: $? = 0
configure:2171: gcc -V >&5
gcc: error: unrecognized command line option '-V'
gcc: fatal error: no input files
compilation terminated.
configure:2182: $? = 1
configure:2171: gcc -qversion >&5
gcc: error: unrecognized command line option '-qversion'; did you mean '--version'?
gcc: fatal error: no input files
compilation terminated.
configure:2182: $? = 1
configure:2202: checking whether the C compiler works
configure:2224: gcc    conftest.c  >&5
configure:2228: $? = 0
configure:2276: result: yes
configure:2279: checking for C compiler default output file name
configure:2281: result: a.out
configure:2287: checking for suffix of executables
configure:2294: gcc -o conftest    conftest.c  >&5
configure:2298: $? = 0
configure:2320: result: 
configure:2342: checking whether we are cross compiling
configure:2350: gcc -o conftest    conftest.c  >&5
configure:2354: $? = 0
configure:2361: ./conftest
configure:2365: $? = 0
configure:2380: result: no
configure:2385: checking for suffix of object files
configure:2407: gcc -c   conftest.c >&5
configure:2411: $? = 0
configure:2432: result: o
configure:2436: checking whether we are using the GNU C compiler
configure:2455: gcc -c   conftest.c >&5
configure:2455: $? = 0
configure:2464: result: yes
configure:2473: checking whether gcc accepts -g
configure:2493: gcc -c -g  conftest.c >&5
configure:2493: $? = 0
configure:2534: result: yes
configure:2551: checking for gcc option to accept ISO C89
configure:2614: gcc  -c -g -O2  conftest.c >&5
configure:2614: $? = 0
configure:2627: result: none needed
configure:2708: checking for libpq-fe.h in /usr/include/postgresql/
configure:2723: gcc -c -g -O2 -isystem /usr/include/postgresql/  conftest.c >&5
configure:2723: $? = 0
configure:2726: result: yes
configure:2916: checking for PGRES_SINGLE_TUPLE
configure:2932: gcc -c -g -O2 -isystem /usr/include/postgresql/  conftest.c >&5
configure:2932: $? = 0
configure:2937: result: yes
configure:2948: checking for PGRES_COPY_BOTH
configure:2964: gcc -c -g -O2 -isystem /usr/include/postgresql/  conftest.c >&5
configure:2964: $? = 0
configure:2969: result: yes
configure:2995: checking for PQconnectdb in -lpq in /usr/lib
configure:3010: gcc -o conftest -g -O2 -L/usr/lib -Wl,-rpath,/usr/lib -isystem /usr/include/postgresql/   conftest.c -lpq  >&5
configure:3010: $? = 0
configure:3014: result: yes
configure:3165: checking for PQinitOpenSSL
configure:3165: gcc -o conftest -g -O2 -isystem /usr/include/postgresql/   conftest.c -L/usr/lib -Wl,-rpath,/usr/lib -lpq  >&5
configure:3165: $? = 0
configure:3165: result: yes
configure:3165: checking for PQinitSSL
configure:3165: gcc -o conftest -g -O2 -isystem /usr/include/postgresql/   conftest.c -L/usr/lib -Wl,-rpath,/usr/lib -lpq  >&5
configure:3165: $? = 0
configure:3165: result: yes
configure:3327: creating ./config.status

## ---------------------- ##
## Running config.status. ##
## ---------------------- ##

This file was extended by config.status, which was
generated by GNU Autoconf 2.69.  Invocation command line was

  CONFIG_FILES    = 
  CONFIG_HEADERS  = 
  CONFIG_LINKS    = 
  CONFIG_COMMANDS = 
  $ ./config.status 

on ip-172-31-12-113.ap-northeast-2.compute.internal

config.status:791: creating all.mk
config.status:791: creating config.h

## ---------------- ##
## Cache variables. ##
## ---------------- ##

ac_cv_c_compiler_gnu=yes
ac_cv_env_CC_set=
ac_cv_env_CC_value=
ac_cv_env_CFLAGS_set=
ac_cv_env_CFLAGS_value=
ac_cv_env_CPPFLAGS_set=
ac_cv_env_CPPFLAGS_value=
ac_cv_env_LDFLAGS_set=
ac_cv_env_LDFLAGS_value=
ac_cv_env_build_alias_set=
ac_cv_env_build_alias_value=
ac_cv_env_host_alias_set=
ac_cv_env_host_alias_value=
ac_cv_env_target_alias_set=
ac_cv_env_target_alias_value=
ac_cv_func_PQinitOpenSSL=yes
ac_cv_func_PQinitSSL=yes
ac_cv_header_libpqmfe_h=yes
ac_cv_lib_pq_PQconnectdb=yes
ac_cv_objext=o
ac_cv_prog_ac_ct_CC=gcc
ac_cv_prog_cc_c89=
ac_cv_prog_cc_g=yes

## ----------------- ##
## Output variables. ##
## ----------------- ##

CC='gcc'
CFLAGS='-g -O2'
CPPFLAGS='-isystem /usr/include/postgresql/ '
DEFS='-DHAVE_CONFIG_H'
ECHO_C=''
ECHO_N='-n'
ECHO_T=''
EXEEXT=''
LDFLAGS=''
LIBOBJS=''
LIBS='-L/usr/lib -Wl,-rpath,/usr/lib -lpq '
LTLIBOBJS=''
OBJEXT='o'
PACKAGE_BUGREPORT=''
PACKAGE_NAME=''
PACKAGE_STRING=''
PACKAGE_TARNAME=''
PACKAGE_URL=''
PACKAGE_VERSION=''
PATH_SEPARATOR=':'
SHELL='/bin/sh'
ac_ct_CC='gcc'
bindir='${exec_prefix}/bin'
build_alias=''
datadir='${datarootdir}'
datarootdir='${prefix}/share'
docdir='${datarootdir}/doc/${PACKAGE}'
dvidir='${docdir}'
exec_prefix='${prefix}'
host_alias=''
htmldir='${docdir}'
includedir='${prefix}/include'
infodir='${datarootdir}/info'
libdir='${exec_prefix}/lib'
libexecdir='${exec_prefix}/libexec'
localedir='${datarootdir}/locale'
localstatedir='${prefix}/var'
mandir='${datarootdir}/man'
mod_cflags='-isystem /usr/include/postgresql/ '
mod_ldflags='-L/usr/lib -Wl,-rpath,/usr/lib -lpq '
oldincludedir='/usr/include'
pdfdir='${docdir}'
prefix='/usr/local'
program_transform_name='s,x,x,'
psdir='${docdir}'
sbindir='${exec_prefix}/sbin'
sharedstatedir='${prefix}/com'
sysconfdir='${prefix}/etc'
target_alias=''
targetname='rlm_sql_postgresql'

## ----------- ##
## confdefs.h. ##
## ----------- ##

/* confdefs.h */
#define PACKAGE_NAME ""
#define PACKAGE_TARNAME ""
#define PACKAGE_VERSION ""
#define PACKAGE_STRING ""
#define PACKAGE_BUGREPORT ""
#define PACKAGE_URL ""
#define HAVE_PGRES_SINGLE_TUPLE 1
#define HAVE_PGRES_COPY_BOTH 1
#define HAVE_PQINITOPENSSL 1
#define HAVE_PQINITSSL 1

configure: exit 0
